#
# A fatal error has been detected by the Java Runtime Environment:
#
#  SIGSEGV (0xb) at pc=0x000000012d1b4d0f, pid=7064, tid=0x000000000000e423
#
# JRE version: Java(TM) SE Runtime Environment (8.0_162-b12) (build 1.8.0_162-b12)
# Java VM: Java HotSpot(TM) 64-Bit Server VM (25.162-b12 mixed mode bsd-amd64 compressed oops)
# Problematic frame:
# C  [libfreenect2-openni2.0.dylib+0x6d0f]  _ZN15Freenect2Driver6Driver10deviceOpenEPKcS2_+0xcff
#
# Failed to write core dump. Core dumps have been disabled. To enable core dumping, try "ulimit -c unlimited" before starting Java again
#
# If you would like to submit a bug report, please visit:
#   http://bugreport.java.com/bugreport/crash.jsp
# The crash happened outside the Java Virtual Machine in native code.
# See problematic frame for where to report the bug.
#

---------------  T H R E A D  ---------------

Current thread (0x00007f97e3ab0800):  JavaThread "main-FPSAWTAnimator#00-Timer0" [_thread_in_native, id=58403, stack(0x000070000c6f2000,0x000070000c7f2000)]

siginfo: si_signo: 11 (SIGSEGV), si_code: 1 (SEGV_MAPERR), si_addr: 0x0000000000000000

Registers:
RAX=0x00007f97e6e2d628, RBX=0x0000000000000000, RCX=0x0000000000000000, RDX=0x000000000005de30
RSP=0x000070000c7f0d60, RBP=0x000070000c7f0fe0, RSI=0x000000012fa0a738, RDI=0x0000000000000000
R8 =0x0000000000000003, R9 =0x00007f97e6c61270, R10=0x000007f97e15e30a, R11=0x0000000000000004
R12=0x0000000000000001, R13=0x0000000000000000, R14=0x00007f97e6e2d670, R15=0x00007f97e6e2d610
RIP=0x000000012d1b4d0f, EFLAGS=0x0000000000010206, ERR=0x0000000000000004
  TRAPNO=0x000000000000000e

Top of Stack: (sp=0x000070000c7f0d60)
0x000070000c7f0d60:   000000012d1bd860 0000000000000000
0x000070000c7f0d70:   000000012d1bd888 000000012d1bd7b8
0x000070000c7f0d80:   00007fff8a3049e0 000070000c7f0db9
0x000070000c7f0d90:   000070000c7f0dcd 000070000c7f0dcd
0x000070000c7f0da0:   000070000c7f0db9 000070000c7f0db9
0x000070000c7f0db0:   000070000c7f0dcf 6c6169726573262c
0x000070000c7f0dc0:   313436303132303d 0000003734363334
0x000070000c7f0dd0:   000070000c7f0dcd 0000000000000018
0x000070000c7f0de0:   000000012d1bd8b0 0000000000001002
0x000070000c7f0df0:   0000000000000006 0000000000000000
0x000070000c7f0e00:   0000000000000006 000070000c7f0d78
0x000070000c7f0e10:   00007fff8a3049e0 0000000000000000
0x000070000c7f0e20:   0000000000000000 0000000000000000
0x000070000c7f0e30:   0000000000000000 0000000000000000
0x000070000c7f0e40:   0000000000000000 0000000000000000
0x000070000c7f0e50:   0000000000000000 0000000000000000
0x000070000c7f0e60:   0000000000000000 0000000000000000
0x000070000c7f0e70:   fd000000ffffffff 00007f97e6e2c880
0x000070000c7f0e80:   00007f97e6e2c898 0000000000000021
0x000070000c7f0e90:   0000000000000018 00007f97e6e2d390
0x000070000c7f0ea0:   0000000000000021 0000000000000019
0x000070000c7f0eb0:   00007f97e6e2d390 0000000000000021
0x000070000c7f0ec0:   000000000000001c 00007f97e6e2d390
0x000070000c7f0ed0:   00007fff8a9fe000 00000001088cce00
0x000070000c7f0ee0:   00000001088c8000 00007f97e6e2c858
0x000070000c7f0ef0:   0000000000000031 0000000000000021
0x000070000c7f0f00:   00007f97e6e2d530 00007f97e16dc5a0
0x000070000c7f0f10:   6c61697265732628 313436303132303d
0x000070000c7f0f20:   0000003734363334 00007fff5258a1bd
0x000070000c7f0f30:   3d6c616972657326 3431343630313230
0x000070000c7f0f40:   0000000037343633 0000000000000000
0x000070000c7f0f50:   00007f97e6e2d5c0 00007f97e6e2c820 

Instructions: (pc=0x000000012d1b4d0f)
0x000000012d1b4cef:   00 00 00 00 48 8b bd a0 fe ff ff 44 89 ee e8 c4
0x000000012d1b4cff:   5f 00 00 48 89 c3 4c 89 f8 48 83 c0 18 48 89 18
0x000000012d1b4d0f:   48 8b 03 48 89 df 4c 89 f6 ff 50 48 48 8b 03 48
0x000000012d1b4d1f:   89 df 4c 89 f6 ff 50 50 bf 20 00 00 00 e8 91 60 

Register to memory mapping:

RAX=0x00007f97e6e2d628 is an unknown value
RBX=0x0000000000000000 is an unknown value
RCX=0x0000000000000000 is an unknown value
RDX=0x000000000005de30 is an unknown value
RSP=0x000070000c7f0d60 is pointing into the stack for thread: 0x00007f97e3ab0800
RBP=0x000070000c7f0fe0 is pointing into the stack for thread: 0x00007f97e3ab0800
RSI=0x000000012fa0a738: _ZTTNSt3__119basic_ostringstreamIcNS_11char_traitsIcEENS_9allocatorIcEEEE+0x8 in /Users/bsys/libfreenect2/build/lib/libfreenect2.0.2.dylib at 0x000000012f9b2000
RDI=0x0000000000000000 is an unknown value
R8 =0x0000000000000003 is an unknown value
R9 =0x00007f97e6c61270 is an unknown value
R10=0x000007f97e15e30a is an unknown value
R11=0x0000000000000004 is an unknown value
R12=0x0000000000000001 is an unknown value
R13=0x0000000000000000 is an unknown value
R14=0x00007f97e6e2d670 is an unknown value
R15=0x00007f97e6e2d610 is an unknown value


Stack: [0x000070000c6f2000,0x000070000c7f2000],  sp=0x000070000c7f0d60,  free space=1019k
Native frames: (J=compiled Java code, j=interpreted, Vv=VM code, C=native code)
C  [libfreenect2-openni2.0.dylib+0x6d0f]  _ZN15Freenect2Driver6Driver10deviceOpenEPKcS2_+0xcff
C  [libOpenNI2.dylib+0x837a]  _ZN3oni14implementation6Device4openEPKc+0x1a
C  [libSimpleOpenNI.jnilib+0x115a6]  _ZN7sOpenNI14ContextWrapper4initEi+0x46
C  [libSimpleOpenNI.jnilib+0x660f]  Java_SimpleOpenNI_SimpleOpenNIJNI_ContextWrapper_1init_1_1SWIG_10+0xf
j  SimpleOpenNI.SimpleOpenNIJNI.ContextWrapper_init__SWIG_0(JLSimpleOpenNI/ContextWrapper;I)Z+0
j  SimpleOpenNI.ContextWrapper.init(I)Z+6
j  SimpleOpenNI.SimpleOpenNI.initEnv(Lprocessing/core/PApplet;II)V+37
j  SimpleOpenNI.SimpleOpenNI.<init>(Lprocessing/core/PApplet;)V+17
j  Client_Mac.setup()V+11
j  processing.core.PApplet.handleDraw()V+81
j  processing.opengl.PSurfaceJOGL$DrawListener.display(Lcom/jogamp/opengl/GLAutoDrawable;)V+120
j  jogamp.opengl.GLDrawableHelper.displayImpl(Lcom/jogamp/opengl/GLAutoDrawable;)V+62
j  jogamp.opengl.GLDrawableHelper.display(Lcom/jogamp/opengl/GLAutoDrawable;)V+2
j  jogamp.opengl.GLAutoDrawableBase$2.run()V+59
j  jogamp.opengl.GLDrawableHelper.invokeGLImpl(Lcom/jogamp/opengl/GLDrawable;Lcom/jogamp/opengl/GLContext;Ljava/lang/Runnable;Ljava/lang/Runnable;)V+203
j  jogamp.opengl.GLDrawableHelper.invokeGL(Lcom/jogamp/opengl/GLDrawable;Lcom/jogamp/opengl/GLContext;Ljava/lang/Runnable;Ljava/lang/Runnable;)V+72
j  com.jogamp.newt.opengl.GLWindow.display()V+90
j  com.jogamp.opengl.util.AWTAnimatorImpl.display(Ljava/util/ArrayList;ZZ)V+68
j  com.jogamp.opengl.util.AnimatorBase.display()V+16
j  com.jogamp.opengl.util.FPSAnimator$MainTask.run()V+216
j  java.util.TimerThread.mainLoop()V+221
j  java.util.TimerThread.run()V+1
v  ~StubRoutines::call_stub
V  [libjvm.dylib+0x2ef6ce]
V  [libjvm.dylib+0x2efe72]
V  [libjvm.dylib+0x2f001e]
V  [libjvm.dylib+0x34a815]
V  [libjvm.dylib+0x56ed0f]
V  [libjvm.dylib+0x57040a]
V  [libjvm.dylib+0x48d672]
C  [libsystem_pthread.dylib+0x3661]  _pthread_body+0x154
C  [libsystem_pthread.dylib+0x350d]  _pthread_body+0x0
C  [libsystem_pthread.dylib+0x2bf9]  thread_start+0xd
C  0x0000000000000000

Java frames: (J=compiled Java code, j=interpreted, Vv=VM code)
j  SimpleOpenNI.SimpleOpenNIJNI.ContextWrapper_init__SWIG_0(JLSimpleOpenNI/ContextWrapper;I)Z+0
j  SimpleOpenNI.ContextWrapper.init(I)Z+6
j  SimpleOpenNI.SimpleOpenNI.initEnv(Lprocessing/core/PApplet;II)V+37
j  SimpleOpenNI.SimpleOpenNI.<init>(Lprocessing/core/PApplet;)V+17
j  Client_Mac.setup()V+11
j  processing.core.PApplet.handleDraw()V+81
j  processing.opengl.PSurfaceJOGL$DrawListener.display(Lcom/jogamp/opengl/GLAutoDrawable;)V+120
j  jogamp.opengl.GLDrawableHelper.displayImpl(Lcom/jogamp/opengl/GLAutoDrawable;)V+62
j  jogamp.opengl.GLDrawableHelper.display(Lcom/jogamp/opengl/GLAutoDrawable;)V+2
j  jogamp.opengl.GLAutoDrawableBase$2.run()V+59
j  jogamp.opengl.GLDrawableHelper.invokeGLImpl(Lcom/jogamp/opengl/GLDrawable;Lcom/jogamp/opengl/GLContext;Ljava/lang/Runnable;Ljava/lang/Runnable;)V+203
j  jogamp.opengl.GLDrawableHelper.invokeGL(Lcom/jogamp/opengl/GLDrawable;Lcom/jogamp/opengl/GLContext;Ljava/lang/Runnable;Ljava/lang/Runnable;)V+72
j  com.jogamp.newt.opengl.GLWindow.display()V+90
j  com.jogamp.opengl.util.AWTAnimatorImpl.display(Ljava/util/ArrayList;ZZ)V+68
j  com.jogamp.opengl.util.AnimatorBase.display()V+16
j  com.jogamp.opengl.util.FPSAnimator$MainTask.run()V+216
j  java.util.TimerThread.mainLoop()V+221
j  java.util.TimerThread.run()V+1
v  ~StubRoutines::call_stub

---------------  P R O C E S S  ---------------

Java Threads: ( => current thread )
  0x00007f97e422f800 JavaThread "DestroyJavaVM" [_thread_blocked, id=5891, stack(0x000070000a78c000,0x000070000a88c000)]
=>0x00007f97e3ab0800 JavaThread "main-FPSAWTAnimator#00-Timer0" [_thread_in_native, id=58403, stack(0x000070000c6f2000,0x000070000c7f2000)]
  0x00007f97e3b8b800 JavaThread "Thread-2" [_thread_blocked, id=69927, stack(0x000070000c5ef000,0x000070000c6ef000)]
  0x00007f97e1ad7000 JavaThread "main-Display-.macosx_nil-1-EDT-1" daemon [_thread_blocked, id=70151, stack(0x000070000c4ec000,0x000070000c5ec000)]
  0x00007f97e41e0000 JavaThread "AWT-EventQueue-0" [_thread_blocked, id=57091, stack(0x000070000c3e9000,0x000070000c4e9000)]
  0x00007f97e4147000 JavaThread "Java2D Disposer" daemon [_thread_blocked, id=54803, stack(0x000070000c263000,0x000070000c363000)]
  0x00007f97e2207800 JavaThread "Java2D Queue Flusher" daemon [_thread_blocked, id=51723, stack(0x000070000c160000,0x000070000c260000)]
  0x00007f97e3977000 JavaThread "AWT-Shutdown" [_thread_blocked, id=37931, stack(0x000070000bdce000,0x000070000bece000)]
  0x00007f97e2162800 JavaThread "AWT-AppKit" daemon [_thread_in_native, id=775, stack(0x00007ffee6b54000,0x00007ffee7354000)]
  0x00007f97e2040800 JavaThread "Service Thread" daemon [_thread_blocked, id=43267, stack(0x000070000bbc8000,0x000070000bcc8000)]
  0x00007f97e1814800 JavaThread "C1 CompilerThread3" daemon [_thread_blocked, id=22019, stack(0x000070000bac5000,0x000070000bbc5000)]
  0x00007f97e2054800 JavaThread "C2 CompilerThread2" daemon [_thread_blocked, id=15875, stack(0x000070000b9c2000,0x000070000bac2000)]
  0x00007f97e1813800 JavaThread "C2 CompilerThread1" daemon [_thread_blocked, id=15619, stack(0x000070000b8bf000,0x000070000b9bf000)]
  0x00007f97e381d800 JavaThread "C2 CompilerThread0" daemon [_thread_blocked, id=16643, stack(0x000070000b7bc000,0x000070000b8bc000)]
  0x00007f97e202f800 JavaThread "JDWP Command Reader" daemon [_thread_in_native, id=15363, stack(0x000070000b6b9000,0x000070000b7b9000)]
  0x00007f97e1812000 JavaThread "JDWP Event Helper Thread" daemon [_thread_blocked, id=17411, stack(0x000070000b5b6000,0x000070000b6b6000)]
  0x00007f97e1811000 JavaThread "JDWP Transport Listener: dt_socket" daemon [_thread_blocked, id=17671, stack(0x000070000b4b3000,0x000070000b5b3000)]
  0x00007f97e180e800 JavaThread "Signal Dispatcher" daemon [_thread_blocked, id=17931, stack(0x000070000b3b0000,0x000070000b4b0000)]
  0x00007f97e202c800 JavaThread "Finalizer" daemon [_thread_blocked, id=12035, stack(0x000070000b2ad000,0x000070000b3ad000)]
  0x00007f97e3800000 JavaThread "Reference Handler" daemon [_thread_blocked, id=18947, stack(0x000070000b1aa000,0x000070000b2aa000)]

Other Threads:
  0x00007f97e202a000 VMThread [stack: 0x000070000b0a7000,0x000070000b1a7000] [id=19203]
  0x00007f97e4029000 WatcherThread [stack: 0x000070000bccb000,0x000070000bdcb000] [id=22531]

VM state:not at safepoint (normal execution)

VM Mutex/Monitor currently owned by a thread: None

Heap:
 PSYoungGen      total 76288K, used 42852K [0x000000076ab00000, 0x0000000770000000, 0x00000007c0000000)
  eden space 65536K, 65% used [0x000000076ab00000,0x000000076d4d92b8,0x000000076eb00000)
  from space 10752K, 0% used [0x000000076f580000,0x000000076f580000,0x0000000770000000)
  to   space 10752K, 0% used [0x000000076eb00000,0x000000076eb00000,0x000000076f580000)
 ParOldGen       total 175104K, used 0K [0x00000006c0000000, 0x00000006cab00000, 0x000000076ab00000)
  object space 175104K, 0% used [0x00000006c0000000,0x00000006c0000000,0x00000006cab00000)
 Metaspace       used 15870K, capacity 16050K, committed 16384K, reserved 1064960K
  class space    used 1449K, capacity 1527K, committed 1536K, reserved 1048576K

Card table byte_map: [0x000000010ad6e000,0x000000010b56f000] byte_map_base: 0x000000010776e000

Marking Bits: (ParMarkBitMap*) 0x000000010a2f76c0
 Begin Bits: [0x000000011f206000, 0x0000000123206000)
 End Bits:   [0x0000000123206000, 0x0000000127206000)

Polling page: 0x0000000108931000

CodeCache: size=245760Kb used=3500Kb max_used=3500Kb free=242259Kb
 bounds [0x0000000110206000, 0x0000000110576000, 0x000000011f206000]
 total_blobs=1585 nmethods=752 adapters=755
 compilation: enabled

Compilation events (10 events):
Event: 4.248 Thread 0x00007f97e1814800  748       3       sun.awt.AWTAutoShutdown::notifyToolkitThreadBusy (8 bytes)
Event: 4.248 Thread 0x00007f97e1814800 nmethod 748 0x00000001105710d0 code [0x0000000110571240, 0x0000000110571408]
Event: 4.248 Thread 0x00007f97e1814800  749       3       sun.awt.AWTAutoShutdown::notifyToolkitThreadFree (8 bytes)
Event: 4.248 Thread 0x00007f97e1814800 nmethod 749 0x00000001105714d0 code [0x0000000110571640, 0x0000000110571808]
Event: 5.414 Thread 0x00007f97e1814800  750       1       java.util.concurrent.locks.AbstractQueuedSynchronizer::getState (5 bytes)
Event: 5.414 Thread 0x00007f97e1814800 nmethod 750 0x00000001105718d0 code [0x0000000110571a20, 0x0000000110571b30]
Event: 5.530 Thread 0x00007f97e1814800  751       3       jogamp.newt.driver.macosx.DisplayDriver::dispatchMessagesNative (1 bytes)
Event: 5.530 Thread 0x00007f97e1814800 nmethod 751 0x0000000110571b90 code [0x0000000110571ce0, 0x0000000110571e30]
Event: 6.332 Thread 0x00007f97e1814800  752       3       java.lang.Object::wait (6 bytes)
Event: 6.332 Thread 0x00007f97e1814800 nmethod 752 0x0000000110571ed0 code [0x0000000110572040, 0x0000000110572268]

GC Heap History (0 events):
No events

Deoptimization events (3 events):
Event: 0.358 Thread 0x00007f97e3801800 Uncommon trap: reason=unstable_if action=reinterpret pc=0x0000000110320a0c method=java.lang.String.hashCode()I @ 14
Event: 0.888 Thread 0x00007f97e3801800 Uncommon trap: reason=unstable_if action=reinterpret pc=0x00000001103e0f48 method=java.lang.String.indexOf([CII[CIII)I @ 3
Event: 1.438 Thread 0x00007f97e3801800 Uncommon trap: reason=unstable_if action=reinterpret pc=0x0000000110404510 method=java.lang.String.startsWith(Ljava/lang/String;I)Z @ 25

Classes redefined (0 events):
No events

Internal exceptions (10 events):
Event: 0.039 Thread 0x00007f97e3801800 Exception <a 'java/lang/NoSuchMethodError': Method sun.misc.Unsafe.prefetchRead(Ljava/lang/Object;J)V name or signature does not match> (0x000000076ab07f88) thrown at [/Users/java_re/workspace/8-2-build-macosx-x86_64/jdk8u162/10278/hotspot/src/share/vm/pr
Event: 0.397 Thread 0x00007f97e3801800 Exception <a 'java/security/PrivilegedActionException'> (0x000000076b0a0068) thrown at [/Users/java_re/workspace/8-2-build-macosx-x86_64/jdk8u162/10278/hotspot/src/share/vm/prims/jvm.cpp, line 1390]
Event: 0.397 Thread 0x00007f97e3801800 Exception <a 'java/security/PrivilegedActionException'> (0x000000076b0a0278) thrown at [/Users/java_re/workspace/8-2-build-macosx-x86_64/jdk8u162/10278/hotspot/src/share/vm/prims/jvm.cpp, line 1390]
Event: 0.397 Thread 0x00007f97e3801800 Exception <a 'java/security/PrivilegedActionException'> (0x000000076b0a3a60) thrown at [/Users/java_re/workspace/8-2-build-macosx-x86_64/jdk8u162/10278/hotspot/src/share/vm/prims/jvm.cpp, line 1390]
Event: 0.397 Thread 0x00007f97e3801800 Exception <a 'java/security/PrivilegedActionException'> (0x000000076b0a3c70) thrown at [/Users/java_re/workspace/8-2-build-macosx-x86_64/jdk8u162/10278/hotspot/src/share/vm/prims/jvm.cpp, line 1390]
Event: 0.461 Thread 0x00007f97e3801800 Exception <a 'java/lang/NoSuchFieldError': method resolution failed> (0x000000076b3e85b0) thrown at [/Users/java_re/workspace/8-2-build-macosx-x86_64/jdk8u162/10278/hotspot/src/share/vm/prims/methodHandles.cpp, line 1167]
Event: 0.462 Thread 0x00007f97e3801800 Exception <a 'java/lang/NoSuchFieldError': method resolution failed> (0x000000076b3f5d00) thrown at [/Users/java_re/workspace/8-2-build-macosx-x86_64/jdk8u162/10278/hotspot/src/share/vm/prims/methodHandles.cpp, line 1167]
Event: 0.643 Thread 0x00007f97e3801800 Exception <a 'java/io/FileNotFoundException'> (0x000000076b4717c0) thrown at [/Users/java_re/workspace/8-2-build-macosx-x86_64/jdk8u162/10278/hotspot/src/share/vm/prims/jni.cpp, line 709]
Event: 0.643 Thread 0x00007f97e3801800 Exception <a 'java/io/FileNotFoundException'> (0x000000076b4723a8) thrown at [/Users/java_re/workspace/8-2-build-macosx-x86_64/jdk8u162/10278/hotspot/src/share/vm/prims/jni.cpp, line 709]
Event: 0.955 Thread 0x00007f97e3801800 Exception <a 'java/lang/UnsatisfiedLinkError': com.jogamp.common.util.JarUtil.fixNativeLibAttribs(Ljava/lang/String;)Z> (0x000000076bbfc0c0) thrown at [/Users/java_re/workspace/8-2-build-macosx-x86_64/jdk8u162/10278/hotspot/src/share/vm/prims/nativeLookup

Events (10 events):
Event: 2.569 loading class processing/net/Client
Event: 2.569 loading class processing/net/Client done
Event: 2.569 Thread 0x00007f97e3ab0800 DEOPT PACKING pc=0x000000011041a0f1 sp=0x000070000c7effb0
Event: 2.569 Thread 0x00007f97e3ab0800 DEOPT UNPACKING pc=0x000000011024d784 sp=0x000070000c7efd20 mode 1
Event: 2.569 Thread 0x00007f97e3ab0800 DEOPT PACKING pc=0x0000000110375754 sp=0x000070000c7f0030
Event: 2.569 Thread 0x00007f97e3ab0800 DEOPT UNPACKING pc=0x000000011024d784 sp=0x000070000c7efe70 mode 1
Event: 2.569 Thread 0x00007f97e3ab0800 DEOPT PACKING pc=0x00000001103754f4 sp=0x000070000c7f01c0
Event: 2.569 Thread 0x00007f97e3ab0800 DEOPT UNPACKING pc=0x000000011024d784 sp=0x000070000c7f0000 mode 1
Event: 4.365 Executing VM operation: EnableBiasedLocking
Event: 4.365 Executing VM operation: EnableBiasedLocking done


Dynamic libraries:
0x000000000252a000 	/System/Library/Frameworks/Cocoa.framework/Versions/A/Cocoa
0x000000000252a000 	/System/Library/Frameworks/Security.framework/Versions/A/Security
0x000000000252a000 	/System/Library/Frameworks/ApplicationServices.framework/Versions/A/ApplicationServices
0x000000000252a000 	/usr/lib/libz.1.dylib
0x000000000252a000 	/usr/lib/libSystem.B.dylib
0x000000000252a000 	/usr/lib/libobjc.A.dylib
0x000000000252a000 	/System/Library/Frameworks/CoreFoundation.framework/Versions/A/CoreFoundation
0x000000000252a000 	/System/Library/Frameworks/Foundation.framework/Versions/C/Foundation
0x000000000252a000 	/System/Library/Frameworks/AppKit.framework/Versions/C/AppKit
0x000000000252a000 	/System/Library/Frameworks/CoreData.framework/Versions/A/CoreData
0x000000000252a000 	/System/Library/PrivateFrameworks/RemoteViewServices.framework/Versions/A/RemoteViewServices
0x000000000252a000 	/System/Library/PrivateFrameworks/UIFoundation.framework/Versions/A/UIFoundation
0x000000000252a000 	/System/Library/PrivateFrameworks/DFRFoundation.framework/Versions/A/DFRFoundation
0x000000000252a000 	/System/Library/Frameworks/Metal.framework/Versions/A/Metal
0x000000000252a000 	/System/Library/PrivateFrameworks/DesktopServicesPriv.framework/Versions/A/DesktopServicesPriv
0x000000000252a000 	/usr/lib/libenergytrace.dylib
0x000000000252a000 	/System/Library/PrivateFrameworks/SkyLight.framework/Versions/A/SkyLight
0x000000000252a000 	/System/Library/Frameworks/CoreGraphics.framework/Versions/A/CoreGraphics
0x000000000252a000 	/usr/lib/libScreenReader.dylib
0x000000000252a000 	/System/Library/Frameworks/Accelerate.framework/Versions/A/Accelerate
0x000000000252a000 	/System/Library/Frameworks/IOSurface.framework/Versions/A/IOSurface
0x000000000252a000 	/System/Library/Frameworks/AudioToolbox.framework/Versions/A/AudioToolbox
0x000000000252a000 	/System/Library/Frameworks/AudioUnit.framework/Versions/A/AudioUnit
0x000000000252a000 	/System/Library/PrivateFrameworks/DataDetectorsCore.framework/Versions/A/DataDetectorsCore
0x000000000252a000 	/System/Library/Frameworks/Carbon.framework/Versions/A/Frameworks/HIToolbox.framework/Versions/A/HIToolbox
0x000000000252a000 	/usr/lib/libicucore.A.dylib
0x000000000252a000 	/System/Library/Frameworks/QuartzCore.framework/Versions/A/QuartzCore
0x000000000252a000 	/System/Library/PrivateFrameworks/SignpostNotification.framework/Versions/A/SignpostNotification
0x000000000252a000 	/System/Library/Frameworks/Carbon.framework/Versions/A/Frameworks/SpeechRecognition.framework/Versions/A/SpeechRecognition
0x000000000252a000 	/usr/lib/libauto.dylib
0x000000000252a000 	/usr/lib/libxml2.2.dylib
0x000000000252a000 	/System/Library/PrivateFrameworks/CoreUI.framework/Versions/A/CoreUI
0x000000000252a000 	/System/Library/Frameworks/CoreAudio.framework/Versions/A/CoreAudio
0x000000000252a000 	/System/Library/Frameworks/DiskArbitration.framework/Versions/A/DiskArbitration
0x000000000252a000 	/usr/lib/liblangid.dylib
0x000000000252a000 	/System/Library/PrivateFrameworks/MultitouchSupport.framework/Versions/A/MultitouchSupport
0x000000000252a000 	/System/Library/Frameworks/IOKit.framework/Versions/A/IOKit
0x000000000252a000 	/usr/lib/libDiagnosticMessagesClient.dylib
0x000000000252a000 	/System/Library/Frameworks/CoreServices.framework/Versions/A/CoreServices
0x000000000252a000 	/System/Library/PrivateFrameworks/PerformanceAnalysis.framework/Versions/A/PerformanceAnalysis
0x000000000252a000 	/System/Library/Frameworks/OpenGL.framework/Versions/A/OpenGL
0x000000000252a000 	/System/Library/Frameworks/ColorSync.framework/Versions/A/ColorSync
0x000000000252a000 	/System/Library/Frameworks/CoreImage.framework/Versions/A/CoreImage
0x000000000252a000 	/System/Library/Frameworks/CoreText.framework/Versions/A/CoreText
0x000000000252a000 	/System/Library/Frameworks/ImageIO.framework/Versions/A/ImageIO
0x000000000252a000 	/System/Library/PrivateFrameworks/Backup.framework/Versions/A/Backup
0x000000000252a000 	/usr/lib/libarchive.2.dylib
0x000000000252a000 	/System/Library/Frameworks/CFNetwork.framework/Versions/A/CFNetwork
0x000000000252a000 	/System/Library/Frameworks/SystemConfiguration.framework/Versions/A/SystemConfiguration
0x000000000252a000 	/usr/lib/libCRFSuite.dylib
0x000000000252a000 	/usr/lib/libc++.1.dylib
0x000000000252a000 	/usr/lib/libc++abi.dylib
0x000000000252a000 	/usr/lib/system/libcache.dylib
0x000000000252a000 	/usr/lib/system/libcommonCrypto.dylib
0x000000000252a000 	/usr/lib/system/libcompiler_rt.dylib
0x000000000252a000 	/usr/lib/system/libcopyfile.dylib
0x000000000252a000 	/usr/lib/system/libcorecrypto.dylib
0x000000000252a000 	/usr/lib/system/libdispatch.dylib
0x000000000252a000 	/usr/lib/system/libdyld.dylib
0x000000000252a000 	/usr/lib/system/libkeymgr.dylib
0x000000000252a000 	/usr/lib/system/liblaunch.dylib
0x000000000252a000 	/usr/lib/system/libmacho.dylib
0x000000000252a000 	/usr/lib/system/libquarantine.dylib
0x000000000252a000 	/usr/lib/system/libremovefile.dylib
0x000000000252a000 	/usr/lib/system/libsystem_asl.dylib
0x000000000252a000 	/usr/lib/system/libsystem_blocks.dylib
0x000000000252a000 	/usr/lib/system/libsystem_c.dylib
0x000000000252a000 	/usr/lib/system/libsystem_configuration.dylib
0x000000000252a000 	/usr/lib/system/libsystem_coreservices.dylib
0x000000000252a000 	/usr/lib/system/libsystem_darwin.dylib
0x000000000252a000 	/usr/lib/system/libsystem_dnssd.dylib
0x000000000252a000 	/usr/lib/system/libsystem_info.dylib
0x000000000252a000 	/usr/lib/system/libsystem_m.dylib
0x000000000252a000 	/usr/lib/system/libsystem_malloc.dylib
0x000000000252a000 	/usr/lib/system/libsystem_network.dylib
0x000000000252a000 	/usr/lib/system/libsystem_networkextension.dylib
0x000000000252a000 	/usr/lib/system/libsystem_notify.dylib
0x000000000252a000 	/usr/lib/system/libsystem_sandbox.dylib
0x000000000252a000 	/usr/lib/system/libsystem_secinit.dylib
0x000000000252a000 	/usr/lib/system/libsystem_kernel.dylib
0x000000000252a000 	/usr/lib/system/libsystem_platform.dylib
0x000000000252a000 	/usr/lib/system/libsystem_pthread.dylib
0x000000000252a000 	/usr/lib/system/libsystem_symptoms.dylib
0x000000000252a000 	/usr/lib/system/libsystem_trace.dylib
0x000000000252a000 	/usr/lib/system/libunwind.dylib
0x000000000252a000 	/usr/lib/system/libxpc.dylib
0x000000000252a000 	/usr/lib/closure/libclosured.dylib
0x000000000252a000 	/usr/lib/libbsm.0.dylib
0x000000000252a000 	/usr/lib/system/libkxld.dylib
0x000000000252a000 	/usr/lib/libOpenScriptingUtil.dylib
0x000000000252a000 	/usr/lib/libcoretls.dylib
0x000000000252a000 	/usr/lib/libcoretls_cfhelpers.dylib
0x000000000252a000 	/usr/lib/libpam.2.dylib
0x000000000252a000 	/usr/lib/libsqlite3.dylib
0x000000000252a000 	/usr/lib/libxar.1.dylib
0x000000000252a000 	/usr/lib/libbz2.1.0.dylib
0x000000000252a000 	/usr/lib/liblzma.5.dylib
0x000000000252a000 	/usr/lib/libnetwork.dylib
0x000000000252a000 	/usr/lib/libapple_nghttp2.dylib
0x000000000252a000 	/usr/lib/libpcap.A.dylib
0x000000000252a000 	/usr/lib/libboringssl.dylib
0x000000000252a000 	/usr/lib/libusrtcp.dylib
0x000000000252a000 	/usr/lib/libapple_crypto.dylib
0x000000000252a000 	/System/Library/Frameworks/CoreServices.framework/Versions/A/Frameworks/FSEvents.framework/Versions/A/FSEvents
0x000000000252a000 	/System/Library/Frameworks/CoreServices.framework/Versions/A/Frameworks/CarbonCore.framework/Versions/A/CarbonCore
0x000000000252a000 	/System/Library/Frameworks/CoreServices.framework/Versions/A/Frameworks/Metadata.framework/Versions/A/Metadata
0x000000000252a000 	/System/Library/Frameworks/CoreServices.framework/Versions/A/Frameworks/OSServices.framework/Versions/A/OSServices
0x000000000252a000 	/System/Library/Frameworks/CoreServices.framework/Versions/A/Frameworks/SearchKit.framework/Versions/A/SearchKit
0x000000000252a000 	/System/Library/Frameworks/CoreServices.framework/Versions/A/Frameworks/AE.framework/Versions/A/AE
0x000000000252a000 	/System/Library/Frameworks/CoreServices.framework/Versions/A/Frameworks/LaunchServices.framework/Versions/A/LaunchServices
0x000000000252a000 	/System/Library/Frameworks/CoreServices.framework/Versions/A/Frameworks/DictionaryServices.framework/Versions/A/DictionaryServices
0x000000000252a000 	/System/Library/Frameworks/CoreServices.framework/Versions/A/Frameworks/SharedFileList.framework/Versions/A/SharedFileList
0x000000000252a000 	/System/Library/Frameworks/NetFS.framework/Versions/A/NetFS
0x000000000252a000 	/System/Library/PrivateFrameworks/NetAuth.framework/Versions/A/NetAuth
0x000000000252a000 	/System/Library/PrivateFrameworks/login.framework/Versions/A/Frameworks/loginsupport.framework/Versions/A/loginsupport
0x000000000252a000 	/System/Library/PrivateFrameworks/TCC.framework/Versions/A/TCC
0x000000000252a000 	/usr/lib/libmecabra.dylib
0x000000000252a000 	/System/Library/Frameworks/ApplicationServices.framework/Versions/A/Frameworks/ATS.framework/Versions/A/ATS
0x000000000252a000 	/System/Library/Frameworks/ApplicationServices.framework/Versions/A/Frameworks/ColorSyncLegacy.framework/Versions/A/ColorSyncLegacy
0x000000000252a000 	/System/Library/Frameworks/ApplicationServices.framework/Versions/A/Frameworks/HIServices.framework/Versions/A/HIServices
0x000000000252a000 	/System/Library/Frameworks/ApplicationServices.framework/Versions/A/Frameworks/LangAnalysis.framework/Versions/A/LangAnalysis
0x000000000252a000 	/System/Library/Frameworks/ApplicationServices.framework/Versions/A/Frameworks/PrintCore.framework/Versions/A/PrintCore
0x000000000252a000 	/System/Library/Frameworks/ApplicationServices.framework/Versions/A/Frameworks/QD.framework/Versions/A/QD
0x000000000252a000 	/System/Library/Frameworks/ApplicationServices.framework/Versions/A/Frameworks/SpeechSynthesis.framework/Versions/A/SpeechSynthesis
0x000000000252a000 	/System/Library/Frameworks/CoreDisplay.framework/Versions/A/CoreDisplay
0x000000000252a000 	/System/Library/Frameworks/Accelerate.framework/Versions/A/Frameworks/vImage.framework/Versions/A/vImage
0x000000000252a000 	/System/Library/Frameworks/Accelerate.framework/Versions/A/Frameworks/vecLib.framework/Versions/A/vecLib
0x000000000252a000 	/System/Library/Frameworks/Accelerate.framework/Versions/A/Frameworks/vecLib.framework/Versions/A/libvDSP.dylib
0x000000000252a000 	/System/Library/Frameworks/Accelerate.framework/Versions/A/Frameworks/vecLib.framework/Versions/A/libBNNS.dylib
0x000000000252a000 	/System/Library/Frameworks/Accelerate.framework/Versions/A/Frameworks/vecLib.framework/Versions/A/libQuadrature.dylib
0x000000000252a000 	/System/Library/Frameworks/Accelerate.framework/Versions/A/Frameworks/vecLib.framework/Versions/A/libvMisc.dylib
0x000000000252a000 	/System/Library/Frameworks/Accelerate.framework/Versions/A/Frameworks/vecLib.framework/Versions/A/libLAPACK.dylib
0x000000000252a000 	/System/Library/Frameworks/Accelerate.framework/Versions/A/Frameworks/vecLib.framework/Versions/A/libBLAS.dylib
0x000000000252a000 	/System/Library/Frameworks/Accelerate.framework/Versions/A/Frameworks/vecLib.framework/Versions/A/libLinearAlgebra.dylib
0x000000000252a000 	/System/Library/Frameworks/Accelerate.framework/Versions/A/Frameworks/vecLib.framework/Versions/A/libSparse.dylib
0x000000000252a000 	/System/Library/Frameworks/Accelerate.framework/Versions/A/Frameworks/vecLib.framework/Versions/A/libSparseBLAS.dylib
0x000000000252a000 	/System/Library/PrivateFrameworks/GPUWrangler.framework/Versions/A/GPUWrangler
0x000000000252a000 	/System/Library/PrivateFrameworks/IOAccelerator.framework/Versions/A/IOAccelerator
0x000000000252a000 	/System/Library/PrivateFrameworks/IOPresentment.framework/Versions/A/IOPresentment
0x000000000252a000 	/System/Library/PrivateFrameworks/DSExternalDisplay.framework/Versions/A/DSExternalDisplay
0x000000000252a000 	/System/Library/Frameworks/OpenGL.framework/Versions/A/Libraries/libCoreFSCache.dylib
0x000000000252a000 	/System/Library/Frameworks/CoreVideo.framework/Versions/A/CoreVideo
0x000000000252a000 	/System/Library/PrivateFrameworks/GraphVisualizer.framework/Versions/A/GraphVisualizer
0x000000000252a000 	/System/Library/Frameworks/MetalPerformanceShaders.framework/Versions/A/MetalPerformanceShaders
0x000000000252a000 	/usr/lib/libFosl_dynamic.dylib
0x000000000252a000 	/System/Library/PrivateFrameworks/FaceCore.framework/Versions/A/FaceCore
0x000000000252a000 	/System/Library/Frameworks/OpenCL.framework/Versions/A/OpenCL
0x000000000252a000 	/usr/lib/libcompression.dylib
0x000000000252a000 	/System/Library/Frameworks/ApplicationServices.framework/Versions/A/Frameworks/ATS.framework/Versions/A/Resources/libFontParser.dylib
0x000000000252a000 	/System/Library/Frameworks/ApplicationServices.framework/Versions/A/Frameworks/ATS.framework/Versions/A/Resources/libFontRegistry.dylib
0x000000000252a000 	/System/Library/Frameworks/ImageIO.framework/Versions/A/Resources/libJPEG.dylib
0x000000000252a000 	/System/Library/Frameworks/ImageIO.framework/Versions/A/Resources/libTIFF.dylib
0x000000000252a000 	/System/Library/Frameworks/ImageIO.framework/Versions/A/Resources/libPng.dylib
0x000000000252a000 	/System/Library/Frameworks/ImageIO.framework/Versions/A/Resources/libGIF.dylib
0x000000000252a000 	/System/Library/Frameworks/ImageIO.framework/Versions/A/Resources/libJP2.dylib
0x000000000252a000 	/System/Library/Frameworks/ImageIO.framework/Versions/A/Resources/libRadiance.dylib
0x000000000252a000 	/System/Library/PrivateFrameworks/AppleJPEG.framework/Versions/A/AppleJPEG
0x000000000252a000 	/System/Library/Frameworks/MetalPerformanceShaders.framework/Frameworks/MPSCore.framework/Versions/A/MPSCore
0x000000000252a000 	/System/Library/Frameworks/MetalPerformanceShaders.framework/Frameworks/MPSImage.framework/Versions/A/MPSImage
0x000000000252a000 	/System/Library/Frameworks/MetalPerformanceShaders.framework/Frameworks/MPSNeuralNetwork.framework/Versions/A/MPSNeuralNetwork
0x000000000252a000 	/System/Library/Frameworks/MetalPerformanceShaders.framework/Frameworks/MPSMatrix.framework/Versions/A/MPSMatrix
0x000000000252a000 	/System/Library/PrivateFrameworks/MetalTools.framework/Versions/A/MetalTools
0x000000000252a000 	/System/Library/Frameworks/OpenGL.framework/Versions/A/Libraries/libGLU.dylib
0x000000000252a000 	/System/Library/Frameworks/OpenGL.framework/Versions/A/Libraries/libGFXShared.dylib
0x000000000252a000 	/System/Library/Frameworks/OpenGL.framework/Versions/A/Libraries/libGL.dylib
0x000000000252a000 	/System/Library/Frameworks/OpenGL.framework/Versions/A/Libraries/libGLImage.dylib
0x000000000252a000 	/System/Library/Frameworks/OpenGL.framework/Versions/A/Libraries/libCVMSPluginSupport.dylib
0x000000000252a000 	/System/Library/Frameworks/OpenGL.framework/Versions/A/Libraries/libCoreVMClient.dylib
0x000000000252a000 	/usr/lib/libcups.2.dylib
0x000000000252a000 	/System/Library/Frameworks/Kerberos.framework/Versions/A/Kerberos
0x000000000252a000 	/System/Library/Frameworks/GSS.framework/Versions/A/GSS
0x000000000252a000 	/usr/lib/libresolv.9.dylib
0x000000000252a000 	/usr/lib/libiconv.2.dylib
0x000000000252a000 	/System/Library/PrivateFrameworks/Heimdal.framework/Versions/A/Heimdal
0x000000000252a000 	/usr/lib/libheimdal-asn1.dylib
0x000000000252a000 	/System/Library/Frameworks/OpenDirectory.framework/Versions/A/OpenDirectory
0x000000000252a000 	/System/Library/PrivateFrameworks/CommonAuth.framework/Versions/A/CommonAuth
0x000000000252a000 	/System/Library/Frameworks/OpenDirectory.framework/Versions/A/Frameworks/CFOpenDirectory.framework/Versions/A/CFOpenDirectory
0x000000000252a000 	/System/Library/Frameworks/SecurityFoundation.framework/Versions/A/SecurityFoundation
0x000000000252a000 	/System/Library/PrivateFrameworks/APFS.framework/Versions/A/APFS
0x000000000252a000 	/usr/lib/libutil.dylib
0x000000000252a000 	/System/Library/PrivateFrameworks/AppleSauce.framework/Versions/A/AppleSauce
0x000000000252a000 	/System/Library/PrivateFrameworks/LinguisticData.framework/Versions/A/LinguisticData
0x000000000252a000 	/usr/lib/libmarisa.dylib
0x000000000252a000 	/System/Library/PrivateFrameworks/Lexicon.framework/Versions/A/Lexicon
0x000000000252a000 	/usr/lib/libChineseTokenizer.dylib
0x000000000252a000 	/usr/lib/libcmph.dylib
0x000000000252a000 	/System/Library/PrivateFrameworks/LanguageModeling.framework/Versions/A/LanguageModeling
0x000000000252a000 	/System/Library/PrivateFrameworks/CoreEmoji.framework/Versions/A/CoreEmoji
0x000000000252a000 	/System/Library/Frameworks/ServiceManagement.framework/Versions/A/ServiceManagement
0x000000000252a000 	/System/Library/PrivateFrameworks/BackgroundTaskManagement.framework/Versions/A/BackgroundTaskManagement
0x000000000252a000 	/usr/lib/libxslt.1.dylib
0x000000000252a000 	/System/Library/Frameworks/Carbon.framework/Versions/A/Frameworks/Ink.framework/Versions/A/Ink
0x000000000252a000 	/System/Library/PrivateFrameworks/TextureIO.framework/Versions/A/TextureIO
0x000000000252a000 	/usr/lib/libate.dylib
0x000000000252a000 	/System/Library/PrivateFrameworks/CrashReporterSupport.framework/Versions/A/CrashReporterSupport
0x000000000252a000 	/System/Library/PrivateFrameworks/Sharing.framework/Versions/A/Sharing
0x000000000252a000 	/System/Library/PrivateFrameworks/IconServices.framework/Versions/A/IconServices
0x000000000252a000 	/System/Library/PrivateFrameworks/Apple80211.framework/Versions/A/Apple80211
0x000000000252a000 	/System/Library/PrivateFrameworks/CoreUtils.framework/Versions/A/CoreUtils
0x000000000252a000 	/System/Library/Frameworks/CoreWLAN.framework/Versions/A/CoreWLAN
0x000000000252a000 	/System/Library/Frameworks/IOBluetooth.framework/Versions/A/IOBluetooth
0x000000000252a000 	/System/Library/PrivateFrameworks/ProtocolBuffer.framework/Versions/A/ProtocolBuffer
0x000000000252a000 	/System/Library/PrivateFrameworks/CoreWiFi.framework/Versions/A/CoreWiFi
0x000000000252a000 	/System/Library/Frameworks/CoreBluetooth.framework/Versions/A/CoreBluetooth
0x000000000252a000 	/System/Library/PrivateFrameworks/DebugSymbols.framework/Versions/A/DebugSymbols
0x000000000252a000 	/System/Library/PrivateFrameworks/CoreSymbolication.framework/Versions/A/CoreSymbolication
0x000000000252a000 	/System/Library/PrivateFrameworks/Symbolication.framework/Versions/A/Symbolication
0x000000000252a000 	/System/Library/PrivateFrameworks/AppleFSCompression.framework/Versions/A/AppleFSCompression
0x000000000252a000 	/System/Library/PrivateFrameworks/SpeechRecognitionCore.framework/Versions/A/SpeechRecognitionCore
0x0000000109a00000 	/Applications/Processing.app/Contents/PlugIns/jdk1.8.0_162.jdk/Contents/Home/jre/lib/server/libjvm.dylib
0x000000000252a000 	/usr/lib/libstdc++.6.0.9.dylib
0x00000001088ed000 	/Applications/Processing.app/Contents/PlugIns/jdk1.8.0_162.jdk/Contents/Home/jre/lib/libverify.dylib
0x00000001088fb000 	/Applications/Processing.app/Contents/PlugIns/jdk1.8.0_162.jdk/Contents/Home/jre/lib/libjava.dylib
0x0000000108932000 	/Applications/Processing.app/Contents/PlugIns/jdk1.8.0_162.jdk/Contents/Home/jre/lib/libjdwp.dylib
0x000000010897d000 	/Applications/Processing.app/Contents/PlugIns/jdk1.8.0_162.jdk/Contents/Home/jre/lib/libnpt.dylib
0x00000001089ca000 	/Applications/Processing.app/Contents/PlugIns/jdk1.8.0_162.jdk/Contents/Home/jre/lib/libzip.dylib
0x000000010ea7a000 	/Applications/Processing.app/Contents/PlugIns/jdk1.8.0_162.jdk/Contents/Home/jre/lib/libdt_socket.dylib
0x000000010ecb6000 	/Applications/Processing.app/Contents/PlugIns/jdk1.8.0_162.jdk/Contents/Home/jre/lib/libawt.dylib
0x000000010ed60000 	/Applications/Processing.app/Contents/PlugIns/jdk1.8.0_162.jdk/Contents/Home/jre/lib/./libmlib_image.dylib
0x000000000252a000 	/System/Library/Frameworks/JavaVM.framework/Versions/A/Frameworks/JavaNativeFoundation.framework/Versions/A/JavaNativeFoundation
0x000000000252a000 	/System/Library/Frameworks/JavaVM.framework/Versions/A/Frameworks/JavaRuntimeSupport.framework/Versions/A/JavaRuntimeSupport
0x000000000252a000 	/System/Library/Frameworks/JavaVM.framework/Versions/A/JavaVM
0x000000000252a000 	/System/Library/PrivateFrameworks/JavaLaunching.framework/Versions/A/JavaLaunching
0x000000000252a000 	/System/Library/Frameworks/Carbon.framework/Versions/A/Carbon
0x000000000252a000 	/System/Library/Frameworks/Carbon.framework/Versions/A/Frameworks/CommonPanels.framework/Versions/A/CommonPanels
0x000000000252a000 	/System/Library/Frameworks/Carbon.framework/Versions/A/Frameworks/Help.framework/Versions/A/Help
0x000000000252a000 	/System/Library/Frameworks/Carbon.framework/Versions/A/Frameworks/ImageCapture.framework/Versions/A/ImageCapture
0x000000000252a000 	/System/Library/Frameworks/Carbon.framework/Versions/A/Frameworks/OpenScripting.framework/Versions/A/OpenScripting
0x000000000252a000 	/System/Library/Frameworks/Carbon.framework/Versions/A/Frameworks/Print.framework/Versions/A/Print
0x000000000252a000 	/System/Library/Frameworks/Carbon.framework/Versions/A/Frameworks/SecurityHI.framework/Versions/A/SecurityHI
0x000000010ee2c000 	/Applications/Processing.app/Contents/PlugIns/jdk1.8.0_162.jdk/Contents/Home/jre/lib/libawt_lwawt.dylib
0x000000010eee6000 	/Applications/Processing.app/Contents/PlugIns/jdk1.8.0_162.jdk/Contents/Home/jre/lib/./libosxapp.dylib
0x000000000252a000 	/System/Library/Frameworks/ExceptionHandling.framework/Versions/A/ExceptionHandling
0x000000000252a000 	/System/Library/PrivateFrameworks/CoreServicesInternal.framework/Versions/A/CoreServicesInternal
0x000000000252a000 	/System/Library/CoreServices/RawCamera.bundle/Contents/MacOS/RawCamera
0x000000000252a000 	/System/Library/PrivateFrameworks/MobileAsset.framework/Versions/A/MobileAsset
0x000000000252a000 	/System/Library/PrivateFrameworks/StreamingZip.framework/Versions/A/StreamingZip
0x000000000252a000 	/System/Library/Frameworks/MediaToolbox.framework/Versions/A/MediaToolbox
0x000000000252a000 	/System/Library/PrivateFrameworks/CoreAVCHD.framework/Versions/A/CoreAVCHD
0x000000000252a000 	/System/Library/Frameworks/MediaAccessibility.framework/Versions/A/MediaAccessibility
0x000000000252a000 	/System/Library/PrivateFrameworks/Mangrove.framework/Versions/A/Mangrove
0x000000000252a000 	/System/Library/Frameworks/CoreMedia.framework/Versions/A/CoreMedia
0x000000000252a000 	/System/Library/Frameworks/VideoToolbox.framework/Versions/A/VideoToolbox
0x000000000252a000 	/System/Library/PrivateFrameworks/CoreAUC.framework/Versions/A/CoreAUC
0x000000000252a000 	/usr/lib/libspindump.dylib
0x000000000252a000 	/System/Library/PrivateFrameworks/AppleVA.framework/Versions/A/AppleVA
0x000000000252a000 	/System/Library/Frameworks/Accelerate.framework/Versions/A/Frameworks/vImage.framework/Versions/A/Libraries/libCGInterfaces.dylib
0x000000000252a000 	/System/Library/Frameworks/ApplicationServices.framework/Versions/A/Frameworks/ATS.framework/Versions/A/Resources/libTrueTypeScaler.dylib
0x000000000252a000 	/System/Library/Extensions/AppleIntelHD5000GraphicsMTLDriver.bundle/Contents/MacOS/AppleIntelHD5000GraphicsMTLDriver
0x0000000129b3c000 	/System/Library/Extensions/GeForceMTLDriverWeb.bundle/Contents/MacOS/GeForceMTLDriverWeb
0x000000000252a000 	/System/Library/PrivateFrameworks/GPUCompiler.framework/Versions/3802/Libraries/libmetal_timestamp.dylib
0x000000000252a000 	/System/Library/PrivateFrameworks/FamilyControls.framework/Versions/A/FamilyControls
0x000000000252a000 	/System/Library/PrivateFrameworks/CommerceKit.framework/Versions/A/Frameworks/CommerceCore.framework/Versions/A/CommerceCore
0x000000000252a000 	/System/Library/PrivateFrameworks/SystemAdministration.framework/Versions/A/SystemAdministration
0x000000000252a000 	/System/Library/PrivateFrameworks/AppContainer.framework/Versions/A/AppContainer
0x000000000252a000 	/System/Library/PrivateFrameworks/SecCodeWrapper.framework/Versions/A/SecCodeWrapper
0x000000000252a000 	/System/Library/PrivateFrameworks/DiskManagement.framework/Versions/A/DiskManagement
0x000000000252a000 	/System/Library/Frameworks/DirectoryService.framework/Versions/A/DirectoryService
0x000000000252a000 	/System/Library/PrivateFrameworks/DiskImages.framework/Versions/A/DiskImages
0x000000000252a000 	/System/Library/PrivateFrameworks/LoginUIKit.framework/Versions/A/Frameworks/LoginUICore.framework/Versions/A/LoginUICore
0x000000000252a000 	/usr/lib/libCoreStorage.dylib
0x000000000252a000 	/usr/lib/libcsfde.dylib
0x000000000252a000 	/usr/lib/libodfde.dylib
0x000000000252a000 	/System/Library/PrivateFrameworks/MediaKit.framework/Versions/A/MediaKit
0x000000000252a000 	/System/Library/Frameworks/DiscRecording.framework/Versions/A/DiscRecording
0x000000000252a000 	/System/Library/PrivateFrameworks/EFILogin.framework/Versions/A/EFILogin
0x000000000252a000 	/System/Library/PrivateFrameworks/ProtectedCloudStorage.framework/Versions/A/ProtectedCloudStorage
0x000000000252a000 	/usr/lib/libcurl.4.dylib
0x000000000252a000 	/usr/lib/libcrypto.35.dylib
0x000000000252a000 	/usr/lib/libssl.35.dylib
0x000000000252a000 	/System/Library/Frameworks/LDAP.framework/Versions/A/LDAP
0x000000000252a000 	/System/Library/PrivateFrameworks/TrustEvaluationAgent.framework/Versions/A/TrustEvaluationAgent
0x000000000252a000 	/usr/lib/libsasl2.2.dylib
0x000000000252a000 	/System/Library/PrivateFrameworks/CoreDaemon.framework/Versions/B/CoreDaemon
0x000000000252a000 	/System/Library/PrivateFrameworks/AppleSRP.framework/Versions/A/AppleSRP
0x000000012a309000 	/Applications/Processing.app/Contents/PlugIns/jdk1.8.0_162.jdk/Contents/Home/jre/lib/libfontmanager.dylib
0x000000000252a000 	/System/Library/Frameworks/OpenGL.framework/Versions/A/Resources/GLEngine.bundle/GLEngine
0x000000000252a000 	/System/Library/Frameworks/OpenGL.framework/Versions/A/Libraries/libGLProgrammability.dylib
0x000000012a370000 	/System/Library/Extensions/AppleIntelHD5000GraphicsGLDriver.bundle/Contents/MacOS/AppleIntelHD5000GraphicsGLDriver
0x000000000252a000 	/System/Library/PrivateFrameworks/GPUSupport.framework/Versions/A/Libraries/libGPUSupportMercury.dylib
0x000000012aad8000 	/System/Library/Extensions/GeForceGLDriverWeb.bundle/Contents/MacOS/GeForceGLDriverWeb
0x000000000252a000 	/System/Library/Frameworks/OpenGL.framework/Versions/A/Resources/GLRendererFloat.bundle/GLRendererFloat
0x000000000252a000 	/System/Library/Frameworks/OpenCL.framework/Versions/A/Libraries/libcldcpuengine.dylib
0x000000012cff6000 	/Applications/Processing.app/Contents/PlugIns/jdk1.8.0_162.jdk/Contents/Home/jre/lib/libnet.dylib
0x000000012d055000 	/Applications/Processing.app/Contents/PlugIns/jdk1.8.0_162.jdk/Contents/Home/jre/lib/libnio.dylib
0x000000000252a000 	/System/Library/PrivateFrameworks/ViewBridge.framework/Versions/A/ViewBridge
0x000000012d10b000 	/private/var/folders/y0/c_y71rs91f1dyym66g41j22c0000gn/T/jogamp_0000/file_cache/jln2925878212382027053/jln2066851329109476738/natives/macosx-universal/libgluegen-rt.jnilib
0x000000012d10f000 	/private/var/folders/y0/c_y71rs91f1dyym66g41j22c0000gn/T/jogamp_0000/file_cache/jln2925878212382027053/jln2066851329109476738/natives/macosx-universal/libnativewindow_awt.jnilib
0x000000012d112000 	/Applications/Processing.app/Contents/PlugIns/jdk1.8.0_162.jdk/Contents/Home/jre/lib/libjawt.dylib
0x000000012d115000 	/private/var/folders/y0/c_y71rs91f1dyym66g41j22c0000gn/T/jogamp_0000/file_cache/jln2925878212382027053/jln2066851329109476738/natives/macosx-universal/libnativewindow_macosx.jnilib
0x000000012d11f000 	/private/var/folders/y0/c_y71rs91f1dyym66g41j22c0000gn/T/jogamp_0000/file_cache/jln2925878212382027053/jln2066851329109476738/natives/macosx-universal/libnewt.jnilib
0x000000010ffd4000 	/private/var/folders/y0/c_y71rs91f1dyym66g41j22c0000gn/T/jogamp_0000/file_cache/jln2925878212382027053/jln2066851329109476738/natives/macosx-universal/libjogl_desktop.jnilib
0x000000012daea000 	/private/var/folders/y0/c_y71rs91f1dyym66g41j22c0000gn/T/jogamp_0000/file_cache/jln2925878212382027053/jln2066851329109476738/natives/macosx-universal/libjogl_mobile.jnilib
0x000000010f339000 	/Users/bsys/Documents/Processing/libraries/SimpleOpenNI/library/libSimpleOpenNI.jnilib
0x000000010f37f000 	/Users/bsys/Documents/Processing/libraries/SimpleOpenNI/library/./osx/libboost_thread-mt.dylib
0x000000010f3aa000 	/Users/bsys/Documents/Processing/libraries/SimpleOpenNI/library/./osx/libboost_system-mt.dylib
0x000000012d080000 	/Users/bsys/Documents/Processing/libraries/SimpleOpenNI/library/./osx/libOpenNI2.dylib
0x000000012f4ae000 	/Users/bsys/Documents/Processing/libraries/SimpleOpenNI/library/./osx/libNiTE2.dylib
0x000000010f3b1000 	/Users/bsys/Documents/Processing/libraries/SimpleOpenNI/library/osx/OpenNI2/Drivers/libFreenectDriver.dylib
0x000000010f3cb000 	/Users/bsys/Documents/Processing/libraries/SimpleOpenNI/library/osx/OpenNI2/Drivers/./libfreenect.0.1.2.dylib
0x000000010f3dc000 	/Users/bsys/Documents/Processing/libraries/SimpleOpenNI/library/osx/OpenNI2/Drivers/././libusb-1.0.0.dylib
0x0000000128c8e000 	/System/Library/Extensions/IOUSBFamily.kext/Contents/PlugIns/IOUSBLib.bundle/Contents/MacOS/IOUSBLib
0x000000012d7a8000 	/Users/bsys/Documents/Processing/libraries/SimpleOpenNI/library/osx/OpenNI2/Drivers/libOniFile.dylib
0x000000012df91000 	/Users/bsys/Documents/Processing/libraries/SimpleOpenNI/library/osx/OpenNI2/Drivers/libPS1080.dylib
0x0000000128ca4000 	/usr/local/lib/libusb-1.0.0.dylib
0x000000012d821000 	/Users/bsys/Documents/Processing/libraries/SimpleOpenNI/library/osx/OpenNI2/Drivers/libPSLink.dylib
0x0000000128cb9000 	/Users/bsys/Documents/Processing/libraries/SimpleOpenNI/library/osx/OpenNI2/Drivers/libfreenect.0.5.3.dylib
0x000000012d1ae000 	/Users/bsys/Documents/Processing/libraries/SimpleOpenNI/library/osx/OpenNI2/Drivers/libfreenect2-openni2.0.dylib
0x000000012f9b2000 	/Users/bsys/libfreenect2/build/lib/libfreenect2.0.2.dylib
0x000000012deed000 	/usr/local/opt/jpeg-turbo/lib/libturbojpeg.0.dylib
0x000000012d1d1000 	/usr/local/opt/glfw/lib/libglfw.3.dylib
0x000000000252a000 	/usr/lib/libsystemstats.dylib

VM Arguments:
jvm_args: -agentlib:jdwp=transport=dt_socket,address=8696,server=y,suspend=y,quiet=y -Djna.nosys=true -Djava.ext.dirs=/Applications/Processing.app/Contents/PlugIns/jdk1.8.0_162.jdk/Contents/Home/jre/lib/ext -Djava.library.path=:/Applications/Processing.app/Contents/Java/core/library:/Applications/Processing.app/Contents/Java/modes/java/libraries/net/library:/Users/bsys/Documents/Processing/libraries/SimpleOpenNI/library:/Users/bsys/Library/Java/Extensions:/Library/Java/Extensions:/Network/Library/Java/Extensions:/System/Library/Java/Extensions:/usr/lib/java:. -ea 
java_command: processing.core.PApplet --display=1 --sketch-path=/Users/bsys/Desktop/Client_Mac Client_Mac
java_class_path (initial): /Users/bsys/Desktop/Client_Mac/build-tmp:/Applications/Processing.app/Contents/Java/core/library/gluegen-rt-natives-linux-armv6hf.jar:/Applications/Processing.app/Contents/Java/core/library/jogl-all-natives-linux-armv6hf.jar:/Applications/Processing.app/Contents/Java/core/library/gluegen-rt-natives-linux-aarch64.jar:/Applications/Processing.app/Contents/Java/core/library/jogl-all-natives-linux-aarch64.jar:/Applications/Processing.app/Contents/Java/core/library/gluegen-rt-natives-macosx-universal.jar:/Applications/Processing.app/Contents/Java/core/library/gluegen-rt-natives-linux-amd64.jar:/Applications/Processing.app/Contents/Java/core/library/jogl-all-natives-linux-i586.jar:/Applications/Processing.app/Contents/Java/core/library/gluegen-rt-natives-windows-i586.jar:/Applications/Processing.app/Contents/Java/core/library/jogl-all.jar:/Applications/Processing.app/Contents/Java/core/library/gluegen-rt-natives-linux-i586.jar:/Applications/Processing.app/Contents/Java/core/library/jogl-all-natives-linux-amd64.jar:/Applications/Processing.app/Contents/Java/core/library/gluegen-rt.jar:/Applications/Processing.app/Contents/Java/core/library/core.jar:/Applications/Processing.app/Contents/Java/core/library/jogl-all-natives-macosx-universal.jar:/Applications/Processing.app/Contents/Java/core/library/jogl-all-natives-windows-i586.jar:/Applications/Processing.app/Contents/Java/core/library/gluegen-rt-natives-windows-amd64.jar:/Applications/Processing.app/Contents/Java/core/library/jogl-all-natives-windows-amd64.jar:/Applications/Processing.app/Contents/Java/modes/java/libraries/net/library/net.jar:/Users/bsys/Documents/Processing/libraries/SimpleOpenNI/library/SimpleOpenNI.jar:ant.jar:ant-launcher.jar:core.jar:jna.jar:pde.jar:jna-platform.jar:core/library/gluegen-rt-natives-linux-armv6hf.jar:core/library/jogl-all-natives-linux-armv6hf.jar:core/library/gluegen-rt-natives-linux-aarch64.jar:core/library/jogl-all-natives-linux-aarch64.jar:core/library/gl
Launcher Type: SUN_STANDARD

Environment Variables:
PATH=/usr/local/bin:/usr/bin:/bin:/usr/sbin:/sbin:/Users/bsys
SHELL=/bin/bash
DISPLAY=/private/tmp/com.apple.launchd.6NgZlCKjpq/org.macosforge.xquartz:0

Signal Handlers:
SIGSEGV: [libjvm.dylib+0x5b52b5], sa_mask[0]=11111111011111110111111111111111, sa_flags=SA_ONSTACK|SA_RESTART|SA_SIGINFO
SIGBUS: [libjvm.dylib+0x5b52b5], sa_mask[0]=11111111011111110111111111111111, sa_flags=SA_RESTART|SA_SIGINFO
SIGFPE: [libjvm.dylib+0x48ac5c], sa_mask[0]=11111111011111110111111111111111, sa_flags=SA_RESTART|SA_SIGINFO
SIGPIPE: [libjvm.dylib+0x48ac5c], sa_mask[0]=11111111011111110111111111111111, sa_flags=SA_RESTART|SA_SIGINFO
SIGXFSZ: [libjvm.dylib+0x48ac5c], sa_mask[0]=11111111011111110111111111111111, sa_flags=SA_RESTART|SA_SIGINFO
SIGILL: [libjvm.dylib+0x48ac5c], sa_mask[0]=11111111011111110111111111111111, sa_flags=SA_RESTART|SA_SIGINFO
SIGUSR1: SIG_DFL, sa_mask[0]=00000000000000000000000000000000, sa_flags=none
SIGUSR2: [libjvm.dylib+0x48a77a], sa_mask[0]=00100000000000000000000000000000, sa_flags=SA_RESTART|SA_SIGINFO
SIGHUP: [libjvm.dylib+0x488d45], sa_mask[0]=11111111011111110111111111111111, sa_flags=SA_RESTART|SA_SIGINFO
SIGINT: [libjvm.dylib+0x488d45], sa_mask[0]=11111111011111110111111111111111, sa_flags=SA_RESTART|SA_SIGINFO
SIGTERM: [libjvm.dylib+0x488d45], sa_mask[0]=11111111011111110111111111111111, sa_flags=SA_RESTART|SA_SIGINFO
SIGQUIT: [libjvm.dylib+0x488d45], sa_mask[0]=11111111011111110111111111111111, sa_flags=SA_RESTART|SA_SIGINFO


---------------  S Y S T E M  ---------------

OS:Bsduname:Darwin 17.5.0 Darwin Kernel Version 17.5.0: Fri Apr 13 19:32:32 PDT 2018; root:xnu-4570.51.2~1/RELEASE_X86_64 x86_64
rlimit: STACK 8192k, CORE 0k, NPROC 1418, NOFILE 10240, AS infinity
load average:3.61 2.97 2.69

CPU:total 8 (initial active 8) (4 cores per cpu, 2 threads per core) family 6 model 70 stepping 1, cmov, cx8, fxsr, mmx, sse, sse2, sse3, ssse3, sse4.1, sse4.2, popcnt, avx, avx2, aes, clmul, erms, lzcnt, ht, tsc, tscinvbit, bmi1, bmi2

Memory: 4k page, physical 16777216k(749668k free)

/proc/meminfo:


vm_info: Java HotSpot(TM) 64-Bit Server VM (25.162-b12) for bsd-amd64 JRE (1.8.0_162-b12), built on Dec 19 2017 17:33:35 by "java_re" with gcc 4.2.1 (Based on Apple Inc. build 5658) (LLVM build 2336.11.00)

time: Tue May 22 20:27:07 2018
elapsed time: 6 seconds (0d 0h 0m 6s)

