#
# A fatal error has been detected by the Java Runtime Environment:
#
#  SIGSEGV (0xb) at pc=0x000000012c13bd0f, pid=90158, tid=0x0000000000011613
#
# JRE version: Java(TM) SE Runtime Environment (8.0_162-b12) (build 1.8.0_162-b12)
# Java VM: Java HotSpot(TM) 64-Bit Server VM (25.162-b12 mixed mode bsd-amd64 compressed oops)
# Problematic frame:
# C  [libfreenect2-openni2.0.dylib+0x6d0f]  _ZN15Freenect2Driver6Driver10deviceOpenEPKcS2_+0xcff
#
# Failed to write core dump. Core dumps have been disabled. To enable core dumping, try "ulimit -c unlimited" before starting Java again
#
# If you would like to submit a bug report, please visit:
#   http://bugreport.java.com/bugreport/crash.jsp
# The crash happened outside the Java Virtual Machine in native code.
# See problematic frame for where to report the bug.
#

---------------  T H R E A D  ---------------

Current thread (0x00007fa31d9a6000):  JavaThread "main-FPSAWTAnimator#00-Timer0" [_thread_in_native, id=71187, stack(0x00007000049a0000,0x0000700004aa0000)]

siginfo: si_signo: 11 (SIGSEGV), si_code: 1 (SEGV_MAPERR), si_addr: 0x0000000000000000

Registers:
RAX=0x00007fa31b6e9168, RBX=0x0000000000000000, RCX=0x0000000000000000, RDX=0x0000000000100bd0
RSP=0x0000700004a9ed60, RBP=0x0000700004a9efe0, RSI=0x000000010c945600, RDI=0x000000010c93f080
R8 =0x0000000000000005, R9 =0x00007fa31b6fb270, R10=0x000007fa31b6e90a, R11=0x0000000000000006
R12=0x0000000000000001, R13=0x0000000000000000, R14=0x00007fa31b6e91b0, R15=0x00007fa31b6e9150
RIP=0x000000012c13bd0f, EFLAGS=0x0000000000010202, ERR=0x0000000000000004
  TRAPNO=0x000000000000000e

Top of Stack: (sp=0x0000700004a9ed60)
0x0000700004a9ed60:   000000012c144860 0000000000000000
0x0000700004a9ed70:   000000012c144888 000000012c1447b8
0x0000700004a9ed80:   00007fff90bfb9e0 0000700004a9edb9
0x0000700004a9ed90:   0000700004a9edcd 0000700004a9edcd
0x0000700004a9eda0:   0000700004a9edb9 0000700004a9edb9
0x0000700004a9edb0:   0000700004a9edcf 6c6169726573262c
0x0000700004a9edc0:   313436303132303d 0000003734363334
0x0000700004a9edd0:   0000700004a9edcd 0000000000000018
0x0000700004a9ede0:   000000012c1448b0 0000000000001002
0x0000700004a9edf0:   0000000000000006 0000000000000000
0x0000700004a9ee00:   0000000000000006 0000700004a9ed78
0x0000700004a9ee10:   00007fff90bfb9e0 0000000000000000
0x0000700004a9ee20:   0000000000000000 0000000000000000
0x0000700004a9ee30:   0000000000000000 0000000000000000
0x0000700004a9ee40:   0000000000000000 0000000000000000
0x0000700004a9ee50:   0000000000000000 0000000000000000
0x0000700004a9ee60:   0000000000000000 0000000000000000
0x0000700004a9ee70:   fd000000ffffffff 00007fa320f0d940
0x0000700004a9ee80:   00007fa320f0d958 0000000000000021
0x0000700004a9ee90:   0000000000000018 00007fa31b6e8e10
0x0000700004a9eea0:   0000000000000021 0000000000000019
0x0000700004a9eeb0:   00007fa31b6e8e10 0000000000000021
0x0000700004a9eec0:   000000000000001c 00007fa31b6e8e10
0x0000700004a9eed0:   00007fff912f5000 000000010c945600
0x0000700004a9eee0:   000000010c93e000 00007fa320f0d918
0x0000700004a9eef0:   0000000000000031 0000000000000021
0x0000700004a9ef00:   00007fa31b6e90a0 00007fa320f0e2a0
0x0000700004a9ef10:   6c61697265732628 313436303132303d
0x0000700004a9ef20:   0000003734363334 00007fff58e811bd
0x0000700004a9ef30:   3d6c616972657326 3431343630313230
0x0000700004a9ef40:   0000000037343633 0000000000000000
0x0000700004a9ef50:   00007fa31b6e9100 00007fa320f0d8e0 

Instructions: (pc=0x000000012c13bd0f)
0x000000012c13bcef:   00 00 00 00 48 8b bd a0 fe ff ff 44 89 ee e8 c4
0x000000012c13bcff:   5f 00 00 48 89 c3 4c 89 f8 48 83 c0 18 48 89 18
0x000000012c13bd0f:   48 8b 03 48 89 df 4c 89 f6 ff 50 48 48 8b 03 48
0x000000012c13bd1f:   89 df 4c 89 f6 ff 50 50 bf 20 00 00 00 e8 91 60 

Register to memory mapping:

RAX=0x00007fa31b6e9168 is an unknown value
RBX=0x0000000000000000 is an unknown value
RCX=0x0000000000000000 is an unknown value
RDX=0x0000000000100bd0 is an unknown value
RSP=0x0000700004a9ed60 is pointing into the stack for thread: 0x00007fa31d9a6000
RBP=0x0000700004a9efe0 is pointing into the stack for thread: 0x00007fa31d9a6000
RSI=0x000000010c945600 is an unknown value
RDI=0x000000010c93f080 is an unknown value
R8 =0x0000000000000005 is an unknown value
R9 =0x00007fa31b6fb270 is an unknown value
R10=0x000007fa31b6e90a is an unknown value
R11=0x0000000000000006 is an unknown value
R12=0x0000000000000001 is an unknown value
R13=0x0000000000000000 is an unknown value
R14=0x00007fa31b6e91b0 is an unknown value
R15=0x00007fa31b6e9150 is an unknown value


Stack: [0x00007000049a0000,0x0000700004aa0000],  sp=0x0000700004a9ed60,  free space=1019k
Native frames: (J=compiled Java code, j=interpreted, Vv=VM code, C=native code)
C  [libfreenect2-openni2.0.dylib+0x6d0f]  _ZN15Freenect2Driver6Driver10deviceOpenEPKcS2_+0xcff
C  [libOpenNI2.dylib+0x837a]  _ZN3oni14implementation6Device4openEPKc+0x1a
C  [libSimpleOpenNI.jnilib+0x115a6]  _ZN7sOpenNI14ContextWrapper4initEi+0x46
C  [libSimpleOpenNI.jnilib+0x660f]  Java_SimpleOpenNI_SimpleOpenNIJNI_ContextWrapper_1init_1_1SWIG_10+0xf
j  SimpleOpenNI.SimpleOpenNIJNI.ContextWrapper_init__SWIG_0(JLSimpleOpenNI/ContextWrapper;I)Z+0
j  SimpleOpenNI.ContextWrapper.init(I)Z+6
j  SimpleOpenNI.SimpleOpenNI.initEnv(Lprocessing/core/PApplet;II)V+37
j  SimpleOpenNI.SimpleOpenNI.<init>(Lprocessing/core/PApplet;)V+17
j  Client_Mac.setup()V+11
j  processing.core.PApplet.handleDraw()V+81
j  processing.opengl.PSurfaceJOGL$DrawListener.display(Lcom/jogamp/opengl/GLAutoDrawable;)V+120
j  jogamp.opengl.GLDrawableHelper.displayImpl(Lcom/jogamp/opengl/GLAutoDrawable;)V+62
j  jogamp.opengl.GLDrawableHelper.display(Lcom/jogamp/opengl/GLAutoDrawable;)V+2
j  jogamp.opengl.GLAutoDrawableBase$2.run()V+59
j  jogamp.opengl.GLDrawableHelper.invokeGLImpl(Lcom/jogamp/opengl/GLDrawable;Lcom/jogamp/opengl/GLContext;Ljava/lang/Runnable;Ljava/lang/Runnable;)V+203
j  jogamp.opengl.GLDrawableHelper.invokeGL(Lcom/jogamp/opengl/GLDrawable;Lcom/jogamp/opengl/GLContext;Ljava/lang/Runnable;Ljava/lang/Runnable;)V+72
j  com.jogamp.newt.opengl.GLWindow.display()V+90
j  com.jogamp.opengl.util.AWTAnimatorImpl.display(Ljava/util/ArrayList;ZZ)V+68
j  com.jogamp.opengl.util.AnimatorBase.display()V+16
j  com.jogamp.opengl.util.FPSAnimator$MainTask.run()V+216
j  java.util.TimerThread.mainLoop()V+221
j  java.util.TimerThread.run()V+1
v  ~StubRoutines::call_stub
V  [libjvm.dylib+0x2ef6ce]
V  [libjvm.dylib+0x2efe72]
V  [libjvm.dylib+0x2f001e]
V  [libjvm.dylib+0x34a815]
V  [libjvm.dylib+0x56ed0f]
V  [libjvm.dylib+0x57040a]
V  [libjvm.dylib+0x48d672]
C  [libsystem_pthread.dylib+0x3661]  _pthread_body+0x154
C  [libsystem_pthread.dylib+0x350d]  _pthread_body+0x0
C  [libsystem_pthread.dylib+0x2bf9]  thread_start+0xd
C  0x0000000000000000

Java frames: (J=compiled Java code, j=interpreted, Vv=VM code)
j  SimpleOpenNI.SimpleOpenNIJNI.ContextWrapper_init__SWIG_0(JLSimpleOpenNI/ContextWrapper;I)Z+0
j  SimpleOpenNI.ContextWrapper.init(I)Z+6
j  SimpleOpenNI.SimpleOpenNI.initEnv(Lprocessing/core/PApplet;II)V+37
j  SimpleOpenNI.SimpleOpenNI.<init>(Lprocessing/core/PApplet;)V+17
j  Client_Mac.setup()V+11
j  processing.core.PApplet.handleDraw()V+81
j  processing.opengl.PSurfaceJOGL$DrawListener.display(Lcom/jogamp/opengl/GLAutoDrawable;)V+120
j  jogamp.opengl.GLDrawableHelper.displayImpl(Lcom/jogamp/opengl/GLAutoDrawable;)V+62
j  jogamp.opengl.GLDrawableHelper.display(Lcom/jogamp/opengl/GLAutoDrawable;)V+2
j  jogamp.opengl.GLAutoDrawableBase$2.run()V+59
j  jogamp.opengl.GLDrawableHelper.invokeGLImpl(Lcom/jogamp/opengl/GLDrawable;Lcom/jogamp/opengl/GLContext;Ljava/lang/Runnable;Ljava/lang/Runnable;)V+203
j  jogamp.opengl.GLDrawableHelper.invokeGL(Lcom/jogamp/opengl/GLDrawable;Lcom/jogamp/opengl/GLContext;Ljava/lang/Runnable;Ljava/lang/Runnable;)V+72
j  com.jogamp.newt.opengl.GLWindow.display()V+90
j  com.jogamp.opengl.util.AWTAnimatorImpl.display(Ljava/util/ArrayList;ZZ)V+68
j  com.jogamp.opengl.util.AnimatorBase.display()V+16
j  com.jogamp.opengl.util.FPSAnimator$MainTask.run()V+216
j  java.util.TimerThread.mainLoop()V+221
j  java.util.TimerThread.run()V+1
v  ~StubRoutines::call_stub

---------------  P R O C E S S  ---------------

Java Threads: ( => current thread )
  0x00007fa31d9d0800 JavaThread "DestroyJavaVM" [_thread_blocked, id=6403, stack(0x0000700002abd000,0x0000700002bbd000)]
=>0x00007fa31d9a6000 JavaThread "main-FPSAWTAnimator#00-Timer0" [_thread_in_native, id=71187, stack(0x00007000049a0000,0x0000700004aa0000)]
  0x00007fa31cb01000 JavaThread "Thread-2" [_thread_blocked, id=70923, stack(0x000070000489d000,0x000070000499d000)]
  0x00007fa31ca15000 JavaThread "main-Display-.macosx_nil-1-EDT-1" daemon [_thread_blocked, id=58627, stack(0x000070000479a000,0x000070000489a000)]
  0x00007fa31f25c000 JavaThread "AWT-EventQueue-0" [_thread_blocked, id=58399, stack(0x0000700004697000,0x0000700004797000)]
  0x00007fa31da16000 JavaThread "Java2D Disposer" daemon [_thread_blocked, id=77847, stack(0x0000700004594000,0x0000700004694000)]
  0x00007fa31f210800 JavaThread "Java2D Queue Flusher" daemon [_thread_blocked, id=78599, stack(0x0000700004491000,0x0000700004591000)]
  0x00007fa31f1ad800 JavaThread "AWT-Shutdown" [_thread_blocked, id=36395, stack(0x0000700004182000,0x0000700004282000)]
  0x00007fa31c926000 JavaThread "AWT-AppKit" daemon [_thread_in_native, id=775, stack(0x00007ffee2ade000,0x00007ffee32de000)]
  0x00007fa31d84e800 JavaThread "Service Thread" daemon [_thread_blocked, id=43011, stack(0x0000700003ef9000,0x0000700003ff9000)]
  0x00007fa31c830800 JavaThread "C1 CompilerThread3" daemon [_thread_blocked, id=43267, stack(0x0000700003df6000,0x0000700003ef6000)]
  0x00007fa31c830000 JavaThread "C2 CompilerThread2" daemon [_thread_blocked, id=17155, stack(0x0000700003cf3000,0x0000700003df3000)]
  0x00007fa31c82f000 JavaThread "C2 CompilerThread1" daemon [_thread_blocked, id=17667, stack(0x0000700003bf0000,0x0000700003cf0000)]
  0x00007fa31c82e800 JavaThread "C2 CompilerThread0" daemon [_thread_blocked, id=18179, stack(0x0000700003aed000,0x0000700003bed000)]
  0x00007fa31d83b000 JavaThread "JDWP Command Reader" daemon [_thread_in_native, id=18691, stack(0x00007000039ea000,0x0000700003aea000)]
  0x00007fa31e03e800 JavaThread "JDWP Event Helper Thread" daemon [_thread_blocked, id=16899, stack(0x00007000038e7000,0x00007000039e7000)]
  0x00007fa31e000800 JavaThread "JDWP Transport Listener: dt_socket" daemon [_thread_blocked, id=19207, stack(0x00007000037e4000,0x00007000038e4000)]
  0x00007fa31c838800 JavaThread "Signal Dispatcher" daemon [_thread_blocked, id=19467, stack(0x00007000036e1000,0x00007000037e1000)]
  0x00007fa31f007000 JavaThread "Finalizer" daemon [_thread_blocked, id=20227, stack(0x00007000035de000,0x00007000036de000)]
  0x00007fa31f004000 JavaThread "Reference Handler" daemon [_thread_blocked, id=13571, stack(0x00007000034db000,0x00007000035db000)]

Other Threads:
  0x00007fa31e809800 VMThread [stack: 0x00007000033d8000,0x00007000034d8000] [id=13059]
  0x00007fa31c833800 WatcherThread [stack: 0x0000700003ffc000,0x00007000040fc000] [id=42755]

VM state:not at safepoint (normal execution)

VM Mutex/Monitor currently owned by a thread: None

Heap:
 PSYoungGen      total 76288K, used 43343K [0x000000076ab00000, 0x0000000770000000, 0x00000007c0000000)
  eden space 65536K, 66% used [0x000000076ab00000,0x000000076d553e08,0x000000076eb00000)
  from space 10752K, 0% used [0x000000076f580000,0x000000076f580000,0x0000000770000000)
  to   space 10752K, 0% used [0x000000076eb00000,0x000000076eb00000,0x000000076f580000)
 ParOldGen       total 175104K, used 0K [0x00000006c0000000, 0x00000006cab00000, 0x000000076ab00000)
  object space 175104K, 0% used [0x00000006c0000000,0x00000006c0000000,0x00000006cab00000)
 Metaspace       used 15849K, capacity 16050K, committed 16384K, reserved 1064960K
  class space    used 1447K, capacity 1527K, committed 1536K, reserved 1048576K

Card table byte_map: [0x000000011dfae000,0x000000011e7af000] byte_map_base: 0x000000011a9ae000

Marking Bits: (ParMarkBitMap*) 0x000000010e8f76c0
 Begin Bits: [0x000000011ed05000, 0x0000000122d05000)
 End Bits:   [0x0000000122d05000, 0x0000000126d05000)

Polling page: 0x000000010c9a7000

CodeCache: size=245760Kb used=3461Kb max_used=3461Kb free=242298Kb
 bounds [0x000000010efae000, 0x000000010f31e000, 0x000000011dfae000]
 total_blobs=1571 nmethods=738 adapters=755
 compilation: enabled

Compilation events (10 events):
Event: 2.509 Thread 0x00007fa31c830800  734       3       java.util.regex.ASCII::isType (15 bytes)
Event: 2.509 Thread 0x00007fa31c830800 nmethod 734 0x000000010f30ca50 code [0x000000010f30cbc0, 0x000000010f30ce30]
Event: 2.526 Thread 0x00007fa31c830800  736       1       jogamp.newt.DefaultEDTUtil::access$000 (5 bytes)
Event: 2.526 Thread 0x00007fa31c830800 nmethod 736 0x000000010f30dbd0 code [0x000000010f30dd20, 0x000000010f30de10]
Event: 2.526 Thread 0x00007fa31c830800  737       1       jogamp.newt.DisplayImpl::getGraphicsDevice (5 bytes)
Event: 2.526 Thread 0x00007fa31c830800 nmethod 737 0x000000010f30de90 code [0x000000010f30dfe0, 0x000000010f30e0f0]
Event: 2.537 Thread 0x00007fa31c830800  738       3       java.util.ArrayList::<init> (12 bytes)
Event: 2.537 Thread 0x00007fa31c830800 nmethod 738 0x000000010f30e150 code [0x000000010f30e2c0, 0x000000010f30e550]
Event: 2.945 Thread 0x00007fa31c830800  739       3       sun.awt.AWTAutoShutdown::isReadyToShutdown (37 bytes)
Event: 2.946 Thread 0x00007fa31c830800 nmethod 739 0x000000010f3100d0 code [0x000000010f310260, 0x000000010f310618]

GC Heap History (0 events):
No events

Deoptimization events (3 events):
Event: 0.378 Thread 0x00007fa31e001800 Uncommon trap: reason=unstable_if action=reinterpret pc=0x000000010f0c8dcc method=java.lang.String.hashCode()I @ 14
Event: 0.892 Thread 0x00007fa31e001800 Uncommon trap: reason=unstable_if action=reinterpret pc=0x000000010f17623c method=java.lang.String.indexOf([CII[CIII)I @ 3
Event: 1.466 Thread 0x00007fa31e001800 Uncommon trap: reason=unstable_if action=reinterpret pc=0x000000010f199a44 method=java.lang.String.startsWith(Ljava/lang/String;I)Z @ 25

Classes redefined (0 events):
No events

Internal exceptions (10 events):
Event: 0.038 Thread 0x00007fa31e001800 Exception <a 'java/lang/NoSuchMethodError': Method sun.misc.Unsafe.prefetchRead(Ljava/lang/Object;J)V name or signature does not match> (0x000000076ab07f88) thrown at [/Users/java_re/workspace/8-2-build-macosx-x86_64/jdk8u162/10278/hotspot/src/share/vm/pr
Event: 0.416 Thread 0x00007fa31e001800 Exception <a 'java/security/PrivilegedActionException'> (0x000000076b0ab050) thrown at [/Users/java_re/workspace/8-2-build-macosx-x86_64/jdk8u162/10278/hotspot/src/share/vm/prims/jvm.cpp, line 1390]
Event: 0.416 Thread 0x00007fa31e001800 Exception <a 'java/security/PrivilegedActionException'> (0x000000076b0ab260) thrown at [/Users/java_re/workspace/8-2-build-macosx-x86_64/jdk8u162/10278/hotspot/src/share/vm/prims/jvm.cpp, line 1390]
Event: 0.416 Thread 0x00007fa31e001800 Exception <a 'java/security/PrivilegedActionException'> (0x000000076b0aea48) thrown at [/Users/java_re/workspace/8-2-build-macosx-x86_64/jdk8u162/10278/hotspot/src/share/vm/prims/jvm.cpp, line 1390]
Event: 0.416 Thread 0x00007fa31e001800 Exception <a 'java/security/PrivilegedActionException'> (0x000000076b0aec58) thrown at [/Users/java_re/workspace/8-2-build-macosx-x86_64/jdk8u162/10278/hotspot/src/share/vm/prims/jvm.cpp, line 1390]
Event: 0.478 Thread 0x00007fa31e001800 Exception <a 'java/lang/NoSuchFieldError': method resolution failed> (0x000000076b3f3f90) thrown at [/Users/java_re/workspace/8-2-build-macosx-x86_64/jdk8u162/10278/hotspot/src/share/vm/prims/methodHandles.cpp, line 1167]
Event: 0.480 Thread 0x00007fa31e001800 Exception <a 'java/lang/NoSuchFieldError': method resolution failed> (0x000000076b4016e0) thrown at [/Users/java_re/workspace/8-2-build-macosx-x86_64/jdk8u162/10278/hotspot/src/share/vm/prims/methodHandles.cpp, line 1167]
Event: 0.646 Thread 0x00007fa31e001800 Exception <a 'java/io/FileNotFoundException'> (0x000000076b47e480) thrown at [/Users/java_re/workspace/8-2-build-macosx-x86_64/jdk8u162/10278/hotspot/src/share/vm/prims/jni.cpp, line 709]
Event: 0.646 Thread 0x00007fa31e001800 Exception <a 'java/io/FileNotFoundException'> (0x000000076b47f068) thrown at [/Users/java_re/workspace/8-2-build-macosx-x86_64/jdk8u162/10278/hotspot/src/share/vm/prims/jni.cpp, line 709]
Event: 0.961 Thread 0x00007fa31e001800 Exception <a 'java/lang/UnsatisfiedLinkError': com.jogamp.common.util.JarUtil.fixNativeLibAttribs(Ljava/lang/String;)Z> (0x000000076bd777b8) thrown at [/Users/java_re/workspace/8-2-build-macosx-x86_64/jdk8u162/10278/hotspot/src/share/vm/prims/nativeLookup

Events (10 events):
Event: 2.572 Thread 0x00007fa31d9a6000 DEOPT PACKING pc=0x000000010f1181f4 sp=0x0000700004a9dd60
Event: 2.572 Thread 0x00007fa31d9a6000 DEOPT UNPACKING pc=0x000000010eff5784 sp=0x0000700004a9dba0 mode 1
Event: 2.620 loading class processing/net/Client
Event: 2.620 loading class processing/net/Client done
Event: 2.620 Thread 0x00007fa31d9a6000 DEOPT PACKING pc=0x000000010f1aa271 sp=0x0000700004a9dfb0
Event: 2.620 Thread 0x00007fa31d9a6000 DEOPT UNPACKING pc=0x000000010eff5784 sp=0x0000700004a9dd20 mode 1
Event: 2.620 Thread 0x00007fa31d9a6000 DEOPT PACKING pc=0x000000010f118454 sp=0x0000700004a9e030
Event: 2.620 Thread 0x00007fa31d9a6000 DEOPT UNPACKING pc=0x000000010eff5784 sp=0x0000700004a9de70 mode 1
Event: 2.620 Thread 0x00007fa31d9a6000 DEOPT PACKING pc=0x000000010f1181f4 sp=0x0000700004a9e1c0
Event: 2.620 Thread 0x00007fa31d9a6000 DEOPT UNPACKING pc=0x000000010eff5784 sp=0x0000700004a9e000 mode 1


Dynamic libraries:
0x0000000008e21000 	/System/Library/Frameworks/Cocoa.framework/Versions/A/Cocoa
0x0000000008e21000 	/System/Library/Frameworks/Security.framework/Versions/A/Security
0x0000000008e21000 	/System/Library/Frameworks/ApplicationServices.framework/Versions/A/ApplicationServices
0x0000000008e21000 	/usr/lib/libz.1.dylib
0x0000000008e21000 	/usr/lib/libSystem.B.dylib
0x0000000008e21000 	/usr/lib/libobjc.A.dylib
0x0000000008e21000 	/System/Library/Frameworks/CoreFoundation.framework/Versions/A/CoreFoundation
0x0000000008e21000 	/System/Library/Frameworks/Foundation.framework/Versions/C/Foundation
0x0000000008e21000 	/System/Library/Frameworks/AppKit.framework/Versions/C/AppKit
0x0000000008e21000 	/System/Library/Frameworks/CoreData.framework/Versions/A/CoreData
0x0000000008e21000 	/System/Library/PrivateFrameworks/RemoteViewServices.framework/Versions/A/RemoteViewServices
0x0000000008e21000 	/System/Library/PrivateFrameworks/UIFoundation.framework/Versions/A/UIFoundation
0x0000000008e21000 	/System/Library/PrivateFrameworks/DFRFoundation.framework/Versions/A/DFRFoundation
0x0000000008e21000 	/System/Library/Frameworks/Metal.framework/Versions/A/Metal
0x0000000008e21000 	/System/Library/PrivateFrameworks/DesktopServicesPriv.framework/Versions/A/DesktopServicesPriv
0x0000000008e21000 	/usr/lib/libenergytrace.dylib
0x0000000008e21000 	/System/Library/PrivateFrameworks/SkyLight.framework/Versions/A/SkyLight
0x0000000008e21000 	/System/Library/Frameworks/CoreGraphics.framework/Versions/A/CoreGraphics
0x0000000008e21000 	/usr/lib/libScreenReader.dylib
0x0000000008e21000 	/System/Library/Frameworks/Accelerate.framework/Versions/A/Accelerate
0x0000000008e21000 	/System/Library/Frameworks/IOSurface.framework/Versions/A/IOSurface
0x0000000008e21000 	/System/Library/Frameworks/AudioToolbox.framework/Versions/A/AudioToolbox
0x0000000008e21000 	/System/Library/Frameworks/AudioUnit.framework/Versions/A/AudioUnit
0x0000000008e21000 	/System/Library/PrivateFrameworks/DataDetectorsCore.framework/Versions/A/DataDetectorsCore
0x0000000008e21000 	/System/Library/Frameworks/Carbon.framework/Versions/A/Frameworks/HIToolbox.framework/Versions/A/HIToolbox
0x0000000008e21000 	/usr/lib/libicucore.A.dylib
0x0000000008e21000 	/System/Library/Frameworks/QuartzCore.framework/Versions/A/QuartzCore
0x0000000008e21000 	/System/Library/PrivateFrameworks/SignpostNotification.framework/Versions/A/SignpostNotification
0x0000000008e21000 	/System/Library/Frameworks/Carbon.framework/Versions/A/Frameworks/SpeechRecognition.framework/Versions/A/SpeechRecognition
0x0000000008e21000 	/usr/lib/libauto.dylib
0x0000000008e21000 	/usr/lib/libxml2.2.dylib
0x0000000008e21000 	/System/Library/PrivateFrameworks/CoreUI.framework/Versions/A/CoreUI
0x0000000008e21000 	/System/Library/Frameworks/CoreAudio.framework/Versions/A/CoreAudio
0x0000000008e21000 	/System/Library/Frameworks/DiskArbitration.framework/Versions/A/DiskArbitration
0x0000000008e21000 	/usr/lib/liblangid.dylib
0x0000000008e21000 	/System/Library/PrivateFrameworks/MultitouchSupport.framework/Versions/A/MultitouchSupport
0x0000000008e21000 	/System/Library/Frameworks/IOKit.framework/Versions/A/IOKit
0x0000000008e21000 	/usr/lib/libDiagnosticMessagesClient.dylib
0x0000000008e21000 	/System/Library/Frameworks/CoreServices.framework/Versions/A/CoreServices
0x0000000008e21000 	/System/Library/PrivateFrameworks/PerformanceAnalysis.framework/Versions/A/PerformanceAnalysis
0x0000000008e21000 	/System/Library/Frameworks/OpenGL.framework/Versions/A/OpenGL
0x0000000008e21000 	/System/Library/Frameworks/ColorSync.framework/Versions/A/ColorSync
0x0000000008e21000 	/System/Library/Frameworks/CoreImage.framework/Versions/A/CoreImage
0x0000000008e21000 	/System/Library/Frameworks/CoreText.framework/Versions/A/CoreText
0x0000000008e21000 	/System/Library/Frameworks/ImageIO.framework/Versions/A/ImageIO
0x0000000008e21000 	/System/Library/PrivateFrameworks/Backup.framework/Versions/A/Backup
0x0000000008e21000 	/usr/lib/libarchive.2.dylib
0x0000000008e21000 	/System/Library/Frameworks/CFNetwork.framework/Versions/A/CFNetwork
0x0000000008e21000 	/System/Library/Frameworks/SystemConfiguration.framework/Versions/A/SystemConfiguration
0x0000000008e21000 	/usr/lib/libCRFSuite.dylib
0x0000000008e21000 	/usr/lib/libc++.1.dylib
0x0000000008e21000 	/usr/lib/libc++abi.dylib
0x0000000008e21000 	/usr/lib/system/libcache.dylib
0x0000000008e21000 	/usr/lib/system/libcommonCrypto.dylib
0x0000000008e21000 	/usr/lib/system/libcompiler_rt.dylib
0x0000000008e21000 	/usr/lib/system/libcopyfile.dylib
0x0000000008e21000 	/usr/lib/system/libcorecrypto.dylib
0x0000000008e21000 	/usr/lib/system/libdispatch.dylib
0x0000000008e21000 	/usr/lib/system/libdyld.dylib
0x0000000008e21000 	/usr/lib/system/libkeymgr.dylib
0x0000000008e21000 	/usr/lib/system/liblaunch.dylib
0x0000000008e21000 	/usr/lib/system/libmacho.dylib
0x0000000008e21000 	/usr/lib/system/libquarantine.dylib
0x0000000008e21000 	/usr/lib/system/libremovefile.dylib
0x0000000008e21000 	/usr/lib/system/libsystem_asl.dylib
0x0000000008e21000 	/usr/lib/system/libsystem_blocks.dylib
0x0000000008e21000 	/usr/lib/system/libsystem_c.dylib
0x0000000008e21000 	/usr/lib/system/libsystem_configuration.dylib
0x0000000008e21000 	/usr/lib/system/libsystem_coreservices.dylib
0x0000000008e21000 	/usr/lib/system/libsystem_darwin.dylib
0x0000000008e21000 	/usr/lib/system/libsystem_dnssd.dylib
0x0000000008e21000 	/usr/lib/system/libsystem_info.dylib
0x0000000008e21000 	/usr/lib/system/libsystem_m.dylib
0x0000000008e21000 	/usr/lib/system/libsystem_malloc.dylib
0x0000000008e21000 	/usr/lib/system/libsystem_network.dylib
0x0000000008e21000 	/usr/lib/system/libsystem_networkextension.dylib
0x0000000008e21000 	/usr/lib/system/libsystem_notify.dylib
0x0000000008e21000 	/usr/lib/system/libsystem_sandbox.dylib
0x0000000008e21000 	/usr/lib/system/libsystem_secinit.dylib
0x0000000008e21000 	/usr/lib/system/libsystem_kernel.dylib
0x0000000008e21000 	/usr/lib/system/libsystem_platform.dylib
0x0000000008e21000 	/usr/lib/system/libsystem_pthread.dylib
0x0000000008e21000 	/usr/lib/system/libsystem_symptoms.dylib
0x0000000008e21000 	/usr/lib/system/libsystem_trace.dylib
0x0000000008e21000 	/usr/lib/system/libunwind.dylib
0x0000000008e21000 	/usr/lib/system/libxpc.dylib
0x0000000008e21000 	/usr/lib/closure/libclosured.dylib
0x0000000008e21000 	/usr/lib/libbsm.0.dylib
0x0000000008e21000 	/usr/lib/system/libkxld.dylib
0x0000000008e21000 	/usr/lib/libOpenScriptingUtil.dylib
0x0000000008e21000 	/usr/lib/libcoretls.dylib
0x0000000008e21000 	/usr/lib/libcoretls_cfhelpers.dylib
0x0000000008e21000 	/usr/lib/libpam.2.dylib
0x0000000008e21000 	/usr/lib/libsqlite3.dylib
0x0000000008e21000 	/usr/lib/libxar.1.dylib
0x0000000008e21000 	/usr/lib/libbz2.1.0.dylib
0x0000000008e21000 	/usr/lib/liblzma.5.dylib
0x0000000008e21000 	/usr/lib/libnetwork.dylib
0x0000000008e21000 	/usr/lib/libapple_nghttp2.dylib
0x0000000008e21000 	/usr/lib/libpcap.A.dylib
0x0000000008e21000 	/usr/lib/libboringssl.dylib
0x0000000008e21000 	/usr/lib/libusrtcp.dylib
0x0000000008e21000 	/usr/lib/libapple_crypto.dylib
0x0000000008e21000 	/System/Library/Frameworks/CoreServices.framework/Versions/A/Frameworks/FSEvents.framework/Versions/A/FSEvents
0x0000000008e21000 	/System/Library/Frameworks/CoreServices.framework/Versions/A/Frameworks/CarbonCore.framework/Versions/A/CarbonCore
0x0000000008e21000 	/System/Library/Frameworks/CoreServices.framework/Versions/A/Frameworks/Metadata.framework/Versions/A/Metadata
0x0000000008e21000 	/System/Library/Frameworks/CoreServices.framework/Versions/A/Frameworks/OSServices.framework/Versions/A/OSServices
0x0000000008e21000 	/System/Library/Frameworks/CoreServices.framework/Versions/A/Frameworks/SearchKit.framework/Versions/A/SearchKit
0x0000000008e21000 	/System/Library/Frameworks/CoreServices.framework/Versions/A/Frameworks/AE.framework/Versions/A/AE
0x0000000008e21000 	/System/Library/Frameworks/CoreServices.framework/Versions/A/Frameworks/LaunchServices.framework/Versions/A/LaunchServices
0x0000000008e21000 	/System/Library/Frameworks/CoreServices.framework/Versions/A/Frameworks/DictionaryServices.framework/Versions/A/DictionaryServices
0x0000000008e21000 	/System/Library/Frameworks/CoreServices.framework/Versions/A/Frameworks/SharedFileList.framework/Versions/A/SharedFileList
0x0000000008e21000 	/System/Library/Frameworks/NetFS.framework/Versions/A/NetFS
0x0000000008e21000 	/System/Library/PrivateFrameworks/NetAuth.framework/Versions/A/NetAuth
0x0000000008e21000 	/System/Library/PrivateFrameworks/login.framework/Versions/A/Frameworks/loginsupport.framework/Versions/A/loginsupport
0x0000000008e21000 	/System/Library/PrivateFrameworks/TCC.framework/Versions/A/TCC
0x0000000008e21000 	/usr/lib/libmecabra.dylib
0x0000000008e21000 	/System/Library/Frameworks/ApplicationServices.framework/Versions/A/Frameworks/ATS.framework/Versions/A/ATS
0x0000000008e21000 	/System/Library/Frameworks/ApplicationServices.framework/Versions/A/Frameworks/ColorSyncLegacy.framework/Versions/A/ColorSyncLegacy
0x0000000008e21000 	/System/Library/Frameworks/ApplicationServices.framework/Versions/A/Frameworks/HIServices.framework/Versions/A/HIServices
0x0000000008e21000 	/System/Library/Frameworks/ApplicationServices.framework/Versions/A/Frameworks/LangAnalysis.framework/Versions/A/LangAnalysis
0x0000000008e21000 	/System/Library/Frameworks/ApplicationServices.framework/Versions/A/Frameworks/PrintCore.framework/Versions/A/PrintCore
0x0000000008e21000 	/System/Library/Frameworks/ApplicationServices.framework/Versions/A/Frameworks/QD.framework/Versions/A/QD
0x0000000008e21000 	/System/Library/Frameworks/ApplicationServices.framework/Versions/A/Frameworks/SpeechSynthesis.framework/Versions/A/SpeechSynthesis
0x0000000008e21000 	/System/Library/Frameworks/CoreDisplay.framework/Versions/A/CoreDisplay
0x0000000008e21000 	/System/Library/Frameworks/Accelerate.framework/Versions/A/Frameworks/vImage.framework/Versions/A/vImage
0x0000000008e21000 	/System/Library/Frameworks/Accelerate.framework/Versions/A/Frameworks/vecLib.framework/Versions/A/vecLib
0x0000000008e21000 	/System/Library/Frameworks/Accelerate.framework/Versions/A/Frameworks/vecLib.framework/Versions/A/libvDSP.dylib
0x0000000008e21000 	/System/Library/Frameworks/Accelerate.framework/Versions/A/Frameworks/vecLib.framework/Versions/A/libBNNS.dylib
0x0000000008e21000 	/System/Library/Frameworks/Accelerate.framework/Versions/A/Frameworks/vecLib.framework/Versions/A/libQuadrature.dylib
0x0000000008e21000 	/System/Library/Frameworks/Accelerate.framework/Versions/A/Frameworks/vecLib.framework/Versions/A/libvMisc.dylib
0x0000000008e21000 	/System/Library/Frameworks/Accelerate.framework/Versions/A/Frameworks/vecLib.framework/Versions/A/libLAPACK.dylib
0x0000000008e21000 	/System/Library/Frameworks/Accelerate.framework/Versions/A/Frameworks/vecLib.framework/Versions/A/libBLAS.dylib
0x0000000008e21000 	/System/Library/Frameworks/Accelerate.framework/Versions/A/Frameworks/vecLib.framework/Versions/A/libLinearAlgebra.dylib
0x0000000008e21000 	/System/Library/Frameworks/Accelerate.framework/Versions/A/Frameworks/vecLib.framework/Versions/A/libSparse.dylib
0x0000000008e21000 	/System/Library/Frameworks/Accelerate.framework/Versions/A/Frameworks/vecLib.framework/Versions/A/libSparseBLAS.dylib
0x0000000008e21000 	/System/Library/PrivateFrameworks/GPUWrangler.framework/Versions/A/GPUWrangler
0x0000000008e21000 	/System/Library/PrivateFrameworks/IOAccelerator.framework/Versions/A/IOAccelerator
0x0000000008e21000 	/System/Library/PrivateFrameworks/IOPresentment.framework/Versions/A/IOPresentment
0x0000000008e21000 	/System/Library/PrivateFrameworks/DSExternalDisplay.framework/Versions/A/DSExternalDisplay
0x0000000008e21000 	/System/Library/Frameworks/OpenGL.framework/Versions/A/Libraries/libCoreFSCache.dylib
0x0000000008e21000 	/System/Library/Frameworks/CoreVideo.framework/Versions/A/CoreVideo
0x0000000008e21000 	/System/Library/PrivateFrameworks/GraphVisualizer.framework/Versions/A/GraphVisualizer
0x0000000008e21000 	/System/Library/Frameworks/MetalPerformanceShaders.framework/Versions/A/MetalPerformanceShaders
0x0000000008e21000 	/usr/lib/libFosl_dynamic.dylib
0x0000000008e21000 	/System/Library/PrivateFrameworks/FaceCore.framework/Versions/A/FaceCore
0x0000000008e21000 	/System/Library/Frameworks/OpenCL.framework/Versions/A/OpenCL
0x0000000008e21000 	/usr/lib/libcompression.dylib
0x0000000008e21000 	/System/Library/Frameworks/ApplicationServices.framework/Versions/A/Frameworks/ATS.framework/Versions/A/Resources/libFontParser.dylib
0x0000000008e21000 	/System/Library/Frameworks/ApplicationServices.framework/Versions/A/Frameworks/ATS.framework/Versions/A/Resources/libFontRegistry.dylib
0x0000000008e21000 	/System/Library/Frameworks/ImageIO.framework/Versions/A/Resources/libJPEG.dylib
0x0000000008e21000 	/System/Library/Frameworks/ImageIO.framework/Versions/A/Resources/libTIFF.dylib
0x0000000008e21000 	/System/Library/Frameworks/ImageIO.framework/Versions/A/Resources/libPng.dylib
0x0000000008e21000 	/System/Library/Frameworks/ImageIO.framework/Versions/A/Resources/libGIF.dylib
0x0000000008e21000 	/System/Library/Frameworks/ImageIO.framework/Versions/A/Resources/libJP2.dylib
0x0000000008e21000 	/System/Library/Frameworks/ImageIO.framework/Versions/A/Resources/libRadiance.dylib
0x0000000008e21000 	/System/Library/PrivateFrameworks/AppleJPEG.framework/Versions/A/AppleJPEG
0x0000000008e21000 	/System/Library/Frameworks/MetalPerformanceShaders.framework/Frameworks/MPSCore.framework/Versions/A/MPSCore
0x0000000008e21000 	/System/Library/Frameworks/MetalPerformanceShaders.framework/Frameworks/MPSImage.framework/Versions/A/MPSImage
0x0000000008e21000 	/System/Library/Frameworks/MetalPerformanceShaders.framework/Frameworks/MPSNeuralNetwork.framework/Versions/A/MPSNeuralNetwork
0x0000000008e21000 	/System/Library/Frameworks/MetalPerformanceShaders.framework/Frameworks/MPSMatrix.framework/Versions/A/MPSMatrix
0x0000000008e21000 	/System/Library/PrivateFrameworks/MetalTools.framework/Versions/A/MetalTools
0x0000000008e21000 	/System/Library/Frameworks/OpenGL.framework/Versions/A/Libraries/libGLU.dylib
0x0000000008e21000 	/System/Library/Frameworks/OpenGL.framework/Versions/A/Libraries/libGFXShared.dylib
0x0000000008e21000 	/System/Library/Frameworks/OpenGL.framework/Versions/A/Libraries/libGL.dylib
0x0000000008e21000 	/System/Library/Frameworks/OpenGL.framework/Versions/A/Libraries/libGLImage.dylib
0x0000000008e21000 	/System/Library/Frameworks/OpenGL.framework/Versions/A/Libraries/libCVMSPluginSupport.dylib
0x0000000008e21000 	/System/Library/Frameworks/OpenGL.framework/Versions/A/Libraries/libCoreVMClient.dylib
0x0000000008e21000 	/usr/lib/libcups.2.dylib
0x0000000008e21000 	/System/Library/Frameworks/Kerberos.framework/Versions/A/Kerberos
0x0000000008e21000 	/System/Library/Frameworks/GSS.framework/Versions/A/GSS
0x0000000008e21000 	/usr/lib/libresolv.9.dylib
0x0000000008e21000 	/usr/lib/libiconv.2.dylib
0x0000000008e21000 	/System/Library/PrivateFrameworks/Heimdal.framework/Versions/A/Heimdal
0x0000000008e21000 	/usr/lib/libheimdal-asn1.dylib
0x0000000008e21000 	/System/Library/Frameworks/OpenDirectory.framework/Versions/A/OpenDirectory
0x0000000008e21000 	/System/Library/PrivateFrameworks/CommonAuth.framework/Versions/A/CommonAuth
0x0000000008e21000 	/System/Library/Frameworks/OpenDirectory.framework/Versions/A/Frameworks/CFOpenDirectory.framework/Versions/A/CFOpenDirectory
0x0000000008e21000 	/System/Library/Frameworks/SecurityFoundation.framework/Versions/A/SecurityFoundation
0x0000000008e21000 	/System/Library/PrivateFrameworks/APFS.framework/Versions/A/APFS
0x0000000008e21000 	/usr/lib/libutil.dylib
0x0000000008e21000 	/System/Library/PrivateFrameworks/AppleSauce.framework/Versions/A/AppleSauce
0x0000000008e21000 	/System/Library/PrivateFrameworks/LinguisticData.framework/Versions/A/LinguisticData
0x0000000008e21000 	/usr/lib/libmarisa.dylib
0x0000000008e21000 	/System/Library/PrivateFrameworks/Lexicon.framework/Versions/A/Lexicon
0x0000000008e21000 	/usr/lib/libChineseTokenizer.dylib
0x0000000008e21000 	/usr/lib/libcmph.dylib
0x0000000008e21000 	/System/Library/PrivateFrameworks/LanguageModeling.framework/Versions/A/LanguageModeling
0x0000000008e21000 	/System/Library/PrivateFrameworks/CoreEmoji.framework/Versions/A/CoreEmoji
0x0000000008e21000 	/System/Library/Frameworks/ServiceManagement.framework/Versions/A/ServiceManagement
0x0000000008e21000 	/System/Library/PrivateFrameworks/BackgroundTaskManagement.framework/Versions/A/BackgroundTaskManagement
0x0000000008e21000 	/usr/lib/libxslt.1.dylib
0x0000000008e21000 	/System/Library/Frameworks/Carbon.framework/Versions/A/Frameworks/Ink.framework/Versions/A/Ink
0x0000000008e21000 	/System/Library/PrivateFrameworks/TextureIO.framework/Versions/A/TextureIO
0x0000000008e21000 	/usr/lib/libate.dylib
0x0000000008e21000 	/System/Library/PrivateFrameworks/CrashReporterSupport.framework/Versions/A/CrashReporterSupport
0x0000000008e21000 	/System/Library/PrivateFrameworks/Sharing.framework/Versions/A/Sharing
0x0000000008e21000 	/System/Library/PrivateFrameworks/IconServices.framework/Versions/A/IconServices
0x0000000008e21000 	/System/Library/PrivateFrameworks/Apple80211.framework/Versions/A/Apple80211
0x0000000008e21000 	/System/Library/PrivateFrameworks/CoreUtils.framework/Versions/A/CoreUtils
0x0000000008e21000 	/System/Library/Frameworks/CoreWLAN.framework/Versions/A/CoreWLAN
0x0000000008e21000 	/System/Library/Frameworks/IOBluetooth.framework/Versions/A/IOBluetooth
0x0000000008e21000 	/System/Library/PrivateFrameworks/ProtocolBuffer.framework/Versions/A/ProtocolBuffer
0x0000000008e21000 	/System/Library/PrivateFrameworks/CoreWiFi.framework/Versions/A/CoreWiFi
0x0000000008e21000 	/System/Library/Frameworks/CoreBluetooth.framework/Versions/A/CoreBluetooth
0x0000000008e21000 	/System/Library/PrivateFrameworks/DebugSymbols.framework/Versions/A/DebugSymbols
0x0000000008e21000 	/System/Library/PrivateFrameworks/CoreSymbolication.framework/Versions/A/CoreSymbolication
0x0000000008e21000 	/System/Library/PrivateFrameworks/Symbolication.framework/Versions/A/Symbolication
0x0000000008e21000 	/System/Library/PrivateFrameworks/AppleFSCompression.framework/Versions/A/AppleFSCompression
0x0000000008e21000 	/System/Library/PrivateFrameworks/SpeechRecognitionCore.framework/Versions/A/SpeechRecognitionCore
0x000000010e000000 	/Applications/Processing.app/Contents/PlugIns/jdk1.8.0_162.jdk/Contents/Home/jre/lib/server/libjvm.dylib
0x0000000008e21000 	/usr/lib/libstdc++.6.0.9.dylib
0x000000010c963000 	/Applications/Processing.app/Contents/PlugIns/jdk1.8.0_162.jdk/Contents/Home/jre/lib/libverify.dylib
0x000000010c971000 	/Applications/Processing.app/Contents/PlugIns/jdk1.8.0_162.jdk/Contents/Home/jre/lib/libjava.dylib
0x000000010c9a8000 	/Applications/Processing.app/Contents/PlugIns/jdk1.8.0_162.jdk/Contents/Home/jre/lib/libjdwp.dylib
0x000000010c9f3000 	/Applications/Processing.app/Contents/PlugIns/jdk1.8.0_162.jdk/Contents/Home/jre/lib/libnpt.dylib
0x000000010ca40000 	/Applications/Processing.app/Contents/PlugIns/jdk1.8.0_162.jdk/Contents/Home/jre/lib/libzip.dylib
0x000000010cf36000 	/Applications/Processing.app/Contents/PlugIns/jdk1.8.0_162.jdk/Contents/Home/jre/lib/libdt_socket.dylib
0x000000012b752000 	/Applications/Processing.app/Contents/PlugIns/jdk1.8.0_162.jdk/Contents/Home/jre/lib/libawt.dylib
0x000000012b7fc000 	/Applications/Processing.app/Contents/PlugIns/jdk1.8.0_162.jdk/Contents/Home/jre/lib/./libmlib_image.dylib
0x0000000008e21000 	/System/Library/Frameworks/JavaVM.framework/Versions/A/Frameworks/JavaNativeFoundation.framework/Versions/A/JavaNativeFoundation
0x0000000008e21000 	/System/Library/Frameworks/JavaVM.framework/Versions/A/Frameworks/JavaRuntimeSupport.framework/Versions/A/JavaRuntimeSupport
0x0000000008e21000 	/System/Library/Frameworks/JavaVM.framework/Versions/A/JavaVM
0x0000000008e21000 	/System/Library/PrivateFrameworks/JavaLaunching.framework/Versions/A/JavaLaunching
0x0000000008e21000 	/System/Library/Frameworks/Carbon.framework/Versions/A/Carbon
0x0000000008e21000 	/System/Library/Frameworks/Carbon.framework/Versions/A/Frameworks/CommonPanels.framework/Versions/A/CommonPanels
0x0000000008e21000 	/System/Library/Frameworks/Carbon.framework/Versions/A/Frameworks/Help.framework/Versions/A/Help
0x0000000008e21000 	/System/Library/Frameworks/Carbon.framework/Versions/A/Frameworks/ImageCapture.framework/Versions/A/ImageCapture
0x0000000008e21000 	/System/Library/Frameworks/Carbon.framework/Versions/A/Frameworks/OpenScripting.framework/Versions/A/OpenScripting
0x0000000008e21000 	/System/Library/Frameworks/Carbon.framework/Versions/A/Frameworks/Print.framework/Versions/A/Print
0x0000000008e21000 	/System/Library/Frameworks/Carbon.framework/Versions/A/Frameworks/SecurityHI.framework/Versions/A/SecurityHI
0x000000012b8c8000 	/Applications/Processing.app/Contents/PlugIns/jdk1.8.0_162.jdk/Contents/Home/jre/lib/libawt_lwawt.dylib
0x000000012b982000 	/Applications/Processing.app/Contents/PlugIns/jdk1.8.0_162.jdk/Contents/Home/jre/lib/./libosxapp.dylib
0x0000000008e21000 	/System/Library/Frameworks/ExceptionHandling.framework/Versions/A/ExceptionHandling
0x0000000008e21000 	/System/Library/PrivateFrameworks/CoreServicesInternal.framework/Versions/A/CoreServicesInternal
0x0000000008e21000 	/System/Library/CoreServices/RawCamera.bundle/Contents/MacOS/RawCamera
0x0000000008e21000 	/System/Library/PrivateFrameworks/MobileAsset.framework/Versions/A/MobileAsset
0x0000000008e21000 	/System/Library/PrivateFrameworks/StreamingZip.framework/Versions/A/StreamingZip
0x0000000008e21000 	/System/Library/Frameworks/MediaToolbox.framework/Versions/A/MediaToolbox
0x0000000008e21000 	/System/Library/PrivateFrameworks/CoreAVCHD.framework/Versions/A/CoreAVCHD
0x0000000008e21000 	/System/Library/Frameworks/MediaAccessibility.framework/Versions/A/MediaAccessibility
0x0000000008e21000 	/System/Library/PrivateFrameworks/Mangrove.framework/Versions/A/Mangrove
0x0000000008e21000 	/System/Library/Frameworks/CoreMedia.framework/Versions/A/CoreMedia
0x0000000008e21000 	/System/Library/Frameworks/VideoToolbox.framework/Versions/A/VideoToolbox
0x0000000008e21000 	/System/Library/PrivateFrameworks/CoreAUC.framework/Versions/A/CoreAUC
0x0000000008e21000 	/usr/lib/libspindump.dylib
0x0000000008e21000 	/System/Library/PrivateFrameworks/AppleVA.framework/Versions/A/AppleVA
0x0000000008e21000 	/System/Library/Frameworks/Accelerate.framework/Versions/A/Frameworks/vImage.framework/Versions/A/Libraries/libCGInterfaces.dylib
0x0000000008e21000 	/System/Library/Frameworks/ApplicationServices.framework/Versions/A/Frameworks/ATS.framework/Versions/A/Resources/libTrueTypeScaler.dylib
0x0000000008e21000 	/System/Library/Extensions/AppleIntelHD5000GraphicsMTLDriver.bundle/Contents/MacOS/AppleIntelHD5000GraphicsMTLDriver
0x000000012de44000 	/System/Library/Extensions/GeForceMTLDriverWeb.bundle/Contents/MacOS/GeForceMTLDriverWeb
0x0000000008e21000 	/System/Library/PrivateFrameworks/GPUCompiler.framework/Versions/3802/Libraries/libmetal_timestamp.dylib
0x0000000008e21000 	/System/Library/PrivateFrameworks/FamilyControls.framework/Versions/A/FamilyControls
0x0000000008e21000 	/System/Library/PrivateFrameworks/CommerceKit.framework/Versions/A/Frameworks/CommerceCore.framework/Versions/A/CommerceCore
0x0000000008e21000 	/System/Library/PrivateFrameworks/SystemAdministration.framework/Versions/A/SystemAdministration
0x0000000008e21000 	/System/Library/PrivateFrameworks/AppContainer.framework/Versions/A/AppContainer
0x0000000008e21000 	/System/Library/PrivateFrameworks/SecCodeWrapper.framework/Versions/A/SecCodeWrapper
0x0000000008e21000 	/System/Library/PrivateFrameworks/DiskManagement.framework/Versions/A/DiskManagement
0x0000000008e21000 	/System/Library/Frameworks/DirectoryService.framework/Versions/A/DirectoryService
0x0000000008e21000 	/System/Library/PrivateFrameworks/DiskImages.framework/Versions/A/DiskImages
0x0000000008e21000 	/System/Library/PrivateFrameworks/LoginUIKit.framework/Versions/A/Frameworks/LoginUICore.framework/Versions/A/LoginUICore
0x0000000008e21000 	/usr/lib/libCoreStorage.dylib
0x0000000008e21000 	/usr/lib/libcsfde.dylib
0x0000000008e21000 	/usr/lib/libodfde.dylib
0x0000000008e21000 	/System/Library/PrivateFrameworks/MediaKit.framework/Versions/A/MediaKit
0x0000000008e21000 	/System/Library/Frameworks/DiscRecording.framework/Versions/A/DiscRecording
0x0000000008e21000 	/System/Library/PrivateFrameworks/EFILogin.framework/Versions/A/EFILogin
0x0000000008e21000 	/System/Library/PrivateFrameworks/ProtectedCloudStorage.framework/Versions/A/ProtectedCloudStorage
0x0000000008e21000 	/usr/lib/libcurl.4.dylib
0x0000000008e21000 	/usr/lib/libcrypto.35.dylib
0x0000000008e21000 	/usr/lib/libssl.35.dylib
0x0000000008e21000 	/System/Library/Frameworks/LDAP.framework/Versions/A/LDAP
0x0000000008e21000 	/System/Library/PrivateFrameworks/TrustEvaluationAgent.framework/Versions/A/TrustEvaluationAgent
0x0000000008e21000 	/usr/lib/libsasl2.2.dylib
0x0000000008e21000 	/System/Library/PrivateFrameworks/CoreDaemon.framework/Versions/B/CoreDaemon
0x0000000008e21000 	/System/Library/PrivateFrameworks/AppleSRP.framework/Versions/A/AppleSRP
0x000000012e55d000 	/Applications/Processing.app/Contents/PlugIns/jdk1.8.0_162.jdk/Contents/Home/jre/lib/libfontmanager.dylib
0x0000000008e21000 	/System/Library/Frameworks/OpenGL.framework/Versions/A/Resources/GLEngine.bundle/GLEngine
0x0000000008e21000 	/System/Library/Frameworks/OpenGL.framework/Versions/A/Libraries/libGLProgrammability.dylib
0x000000012e5c4000 	/System/Library/Extensions/AppleIntelHD5000GraphicsGLDriver.bundle/Contents/MacOS/AppleIntelHD5000GraphicsGLDriver
0x0000000008e21000 	/System/Library/PrivateFrameworks/GPUSupport.framework/Versions/A/Libraries/libGPUSupportMercury.dylib
0x000000012ed2c000 	/System/Library/Extensions/GeForceGLDriverWeb.bundle/Contents/MacOS/GeForceGLDriverWeb
0x0000000008e21000 	/System/Library/Frameworks/OpenGL.framework/Versions/A/Resources/GLRendererFloat.bundle/GLRendererFloat
0x0000000008e21000 	/System/Library/Frameworks/OpenCL.framework/Versions/A/Libraries/libcldcpuengine.dylib
0x0000000130cdf000 	/Applications/Processing.app/Contents/PlugIns/jdk1.8.0_162.jdk/Contents/Home/jre/lib/libnet.dylib
0x0000000130d3e000 	/Applications/Processing.app/Contents/PlugIns/jdk1.8.0_162.jdk/Contents/Home/jre/lib/libnio.dylib
0x0000000008e21000 	/System/Library/PrivateFrameworks/ViewBridge.framework/Versions/A/ViewBridge
0x0000000130dca000 	/private/var/folders/y0/c_y71rs91f1dyym66g41j22c0000gn/T/jogamp_0000/file_cache/jln5889106108482187863/jln2313689302256803537/natives/macosx-universal/libgluegen-rt.jnilib
0x0000000130dce000 	/private/var/folders/y0/c_y71rs91f1dyym66g41j22c0000gn/T/jogamp_0000/file_cache/jln5889106108482187863/jln2313689302256803537/natives/macosx-universal/libnativewindow_awt.jnilib
0x0000000130dd1000 	/Applications/Processing.app/Contents/PlugIns/jdk1.8.0_162.jdk/Contents/Home/jre/lib/libjawt.dylib
0x0000000130dd4000 	/private/var/folders/y0/c_y71rs91f1dyym66g41j22c0000gn/T/jogamp_0000/file_cache/jln5889106108482187863/jln2313689302256803537/natives/macosx-universal/libnativewindow_macosx.jnilib
0x0000000130dde000 	/private/var/folders/y0/c_y71rs91f1dyym66g41j22c0000gn/T/jogamp_0000/file_cache/jln5889106108482187863/jln2313689302256803537/natives/macosx-universal/libnewt.jnilib
0x000000012cd7a000 	/private/var/folders/y0/c_y71rs91f1dyym66g41j22c0000gn/T/jogamp_0000/file_cache/jln5889106108482187863/jln2313689302256803537/natives/macosx-universal/libjogl_desktop.jnilib
0x000000013188a000 	/private/var/folders/y0/c_y71rs91f1dyym66g41j22c0000gn/T/jogamp_0000/file_cache/jln5889106108482187863/jln2313689302256803537/natives/macosx-universal/libjogl_mobile.jnilib
0x000000012bfd0000 	/Users/bsys/Documents/Processing/libraries/SimpleOpenNI/library/libSimpleOpenNI.jnilib
0x000000012c016000 	/Users/bsys/Documents/Processing/libraries/SimpleOpenNI/library/./osx/libboost_thread-mt.dylib
0x000000012c041000 	/Users/bsys/Documents/Processing/libraries/SimpleOpenNI/library/./osx/libboost_system-mt.dylib
0x000000012d830000 	/Users/bsys/Documents/Processing/libraries/SimpleOpenNI/library/./osx/libOpenNI2.dylib
0x000000013345a000 	/Users/bsys/Documents/Processing/libraries/SimpleOpenNI/library/./osx/libNiTE2.dylib
0x000000012c048000 	/Users/bsys/Documents/Processing/libraries/SimpleOpenNI/library/osx/OpenNI2/Drivers/libFreenectDriver.dylib
0x000000012c062000 	/Users/bsys/Documents/Processing/libraries/SimpleOpenNI/library/osx/OpenNI2/Drivers/./libfreenect.0.1.2.dylib
0x000000012c073000 	/Users/bsys/Documents/Processing/libraries/SimpleOpenNI/library/osx/OpenNI2/Drivers/././libusb-1.0.0.dylib
0x000000012c085000 	/System/Library/Extensions/IOUSBFamily.kext/Contents/PlugIns/IOUSBLib.bundle/Contents/MacOS/IOUSBLib
0x000000012d9df000 	/Users/bsys/Documents/Processing/libraries/SimpleOpenNI/library/osx/OpenNI2/Drivers/libOniFile.dylib
0x0000000131548000 	/Users/bsys/Documents/Processing/libraries/SimpleOpenNI/library/osx/OpenNI2/Drivers/libPS1080.dylib
0x000000012c09b000 	/usr/local/lib/libusb-1.0.0.dylib
0x000000012da58000 	/Users/bsys/Documents/Processing/libraries/SimpleOpenNI/library/osx/OpenNI2/Drivers/libPSLink.dylib
0x000000012c125000 	/Users/bsys/Documents/Processing/libraries/SimpleOpenNI/library/osx/OpenNI2/Drivers/libfreenect.0.5.3.dylib
0x000000012c135000 	/Users/bsys/Documents/Processing/libraries/SimpleOpenNI/library/osx/OpenNI2/Drivers/libfreenect2-openni2.0.dylib
0x000000013395e000 	/Users/bsys/libfreenect2/build/lib/libfreenect2.0.2.dylib
0x0000000130faf000 	/usr/local/opt/jpeg-turbo/lib/libturbojpeg.0.dylib
0x000000012d937000 	/usr/local/opt/glfw/lib/libglfw.3.dylib
0x00000001339f8000 	/Users/bsys/Documents/Processing/libraries/SimpleOpenNI/library/osx/OpenNI2/Drivers/libfreenect2.0.2.0.dylib
0x0000000008e21000 	/usr/lib/libsystemstats.dylib

VM Arguments:
jvm_args: -agentlib:jdwp=transport=dt_socket,address=8138,server=y,suspend=y,quiet=y -Djna.nosys=true -Djava.ext.dirs=/Applications/Processing.app/Contents/PlugIns/jdk1.8.0_162.jdk/Contents/Home/jre/lib/ext -Djava.library.path=:/Applications/Processing.app/Contents/Java/core/library:/Applications/Processing.app/Contents/Java/modes/java/libraries/net/library:/Users/bsys/Documents/Processing/libraries/SimpleOpenNI/library:/Users/bsys/Library/Java/Extensions:/Library/Java/Extensions:/Network/Library/Java/Extensions:/System/Library/Java/Extensions:/usr/lib/java:. -ea 
java_command: processing.core.PApplet --display=1 --sketch-path=/Users/bsys/Desktop/Client_Mac Client_Mac
java_class_path (initial): /var/folders/y0/c_y71rs91f1dyym66g41j22c0000gn/T/Client_Mac2449859501331563079temp:/Applications/Processing.app/Contents/Java/core/library/gluegen-rt-natives-linux-armv6hf.jar:/Applications/Processing.app/Contents/Java/core/library/jogl-all-natives-linux-armv6hf.jar:/Applications/Processing.app/Contents/Java/core/library/gluegen-rt-natives-linux-aarch64.jar:/Applications/Processing.app/Contents/Java/core/library/jogl-all-natives-linux-aarch64.jar:/Applications/Processing.app/Contents/Java/core/library/gluegen-rt-natives-macosx-universal.jar:/Applications/Processing.app/Contents/Java/core/library/gluegen-rt-natives-linux-amd64.jar:/Applications/Processing.app/Contents/Java/core/library/jogl-all-natives-linux-i586.jar:/Applications/Processing.app/Contents/Java/core/library/gluegen-rt-natives-windows-i586.jar:/Applications/Processing.app/Contents/Java/core/library/jogl-all.jar:/Applications/Processing.app/Contents/Java/core/library/gluegen-rt-natives-linux-i586.jar:/Applications/Processing.app/Contents/Java/core/library/jogl-all-natives-linux-amd64.jar:/Applications/Processing.app/Contents/Java/core/library/gluegen-rt.jar:/Applications/Processing.app/Contents/Java/core/library/core.jar:/Applications/Processing.app/Contents/Java/core/library/jogl-all-natives-macosx-universal.jar:/Applications/Processing.app/Contents/Java/core/library/jogl-all-natives-windows-i586.jar:/Applications/Processing.app/Contents/Java/core/library/gluegen-rt-natives-windows-amd64.jar:/Applications/Processing.app/Contents/Java/core/library/jogl-all-natives-windows-amd64.jar:/Applications/Processing.app/Contents/Java/modes/java/libraries/net/library/net.jar:/Users/bsys/Documents/Processing/libraries/SimpleOpenNI/library/SimpleOpenNI.jar:ant.jar:ant-launcher.jar:core.jar:jna.jar:pde.jar:jna-platform.jar:core/library/gluegen-rt-natives-linux-armv6hf.jar:core/library/jogl-all-natives-linux-armv6hf.jar:core/library/gluegen-rt-natives-linux-aarch64.jar:core/library/jogl-all
Launcher Type: SUN_STANDARD

Environment Variables:
PATH=/Users/bsys/.platformio/penv/bin:/Users/bsys/.platformio/penv:/Users/bsys/anaconda3/bin:/Library/Frameworks/Python.framework/Versions/3.6/bin:/Library/Frameworks/Python.framework/Versions/2.7/bin:/usr/local/bin:/usr/local/bin:/Library/Frameworks/Python.framework/Versions/2.7/bin:/Users/bsys/anaconda3/bin:/Library/Frameworks/Python.framework/Versions/2.7/bin:/Users/bsys/anaconda3/bin:/Library/Frameworks/Python.framework/Versions/3.6/bin:/Library/Frameworks/Python.framework/Versions/3.6/bin:/opt/local/bin:/opt/local/sbin:/Users/bsys/anaconda/bin:/Library/Frameworks/Python.framework/Versions/3.6/bin:/Library/Frameworks/Python.framework/Versions/3.6/bin:/Users/bsys/anaconda/bin:/Library/Frameworks/Python.framework/Versions/2.7/bin:/usr/bin:/bin:/usr/sbin:/sbin:/usr/local/bin:/Library/TeX/texbin:/opt/X11/bin:/Library/Frameworks/Mono.framework/Versions/Current/Commands
SHELL=/bin/bash
DISPLAY=/private/tmp/com.apple.launchd.GYjwVDUP6j/org.macosforge.xquartz:0

Signal Handlers:
SIGSEGV: [libjvm.dylib+0x5b52b5], sa_mask[0]=11111111011111110111111111111111, sa_flags=SA_ONSTACK|SA_RESTART|SA_SIGINFO
SIGBUS: [libjvm.dylib+0x5b52b5], sa_mask[0]=11111111011111110111111111111111, sa_flags=SA_RESTART|SA_SIGINFO
SIGFPE: [libjvm.dylib+0x48ac5c], sa_mask[0]=11111111011111110111111111111111, sa_flags=SA_RESTART|SA_SIGINFO
SIGPIPE: [libjvm.dylib+0x48ac5c], sa_mask[0]=11111111011111110111111111111111, sa_flags=SA_RESTART|SA_SIGINFO
SIGXFSZ: [libjvm.dylib+0x48ac5c], sa_mask[0]=11111111011111110111111111111111, sa_flags=SA_RESTART|SA_SIGINFO
SIGILL: [libjvm.dylib+0x48ac5c], sa_mask[0]=11111111011111110111111111111111, sa_flags=SA_RESTART|SA_SIGINFO
SIGUSR1: SIG_DFL, sa_mask[0]=00000000000000000000000000000000, sa_flags=none
SIGUSR2: [libjvm.dylib+0x48a77a], sa_mask[0]=00100000000000000000000000000000, sa_flags=SA_RESTART|SA_SIGINFO
SIGHUP: [libjvm.dylib+0x488d45], sa_mask[0]=11111111011111110111111111111111, sa_flags=SA_RESTART|SA_SIGINFO
SIGINT: SIG_IGN, sa_mask[0]=00000000000000000000000000000000, sa_flags=none
SIGTERM: [libjvm.dylib+0x488d45], sa_mask[0]=11111111011111110111111111111111, sa_flags=SA_RESTART|SA_SIGINFO
SIGQUIT: [libjvm.dylib+0x488d45], sa_mask[0]=11111111011111110111111111111111, sa_flags=SA_RESTART|SA_SIGINFO


---------------  S Y S T E M  ---------------

OS:Bsduname:Darwin 17.5.0 Darwin Kernel Version 17.5.0: Fri Apr 13 19:32:32 PDT 2018; root:xnu-4570.51.2~1/RELEASE_X86_64 x86_64
rlimit: STACK 8192k, CORE 0k, NPROC 1418, NOFILE 10240, AS infinity
load average:2.06 2.26 2.23

CPU:total 8 (initial active 8) (4 cores per cpu, 2 threads per core) family 6 model 70 stepping 1, cmov, cx8, fxsr, mmx, sse, sse2, sse3, ssse3, sse4.1, sse4.2, popcnt, avx, avx2, aes, clmul, erms, lzcnt, ht, tsc, tscinvbit, bmi1, bmi2

Memory: 4k page, physical 16777216k(64544k free)

/proc/meminfo:


vm_info: Java HotSpot(TM) 64-Bit Server VM (25.162-b12) for bsd-amd64 JRE (1.8.0_162-b12), built on Dec 19 2017 17:33:35 by "java_re" with gcc 4.2.1 (Based on Apple Inc. build 5658) (LLVM build 2336.11.00)

time: Sat Jun  9 16:13:03 2018
elapsed time: 2 seconds (0d 0h 0m 2s)

