#
# A fatal error has been detected by the Java Runtime Environment:
#
#  SIGSEGV (0xb) at pc=0x000000013616fd0f, pid=27155, tid=0x000000000000fe33
#
# JRE version: Java(TM) SE Runtime Environment (8.0_162-b12) (build 1.8.0_162-b12)
# Java VM: Java HotSpot(TM) 64-Bit Server VM (25.162-b12 mixed mode bsd-amd64 compressed oops)
# Problematic frame:
# C  [libfreenect2-openni2.0.dylib+0x6d0f]  _ZN15Freenect2Driver6Driver10deviceOpenEPKcS2_+0xcff
#
# Failed to write core dump. Core dumps have been disabled. To enable core dumping, try "ulimit -c unlimited" before starting Java again
#
# If you would like to submit a bug report, please visit:
#   http://bugreport.java.com/bugreport/crash.jsp
# The crash happened outside the Java Virtual Machine in native code.
# See problematic frame for where to report the bug.
#

---------------  T H R E A D  ---------------

Current thread (0x00007fd2918e0800):  JavaThread "Animation Thread" [_thread_in_native, id=65075, stack(0x0000700011af5000,0x0000700011bf5000)]

siginfo: si_signo: 11 (SIGSEGV), si_code: 1 (SEGV_MAPERR), si_addr: 0x0000000000000000

Registers:
RAX=0x00007fd28ff81b68, RBX=0x0000000000000000, RCX=0x0000000000000000, RDX=0x000000000004b250
RSP=0x0000700011bf42a0, RBP=0x0000700011bf4520, RSI=0x000000010a64de00, RDI=0x000000010a64a080
R8 =0x0000000000000004, R9 =0x00007fd28ffb5aa0, R10=0x000007fd28ffa750, R11=0x0000000000000005
R12=0x0000000000000001, R13=0x0000000000000000, R14=0x00007fd28ff81bb0, R15=0x00007fd28ff81b50
RIP=0x000000013616fd0f, EFLAGS=0x0000000000010202, ERR=0x0000000000000004
  TRAPNO=0x000000000000000e

Top of Stack: (sp=0x0000700011bf42a0)
0x0000700011bf42a0:   0000000136178860 0000000000000000
0x0000700011bf42b0:   0000000136178888 00000001361787b8
0x0000700011bf42c0:   00007fffa4ae69e0 0000700011bf42f9
0x0000700011bf42d0:   0000700011bf430d 0000700011bf430d
0x0000700011bf42e0:   0000700011bf42f9 0000700011bf42f9
0x0000700011bf42f0:   0000700011bf430f 6c6169726573262c
0x0000700011bf4300:   313436303132303d 0000003734363334
0x0000700011bf4310:   0000700011bf430d 0000000000000018
0x0000700011bf4320:   00000001361788b0 0000000000001002
0x0000700011bf4330:   0000000000000006 0000000000000000
0x0000700011bf4340:   0000000000000006 0000700011bf42b8
0x0000700011bf4350:   00007fffa4ae69e0 0000000000000000
0x0000700011bf4360:   0000000000000000 0000000000000000
0x0000700011bf4370:   0000000000000000 0000000000000000
0x0000700011bf4380:   0000000000000000 0000000000000000
0x0000700011bf4390:   0000000000000000 0000000000000000
0x0000700011bf43a0:   0000000000000000 0000000000000000
0x0000700011bf43b0:   fd000000ffffffff 00007fd28fe562f0
0x0000700011bf43c0:   00007fd28fe56308 0000000000000021
0x0000700011bf43d0:   0000000000000018 00007fd28ff819b0
0x0000700011bf43e0:   0000000000000021 0000000000000019
0x0000700011bf43f0:   00007fd28ff819b0 0000000000000021
0x0000700011bf4400:   000000000000001c 00007fd28ff819b0
0x0000700011bf4410:   00007fffa51e0000 000000010a64de00
0x0000700011bf4420:   000000010a649000 00007fd28fe562c8
0x0000700011bf4430:   0000000000000031 0000000000000021
0x0000700011bf4440:   00007fd28ffa7500 00007fd28fdf2050
0x0000700011bf4450:   6c61697265732628 313436303132303d
0x0000700011bf4460:   0000003734363334 00007fff6cd6c1bd
0x0000700011bf4470:   3d6c616972657326 3431343630313230
0x0000700011bf4480:   0000000037343633 0000000000000000
0x0000700011bf4490:   00007fd28ff81960 00007fd28fe56290 

Instructions: (pc=0x000000013616fd0f)
0x000000013616fcef:   00 00 00 00 48 8b bd a0 fe ff ff 44 89 ee e8 c4
0x000000013616fcff:   5f 00 00 48 89 c3 4c 89 f8 48 83 c0 18 48 89 18
0x000000013616fd0f:   48 8b 03 48 89 df 4c 89 f6 ff 50 48 48 8b 03 48
0x000000013616fd1f:   89 df 4c 89 f6 ff 50 50 bf 20 00 00 00 e8 91 60 

Register to memory mapping:

RAX=0x00007fd28ff81b68 is an unknown value
RBX=0x0000000000000000 is an unknown value
RCX=0x0000000000000000 is an unknown value
RDX=0x000000000004b250 is an unknown value
RSP=0x0000700011bf42a0 is pointing into the stack for thread: 0x00007fd2918e0800
RBP=0x0000700011bf4520 is pointing into the stack for thread: 0x00007fd2918e0800
RSI=0x000000010a64de00 is an unknown value
RDI=0x000000010a64a080 is an unknown value
R8 =0x0000000000000004 is an unknown value
R9 =0x00007fd28ffb5aa0 is an unknown value
R10=0x000007fd28ffa750 is an unknown value
R11=0x0000000000000005 is an unknown value
R12=0x0000000000000001 is an unknown value
R13=0x0000000000000000 is an unknown value
R14=0x00007fd28ff81bb0 is an unknown value
R15=0x00007fd28ff81b50 is an unknown value


Stack: [0x0000700011af5000,0x0000700011bf5000],  sp=0x0000700011bf42a0,  free space=1020k
Native frames: (J=compiled Java code, j=interpreted, Vv=VM code, C=native code)
C  [libfreenect2-openni2.0.dylib+0x6d0f]  _ZN15Freenect2Driver6Driver10deviceOpenEPKcS2_+0xcff
C  [libOpenNI2.dylib+0x837a]  _ZN3oni14implementation6Device4openEPKc+0x1a
C  [libSimpleOpenNI.jnilib+0x115a6]  _ZN7sOpenNI14ContextWrapper4initEi+0x46
C  [libSimpleOpenNI.jnilib+0x660f]  Java_SimpleOpenNI_SimpleOpenNIJNI_ContextWrapper_1init_1_1SWIG_10+0xf
j  SimpleOpenNI.SimpleOpenNIJNI.ContextWrapper_init__SWIG_0(JLSimpleOpenNI/ContextWrapper;I)Z+0
j  SimpleOpenNI.ContextWrapper.init(I)Z+6
j  SimpleOpenNI.SimpleOpenNI.initEnv(Lprocessing/core/PApplet;II)V+37
j  SimpleOpenNI.SimpleOpenNI.<init>(Lprocessing/core/PApplet;)V+17
j  DepthImage.setup()V+6
j  processing.core.PApplet.handleDraw()V+81
j  processing.awt.PSurfaceAWT$12.callDraw()V+7
j  processing.core.PSurfaceNone$AnimationThread.run()V+30
v  ~StubRoutines::call_stub
V  [libjvm.dylib+0x2ef6ce]
V  [libjvm.dylib+0x2efe72]
V  [libjvm.dylib+0x2f001e]
V  [libjvm.dylib+0x34a815]
V  [libjvm.dylib+0x56ed0f]
V  [libjvm.dylib+0x57040a]
V  [libjvm.dylib+0x48d672]
C  [libsystem_pthread.dylib+0x3661]  _pthread_body+0x154
C  [libsystem_pthread.dylib+0x350d]  _pthread_body+0x0
C  [libsystem_pthread.dylib+0x2bf9]  thread_start+0xd
C  0x0000000000000000

Java frames: (J=compiled Java code, j=interpreted, Vv=VM code)
j  SimpleOpenNI.SimpleOpenNIJNI.ContextWrapper_init__SWIG_0(JLSimpleOpenNI/ContextWrapper;I)Z+0
j  SimpleOpenNI.ContextWrapper.init(I)Z+6
j  SimpleOpenNI.SimpleOpenNI.initEnv(Lprocessing/core/PApplet;II)V+37
j  SimpleOpenNI.SimpleOpenNI.<init>(Lprocessing/core/PApplet;)V+17
j  DepthImage.setup()V+6
j  processing.core.PApplet.handleDraw()V+81
j  processing.awt.PSurfaceAWT$12.callDraw()V+7
j  processing.core.PSurfaceNone$AnimationThread.run()V+30
v  ~StubRoutines::call_stub

---------------  P R O C E S S  ---------------

Java Threads: ( => current thread )
  0x00007fd29124c800 JavaThread "DestroyJavaVM" [_thread_blocked, id=6147, stack(0x000070000fc0f000,0x000070000fd0f000)]
=>0x00007fd2918e0800 JavaThread "Animation Thread" [_thread_in_native, id=65075, stack(0x0000700011af5000,0x0000700011bf5000)]
  0x00007fd2919b3000 JavaThread "AWT-EventQueue-0" [_thread_blocked, id=57351, stack(0x00007000119f2000,0x0000700011af2000)]
  0x00007fd294117000 JavaThread "Image Fetcher 0" daemon [_thread_blocked, id=53035, stack(0x00007000117e9000,0x00007000118e9000)]
  0x00007fd2938d8800 JavaThread "Java2D Disposer" daemon [_thread_blocked, id=51219, stack(0x00007000116e6000,0x00007000117e6000)]
  0x00007fd2938df800 JavaThread "Java2D Queue Flusher" daemon [_thread_blocked, id=80779, stack(0x00007000115e3000,0x00007000116e3000)]
  0x00007fd290915800 JavaThread "AWT-Shutdown" [_thread_blocked, id=35627, stack(0x0000700011251000,0x0000700011351000)]
  0x00007fd293018000 JavaThread "AppKit Thread" daemon [_thread_in_native, id=775, stack(0x00007ffee4dd3000,0x00007ffee55d3000)]
  0x00007fd291825000 JavaThread "Service Thread" daemon [_thread_blocked, id=43267, stack(0x000070001104b000,0x000070001114b000)]
  0x00007fd293800800 JavaThread "C1 CompilerThread3" daemon [_thread_blocked, id=22019, stack(0x0000700010f48000,0x0000700011048000)]
  0x00007fd291835000 JavaThread "C2 CompilerThread2" daemon [_thread_blocked, id=16899, stack(0x0000700010e45000,0x0000700010f45000)]
  0x00007fd292829000 JavaThread "C2 CompilerThread1" daemon [_thread_blocked, id=17155, stack(0x0000700010d42000,0x0000700010e42000)]
  0x00007fd292827800 JavaThread "C2 CompilerThread0" daemon [_thread_blocked, id=17667, stack(0x0000700010c3f000,0x0000700010d3f000)]
  0x00007fd290812000 JavaThread "JDWP Command Reader" daemon [_thread_in_native, id=18179, stack(0x0000700010b3c000,0x0000700010c3c000)]
  0x00007fd291806800 JavaThread "JDWP Event Helper Thread" daemon [_thread_blocked, id=16131, stack(0x0000700010a39000,0x0000700010b39000)]
  0x00007fd29181a800 JavaThread "JDWP Transport Listener: dt_socket" daemon [_thread_blocked, id=15623, stack(0x0000700010936000,0x0000700010a36000)]
  0x00007fd29080c000 JavaThread "Signal Dispatcher" daemon [_thread_blocked, id=15367, stack(0x0000700010833000,0x0000700010933000)]
  0x00007fd292843000 JavaThread "Finalizer" daemon [_thread_blocked, id=13059, stack(0x0000700010730000,0x0000700010830000)]
  0x00007fd290808000 JavaThread "Reference Handler" daemon [_thread_blocked, id=19715, stack(0x000070001062d000,0x000070001072d000)]

Other Threads:
  0x00007fd293003000 VMThread [stack: 0x000070001052a000,0x000070001062a000] [id=20227]
  0x00007fd290008800 WatcherThread [stack: 0x000070001114e000,0x000070001124e000] [id=42755]

VM state:not at safepoint (normal execution)

VM Mutex/Monitor currently owned by a thread: None

Heap:
 PSYoungGen      total 76288K, used 25119K [0x000000076ab00000, 0x0000000770000000, 0x00000007c0000000)
  eden space 65536K, 38% used [0x000000076ab00000,0x000000076c387ca0,0x000000076eb00000)
  from space 10752K, 0% used [0x000000076f580000,0x000000076f580000,0x0000000770000000)
  to   space 10752K, 0% used [0x000000076eb00000,0x000000076eb00000,0x000000076f580000)
 ParOldGen       total 175104K, used 0K [0x00000006c0000000, 0x00000006cab00000, 0x000000076ab00000)
  object space 175104K, 0% used [0x00000006c0000000,0x00000006c0000000,0x00000006cab00000)
 Metaspace       used 10505K, capacity 10812K, committed 11008K, reserved 1058816K
  class space    used 1176K, capacity 1270K, committed 1280K, reserved 1048576K

Card table byte_map: [0x000000010cb6e000,0x000000010d36f000] byte_map_base: 0x000000010956e000

Marking Bits: (ParMarkBitMap*) 0x000000010c0f76c0
 Begin Bits: [0x000000011cd62000, 0x0000000120d62000)
 End Bits:   [0x0000000120d62000, 0x0000000124d62000)

Polling page: 0x000000010a6b2000

CodeCache: size=245760Kb used=2355Kb max_used=2355Kb free=243404Kb
 bounds [0x000000010dd62000, 0x000000010dfd2000, 0x000000011cd62000]
 total_blobs=1011 nmethods=496 adapters=437
 compilation: enabled

Compilation events (10 events):
Event: 1.698 Thread 0x00007fd293800800  490       3       sun.misc.URLClassPath$JarLoader::findResource (18 bytes)
Event: 1.698 Thread 0x00007fd293800800 nmethod 490 0x000000010dfab910 code [0x000000010dfabaa0, 0x000000010dfabd78]
Event: 1.698 Thread 0x00007fd293800800  491       3       java.io.File::getName (42 bytes)
Event: 1.699 Thread 0x00007fd293800800 nmethod 491 0x000000010dfabe90 code [0x000000010dfac020, 0x000000010dfac508]
Event: 1.704 Thread 0x00007fd293800800  492       3       sun.util.locale.LocaleUtils::isUpper (18 bytes)
Event: 1.704 Thread 0x00007fd293800800 nmethod 492 0x000000010dfac6d0 code [0x000000010dfac840, 0x000000010dfaca10]
Event: 1.706 Thread 0x00007fd293800800  495       1       java.net.URLClassLoader::access$000 (5 bytes)
Event: 1.707 Thread 0x00007fd293800800 nmethod 495 0x000000010dfaebd0 code [0x000000010dfaed20, 0x000000010dfaee10]
Event: 1.707 Thread 0x00007fd293800800  496       3       java.lang.String::equalsIgnoreCase (48 bytes)
Event: 1.707 Thread 0x00007fd293800800 nmethod 496 0x000000010dfaee90 code [0x000000010dfaf000, 0x000000010dfaf368]

GC Heap History (0 events):
No events

Deoptimization events (1 events):
Event: 0.540 Thread 0x00007fd290009800 Uncommon trap: reason=unstable_if action=reinterpret pc=0x000000010de7b04c method=java.lang.String.hashCode()I @ 14

Classes redefined (0 events):
No events

Internal exceptions (10 events):
Event: 0.043 Thread 0x00007fd290009800 Exception <a 'java/lang/NoSuchMethodError': Method sun.misc.Unsafe.defineClass(Ljava/lang/String;[BII)Ljava/lang/Class; name or signature does not match> (0x000000076ab07ca0) thrown at [/Users/java_re/workspace/8-2-build-macosx-x86_64/jdk8u162/10278/hotsp
Event: 0.043 Thread 0x00007fd290009800 Exception <a 'java/lang/NoSuchMethodError': Method sun.misc.Unsafe.prefetchRead(Ljava/lang/Object;J)V name or signature does not match> (0x000000076ab07f88) thrown at [/Users/java_re/workspace/8-2-build-macosx-x86_64/jdk8u162/10278/hotspot/src/share/vm/pr
Event: 0.587 Thread 0x00007fd290009800 Exception <a 'java/security/PrivilegedActionException'> (0x000000076b0a6d38) thrown at [/Users/java_re/workspace/8-2-build-macosx-x86_64/jdk8u162/10278/hotspot/src/share/vm/prims/jvm.cpp, line 1390]
Event: 0.587 Thread 0x00007fd290009800 Exception <a 'java/security/PrivilegedActionException'> (0x000000076b0a6f48) thrown at [/Users/java_re/workspace/8-2-build-macosx-x86_64/jdk8u162/10278/hotspot/src/share/vm/prims/jvm.cpp, line 1390]
Event: 0.587 Thread 0x00007fd290009800 Exception <a 'java/security/PrivilegedActionException'> (0x000000076b0aa730) thrown at [/Users/java_re/workspace/8-2-build-macosx-x86_64/jdk8u162/10278/hotspot/src/share/vm/prims/jvm.cpp, line 1390]
Event: 0.587 Thread 0x00007fd290009800 Exception <a 'java/security/PrivilegedActionException'> (0x000000076b0aa940) thrown at [/Users/java_re/workspace/8-2-build-macosx-x86_64/jdk8u162/10278/hotspot/src/share/vm/prims/jvm.cpp, line 1390]
Event: 0.660 Thread 0x00007fd290009800 Exception <a 'java/lang/NoSuchFieldError': method resolution failed> (0x000000076b3ed308) thrown at [/Users/java_re/workspace/8-2-build-macosx-x86_64/jdk8u162/10278/hotspot/src/share/vm/prims/methodHandles.cpp, line 1167]
Event: 0.662 Thread 0x00007fd290009800 Exception <a 'java/lang/NoSuchFieldError': method resolution failed> (0x000000076b3faa58) thrown at [/Users/java_re/workspace/8-2-build-macosx-x86_64/jdk8u162/10278/hotspot/src/share/vm/prims/methodHandles.cpp, line 1167]
Event: 1.009 Thread 0x00007fd290009800 Exception <a 'java/io/FileNotFoundException'> (0x000000076b4765f0) thrown at [/Users/java_re/workspace/8-2-build-macosx-x86_64/jdk8u162/10278/hotspot/src/share/vm/prims/jni.cpp, line 709]
Event: 1.009 Thread 0x00007fd290009800 Exception <a 'java/io/FileNotFoundException'> (0x000000076b4771d8) thrown at [/Users/java_re/workspace/8-2-build-macosx-x86_64/jdk8u162/10278/hotspot/src/share/vm/prims/jni.cpp, line 709]

Events (10 events):
Event: 1.705 loading class java/text/CharacterIterator
Event: 1.705 loading class java/text/CharacterIterator done
Event: 1.705 loading class java/text/AttributedCharacterIterator done
Event: 1.705 loading class java/text/AttributedString$AttributedStringIterator done
Event: 1.706 loading class processing/core/PVector
Event: 1.706 loading class processing/core/PVector done
Event: 1.706 Thread 0x00007fd2918e0800 DEOPT PACKING pc=0x000000010decd4d4 sp=0x0000700011bf3350
Event: 1.706 Thread 0x00007fd2918e0800 DEOPT UNPACKING pc=0x000000010dda9784 sp=0x0000700011bf3190 mode 1
Event: 1.706 Thread 0x00007fd2918e0800 DEOPT PACKING pc=0x000000010decd274 sp=0x0000700011bf34e0
Event: 1.706 Thread 0x00007fd2918e0800 DEOPT UNPACKING pc=0x000000010dda9784 sp=0x0000700011bf3320 mode 1


Dynamic libraries:
0x000000001cd0c000 	/System/Library/Frameworks/Cocoa.framework/Versions/A/Cocoa
0x000000001cd0c000 	/System/Library/Frameworks/Security.framework/Versions/A/Security
0x000000001cd0c000 	/System/Library/Frameworks/ApplicationServices.framework/Versions/A/ApplicationServices
0x000000001cd0c000 	/usr/lib/libz.1.dylib
0x000000001cd0c000 	/usr/lib/libSystem.B.dylib
0x000000001cd0c000 	/usr/lib/libobjc.A.dylib
0x000000001cd0c000 	/System/Library/Frameworks/CoreFoundation.framework/Versions/A/CoreFoundation
0x000000001cd0c000 	/System/Library/Frameworks/Foundation.framework/Versions/C/Foundation
0x000000001cd0c000 	/System/Library/Frameworks/AppKit.framework/Versions/C/AppKit
0x000000001cd0c000 	/System/Library/Frameworks/CoreData.framework/Versions/A/CoreData
0x000000001cd0c000 	/System/Library/PrivateFrameworks/RemoteViewServices.framework/Versions/A/RemoteViewServices
0x000000001cd0c000 	/System/Library/PrivateFrameworks/UIFoundation.framework/Versions/A/UIFoundation
0x000000001cd0c000 	/System/Library/PrivateFrameworks/DFRFoundation.framework/Versions/A/DFRFoundation
0x000000001cd0c000 	/System/Library/Frameworks/Metal.framework/Versions/A/Metal
0x000000001cd0c000 	/System/Library/PrivateFrameworks/DesktopServicesPriv.framework/Versions/A/DesktopServicesPriv
0x000000001cd0c000 	/usr/lib/libenergytrace.dylib
0x000000001cd0c000 	/System/Library/PrivateFrameworks/SkyLight.framework/Versions/A/SkyLight
0x000000001cd0c000 	/System/Library/Frameworks/CoreGraphics.framework/Versions/A/CoreGraphics
0x000000001cd0c000 	/usr/lib/libScreenReader.dylib
0x000000001cd0c000 	/System/Library/Frameworks/Accelerate.framework/Versions/A/Accelerate
0x000000001cd0c000 	/System/Library/Frameworks/IOSurface.framework/Versions/A/IOSurface
0x000000001cd0c000 	/System/Library/Frameworks/AudioToolbox.framework/Versions/A/AudioToolbox
0x000000001cd0c000 	/System/Library/Frameworks/AudioUnit.framework/Versions/A/AudioUnit
0x000000001cd0c000 	/System/Library/PrivateFrameworks/DataDetectorsCore.framework/Versions/A/DataDetectorsCore
0x000000001cd0c000 	/System/Library/Frameworks/Carbon.framework/Versions/A/Frameworks/HIToolbox.framework/Versions/A/HIToolbox
0x000000001cd0c000 	/usr/lib/libicucore.A.dylib
0x000000001cd0c000 	/System/Library/Frameworks/QuartzCore.framework/Versions/A/QuartzCore
0x000000001cd0c000 	/System/Library/PrivateFrameworks/SignpostNotification.framework/Versions/A/SignpostNotification
0x000000001cd0c000 	/System/Library/Frameworks/Carbon.framework/Versions/A/Frameworks/SpeechRecognition.framework/Versions/A/SpeechRecognition
0x000000001cd0c000 	/usr/lib/libauto.dylib
0x000000001cd0c000 	/usr/lib/libxml2.2.dylib
0x000000001cd0c000 	/System/Library/PrivateFrameworks/CoreUI.framework/Versions/A/CoreUI
0x000000001cd0c000 	/System/Library/Frameworks/CoreAudio.framework/Versions/A/CoreAudio
0x000000001cd0c000 	/System/Library/Frameworks/DiskArbitration.framework/Versions/A/DiskArbitration
0x000000001cd0c000 	/usr/lib/liblangid.dylib
0x000000001cd0c000 	/System/Library/PrivateFrameworks/MultitouchSupport.framework/Versions/A/MultitouchSupport
0x000000001cd0c000 	/System/Library/Frameworks/IOKit.framework/Versions/A/IOKit
0x000000001cd0c000 	/usr/lib/libDiagnosticMessagesClient.dylib
0x000000001cd0c000 	/System/Library/Frameworks/CoreServices.framework/Versions/A/CoreServices
0x000000001cd0c000 	/System/Library/PrivateFrameworks/PerformanceAnalysis.framework/Versions/A/PerformanceAnalysis
0x000000001cd0c000 	/System/Library/Frameworks/OpenGL.framework/Versions/A/OpenGL
0x000000001cd0c000 	/System/Library/Frameworks/ColorSync.framework/Versions/A/ColorSync
0x000000001cd0c000 	/System/Library/Frameworks/CoreImage.framework/Versions/A/CoreImage
0x000000001cd0c000 	/System/Library/Frameworks/CoreText.framework/Versions/A/CoreText
0x000000001cd0c000 	/System/Library/Frameworks/ImageIO.framework/Versions/A/ImageIO
0x000000001cd0c000 	/System/Library/PrivateFrameworks/Backup.framework/Versions/A/Backup
0x000000001cd0c000 	/usr/lib/libarchive.2.dylib
0x000000001cd0c000 	/System/Library/Frameworks/CFNetwork.framework/Versions/A/CFNetwork
0x000000001cd0c000 	/System/Library/Frameworks/SystemConfiguration.framework/Versions/A/SystemConfiguration
0x000000001cd0c000 	/usr/lib/libCRFSuite.dylib
0x000000001cd0c000 	/usr/lib/libc++.1.dylib
0x000000001cd0c000 	/usr/lib/libc++abi.dylib
0x000000001cd0c000 	/usr/lib/system/libcache.dylib
0x000000001cd0c000 	/usr/lib/system/libcommonCrypto.dylib
0x000000001cd0c000 	/usr/lib/system/libcompiler_rt.dylib
0x000000001cd0c000 	/usr/lib/system/libcopyfile.dylib
0x000000001cd0c000 	/usr/lib/system/libcorecrypto.dylib
0x000000001cd0c000 	/usr/lib/system/libdispatch.dylib
0x000000001cd0c000 	/usr/lib/system/libdyld.dylib
0x000000001cd0c000 	/usr/lib/system/libkeymgr.dylib
0x000000001cd0c000 	/usr/lib/system/liblaunch.dylib
0x000000001cd0c000 	/usr/lib/system/libmacho.dylib
0x000000001cd0c000 	/usr/lib/system/libquarantine.dylib
0x000000001cd0c000 	/usr/lib/system/libremovefile.dylib
0x000000001cd0c000 	/usr/lib/system/libsystem_asl.dylib
0x000000001cd0c000 	/usr/lib/system/libsystem_blocks.dylib
0x000000001cd0c000 	/usr/lib/system/libsystem_c.dylib
0x000000001cd0c000 	/usr/lib/system/libsystem_configuration.dylib
0x000000001cd0c000 	/usr/lib/system/libsystem_coreservices.dylib
0x000000001cd0c000 	/usr/lib/system/libsystem_darwin.dylib
0x000000001cd0c000 	/usr/lib/system/libsystem_dnssd.dylib
0x000000001cd0c000 	/usr/lib/system/libsystem_info.dylib
0x000000001cd0c000 	/usr/lib/system/libsystem_m.dylib
0x000000001cd0c000 	/usr/lib/system/libsystem_malloc.dylib
0x000000001cd0c000 	/usr/lib/system/libsystem_network.dylib
0x000000001cd0c000 	/usr/lib/system/libsystem_networkextension.dylib
0x000000001cd0c000 	/usr/lib/system/libsystem_notify.dylib
0x000000001cd0c000 	/usr/lib/system/libsystem_sandbox.dylib
0x000000001cd0c000 	/usr/lib/system/libsystem_secinit.dylib
0x000000001cd0c000 	/usr/lib/system/libsystem_kernel.dylib
0x000000001cd0c000 	/usr/lib/system/libsystem_platform.dylib
0x000000001cd0c000 	/usr/lib/system/libsystem_pthread.dylib
0x000000001cd0c000 	/usr/lib/system/libsystem_symptoms.dylib
0x000000001cd0c000 	/usr/lib/system/libsystem_trace.dylib
0x000000001cd0c000 	/usr/lib/system/libunwind.dylib
0x000000001cd0c000 	/usr/lib/system/libxpc.dylib
0x000000001cd0c000 	/usr/lib/closure/libclosured.dylib
0x000000001cd0c000 	/usr/lib/libbsm.0.dylib
0x000000001cd0c000 	/usr/lib/system/libkxld.dylib
0x000000001cd0c000 	/usr/lib/libOpenScriptingUtil.dylib
0x000000001cd0c000 	/usr/lib/libcoretls.dylib
0x000000001cd0c000 	/usr/lib/libcoretls_cfhelpers.dylib
0x000000001cd0c000 	/usr/lib/libpam.2.dylib
0x000000001cd0c000 	/usr/lib/libsqlite3.dylib
0x000000001cd0c000 	/usr/lib/libxar.1.dylib
0x000000001cd0c000 	/usr/lib/libbz2.1.0.dylib
0x000000001cd0c000 	/usr/lib/liblzma.5.dylib
0x000000001cd0c000 	/usr/lib/libnetwork.dylib
0x000000001cd0c000 	/usr/lib/libapple_nghttp2.dylib
0x000000001cd0c000 	/usr/lib/libpcap.A.dylib
0x000000001cd0c000 	/usr/lib/libboringssl.dylib
0x000000001cd0c000 	/usr/lib/libusrtcp.dylib
0x000000001cd0c000 	/usr/lib/libapple_crypto.dylib
0x000000001cd0c000 	/System/Library/Frameworks/CoreServices.framework/Versions/A/Frameworks/FSEvents.framework/Versions/A/FSEvents
0x000000001cd0c000 	/System/Library/Frameworks/CoreServices.framework/Versions/A/Frameworks/CarbonCore.framework/Versions/A/CarbonCore
0x000000001cd0c000 	/System/Library/Frameworks/CoreServices.framework/Versions/A/Frameworks/Metadata.framework/Versions/A/Metadata
0x000000001cd0c000 	/System/Library/Frameworks/CoreServices.framework/Versions/A/Frameworks/OSServices.framework/Versions/A/OSServices
0x000000001cd0c000 	/System/Library/Frameworks/CoreServices.framework/Versions/A/Frameworks/SearchKit.framework/Versions/A/SearchKit
0x000000001cd0c000 	/System/Library/Frameworks/CoreServices.framework/Versions/A/Frameworks/AE.framework/Versions/A/AE
0x000000001cd0c000 	/System/Library/Frameworks/CoreServices.framework/Versions/A/Frameworks/LaunchServices.framework/Versions/A/LaunchServices
0x000000001cd0c000 	/System/Library/Frameworks/CoreServices.framework/Versions/A/Frameworks/DictionaryServices.framework/Versions/A/DictionaryServices
0x000000001cd0c000 	/System/Library/Frameworks/CoreServices.framework/Versions/A/Frameworks/SharedFileList.framework/Versions/A/SharedFileList
0x000000001cd0c000 	/System/Library/Frameworks/NetFS.framework/Versions/A/NetFS
0x000000001cd0c000 	/System/Library/PrivateFrameworks/NetAuth.framework/Versions/A/NetAuth
0x000000001cd0c000 	/System/Library/PrivateFrameworks/login.framework/Versions/A/Frameworks/loginsupport.framework/Versions/A/loginsupport
0x000000001cd0c000 	/System/Library/PrivateFrameworks/TCC.framework/Versions/A/TCC
0x000000001cd0c000 	/usr/lib/libmecabra.dylib
0x000000001cd0c000 	/System/Library/Frameworks/ApplicationServices.framework/Versions/A/Frameworks/ATS.framework/Versions/A/ATS
0x000000001cd0c000 	/System/Library/Frameworks/ApplicationServices.framework/Versions/A/Frameworks/ColorSyncLegacy.framework/Versions/A/ColorSyncLegacy
0x000000001cd0c000 	/System/Library/Frameworks/ApplicationServices.framework/Versions/A/Frameworks/HIServices.framework/Versions/A/HIServices
0x000000001cd0c000 	/System/Library/Frameworks/ApplicationServices.framework/Versions/A/Frameworks/LangAnalysis.framework/Versions/A/LangAnalysis
0x000000001cd0c000 	/System/Library/Frameworks/ApplicationServices.framework/Versions/A/Frameworks/PrintCore.framework/Versions/A/PrintCore
0x000000001cd0c000 	/System/Library/Frameworks/ApplicationServices.framework/Versions/A/Frameworks/QD.framework/Versions/A/QD
0x000000001cd0c000 	/System/Library/Frameworks/ApplicationServices.framework/Versions/A/Frameworks/SpeechSynthesis.framework/Versions/A/SpeechSynthesis
0x000000001cd0c000 	/System/Library/Frameworks/CoreDisplay.framework/Versions/A/CoreDisplay
0x000000001cd0c000 	/System/Library/Frameworks/Accelerate.framework/Versions/A/Frameworks/vImage.framework/Versions/A/vImage
0x000000001cd0c000 	/System/Library/Frameworks/Accelerate.framework/Versions/A/Frameworks/vecLib.framework/Versions/A/vecLib
0x000000001cd0c000 	/System/Library/Frameworks/Accelerate.framework/Versions/A/Frameworks/vecLib.framework/Versions/A/libvDSP.dylib
0x000000001cd0c000 	/System/Library/Frameworks/Accelerate.framework/Versions/A/Frameworks/vecLib.framework/Versions/A/libBNNS.dylib
0x000000001cd0c000 	/System/Library/Frameworks/Accelerate.framework/Versions/A/Frameworks/vecLib.framework/Versions/A/libQuadrature.dylib
0x000000001cd0c000 	/System/Library/Frameworks/Accelerate.framework/Versions/A/Frameworks/vecLib.framework/Versions/A/libvMisc.dylib
0x000000001cd0c000 	/System/Library/Frameworks/Accelerate.framework/Versions/A/Frameworks/vecLib.framework/Versions/A/libLAPACK.dylib
0x000000001cd0c000 	/System/Library/Frameworks/Accelerate.framework/Versions/A/Frameworks/vecLib.framework/Versions/A/libBLAS.dylib
0x000000001cd0c000 	/System/Library/Frameworks/Accelerate.framework/Versions/A/Frameworks/vecLib.framework/Versions/A/libLinearAlgebra.dylib
0x000000001cd0c000 	/System/Library/Frameworks/Accelerate.framework/Versions/A/Frameworks/vecLib.framework/Versions/A/libSparse.dylib
0x000000001cd0c000 	/System/Library/Frameworks/Accelerate.framework/Versions/A/Frameworks/vecLib.framework/Versions/A/libSparseBLAS.dylib
0x000000001cd0c000 	/System/Library/PrivateFrameworks/GPUWrangler.framework/Versions/A/GPUWrangler
0x000000001cd0c000 	/System/Library/PrivateFrameworks/IOAccelerator.framework/Versions/A/IOAccelerator
0x000000001cd0c000 	/System/Library/PrivateFrameworks/IOPresentment.framework/Versions/A/IOPresentment
0x000000001cd0c000 	/System/Library/PrivateFrameworks/DSExternalDisplay.framework/Versions/A/DSExternalDisplay
0x000000001cd0c000 	/System/Library/Frameworks/OpenGL.framework/Versions/A/Libraries/libCoreFSCache.dylib
0x000000001cd0c000 	/System/Library/Frameworks/CoreVideo.framework/Versions/A/CoreVideo
0x000000001cd0c000 	/System/Library/PrivateFrameworks/GraphVisualizer.framework/Versions/A/GraphVisualizer
0x000000001cd0c000 	/System/Library/Frameworks/MetalPerformanceShaders.framework/Versions/A/MetalPerformanceShaders
0x000000001cd0c000 	/usr/lib/libFosl_dynamic.dylib
0x000000001cd0c000 	/System/Library/PrivateFrameworks/FaceCore.framework/Versions/A/FaceCore
0x000000001cd0c000 	/System/Library/Frameworks/OpenCL.framework/Versions/A/OpenCL
0x000000001cd0c000 	/usr/lib/libcompression.dylib
0x000000001cd0c000 	/System/Library/Frameworks/ApplicationServices.framework/Versions/A/Frameworks/ATS.framework/Versions/A/Resources/libFontParser.dylib
0x000000001cd0c000 	/System/Library/Frameworks/ApplicationServices.framework/Versions/A/Frameworks/ATS.framework/Versions/A/Resources/libFontRegistry.dylib
0x000000001cd0c000 	/System/Library/Frameworks/ImageIO.framework/Versions/A/Resources/libJPEG.dylib
0x000000001cd0c000 	/System/Library/Frameworks/ImageIO.framework/Versions/A/Resources/libTIFF.dylib
0x000000001cd0c000 	/System/Library/Frameworks/ImageIO.framework/Versions/A/Resources/libPng.dylib
0x000000001cd0c000 	/System/Library/Frameworks/ImageIO.framework/Versions/A/Resources/libGIF.dylib
0x000000001cd0c000 	/System/Library/Frameworks/ImageIO.framework/Versions/A/Resources/libJP2.dylib
0x000000001cd0c000 	/System/Library/Frameworks/ImageIO.framework/Versions/A/Resources/libRadiance.dylib
0x000000001cd0c000 	/System/Library/PrivateFrameworks/AppleJPEG.framework/Versions/A/AppleJPEG
0x000000001cd0c000 	/System/Library/Frameworks/MetalPerformanceShaders.framework/Frameworks/MPSCore.framework/Versions/A/MPSCore
0x000000001cd0c000 	/System/Library/Frameworks/MetalPerformanceShaders.framework/Frameworks/MPSImage.framework/Versions/A/MPSImage
0x000000001cd0c000 	/System/Library/Frameworks/MetalPerformanceShaders.framework/Frameworks/MPSNeuralNetwork.framework/Versions/A/MPSNeuralNetwork
0x000000001cd0c000 	/System/Library/Frameworks/MetalPerformanceShaders.framework/Frameworks/MPSMatrix.framework/Versions/A/MPSMatrix
0x000000001cd0c000 	/System/Library/PrivateFrameworks/MetalTools.framework/Versions/A/MetalTools
0x000000001cd0c000 	/System/Library/Frameworks/OpenGL.framework/Versions/A/Libraries/libGLU.dylib
0x000000001cd0c000 	/System/Library/Frameworks/OpenGL.framework/Versions/A/Libraries/libGFXShared.dylib
0x000000001cd0c000 	/System/Library/Frameworks/OpenGL.framework/Versions/A/Libraries/libGL.dylib
0x000000001cd0c000 	/System/Library/Frameworks/OpenGL.framework/Versions/A/Libraries/libGLImage.dylib
0x000000001cd0c000 	/System/Library/Frameworks/OpenGL.framework/Versions/A/Libraries/libCVMSPluginSupport.dylib
0x000000001cd0c000 	/System/Library/Frameworks/OpenGL.framework/Versions/A/Libraries/libCoreVMClient.dylib
0x000000001cd0c000 	/usr/lib/libcups.2.dylib
0x000000001cd0c000 	/System/Library/Frameworks/Kerberos.framework/Versions/A/Kerberos
0x000000001cd0c000 	/System/Library/Frameworks/GSS.framework/Versions/A/GSS
0x000000001cd0c000 	/usr/lib/libresolv.9.dylib
0x000000001cd0c000 	/usr/lib/libiconv.2.dylib
0x000000001cd0c000 	/System/Library/PrivateFrameworks/Heimdal.framework/Versions/A/Heimdal
0x000000001cd0c000 	/usr/lib/libheimdal-asn1.dylib
0x000000001cd0c000 	/System/Library/Frameworks/OpenDirectory.framework/Versions/A/OpenDirectory
0x000000001cd0c000 	/System/Library/PrivateFrameworks/CommonAuth.framework/Versions/A/CommonAuth
0x000000001cd0c000 	/System/Library/Frameworks/OpenDirectory.framework/Versions/A/Frameworks/CFOpenDirectory.framework/Versions/A/CFOpenDirectory
0x000000001cd0c000 	/System/Library/Frameworks/SecurityFoundation.framework/Versions/A/SecurityFoundation
0x000000001cd0c000 	/System/Library/PrivateFrameworks/APFS.framework/Versions/A/APFS
0x000000001cd0c000 	/usr/lib/libutil.dylib
0x000000001cd0c000 	/System/Library/PrivateFrameworks/AppleSauce.framework/Versions/A/AppleSauce
0x000000001cd0c000 	/System/Library/PrivateFrameworks/LinguisticData.framework/Versions/A/LinguisticData
0x000000001cd0c000 	/usr/lib/libmarisa.dylib
0x000000001cd0c000 	/System/Library/PrivateFrameworks/Lexicon.framework/Versions/A/Lexicon
0x000000001cd0c000 	/usr/lib/libChineseTokenizer.dylib
0x000000001cd0c000 	/usr/lib/libcmph.dylib
0x000000001cd0c000 	/System/Library/PrivateFrameworks/LanguageModeling.framework/Versions/A/LanguageModeling
0x000000001cd0c000 	/System/Library/PrivateFrameworks/CoreEmoji.framework/Versions/A/CoreEmoji
0x000000001cd0c000 	/System/Library/Frameworks/ServiceManagement.framework/Versions/A/ServiceManagement
0x000000001cd0c000 	/System/Library/PrivateFrameworks/BackgroundTaskManagement.framework/Versions/A/BackgroundTaskManagement
0x000000001cd0c000 	/usr/lib/libxslt.1.dylib
0x000000001cd0c000 	/System/Library/Frameworks/Carbon.framework/Versions/A/Frameworks/Ink.framework/Versions/A/Ink
0x000000001cd0c000 	/System/Library/PrivateFrameworks/TextureIO.framework/Versions/A/TextureIO
0x000000001cd0c000 	/usr/lib/libate.dylib
0x000000001cd0c000 	/System/Library/PrivateFrameworks/CrashReporterSupport.framework/Versions/A/CrashReporterSupport
0x000000001cd0c000 	/System/Library/PrivateFrameworks/Sharing.framework/Versions/A/Sharing
0x000000001cd0c000 	/System/Library/PrivateFrameworks/IconServices.framework/Versions/A/IconServices
0x000000001cd0c000 	/System/Library/PrivateFrameworks/Apple80211.framework/Versions/A/Apple80211
0x000000001cd0c000 	/System/Library/PrivateFrameworks/CoreUtils.framework/Versions/A/CoreUtils
0x000000001cd0c000 	/System/Library/Frameworks/CoreWLAN.framework/Versions/A/CoreWLAN
0x000000001cd0c000 	/System/Library/Frameworks/IOBluetooth.framework/Versions/A/IOBluetooth
0x000000001cd0c000 	/System/Library/PrivateFrameworks/ProtocolBuffer.framework/Versions/A/ProtocolBuffer
0x000000001cd0c000 	/System/Library/PrivateFrameworks/CoreWiFi.framework/Versions/A/CoreWiFi
0x000000001cd0c000 	/System/Library/Frameworks/CoreBluetooth.framework/Versions/A/CoreBluetooth
0x000000001cd0c000 	/System/Library/PrivateFrameworks/DebugSymbols.framework/Versions/A/DebugSymbols
0x000000001cd0c000 	/System/Library/PrivateFrameworks/CoreSymbolication.framework/Versions/A/CoreSymbolication
0x000000001cd0c000 	/System/Library/PrivateFrameworks/Symbolication.framework/Versions/A/Symbolication
0x000000001cd0c000 	/System/Library/PrivateFrameworks/AppleFSCompression.framework/Versions/A/AppleFSCompression
0x000000001cd0c000 	/System/Library/PrivateFrameworks/SpeechRecognitionCore.framework/Versions/A/SpeechRecognitionCore
0x000000010b800000 	/Applications/Processing.app/Contents/PlugIns/jdk1.8.0_162.jdk/Contents/Home/jre/lib/server/libjvm.dylib
0x000000001cd0c000 	/usr/lib/libstdc++.6.0.9.dylib
0x000000010a66e000 	/Applications/Processing.app/Contents/PlugIns/jdk1.8.0_162.jdk/Contents/Home/jre/lib/libverify.dylib
0x000000010a67c000 	/Applications/Processing.app/Contents/PlugIns/jdk1.8.0_162.jdk/Contents/Home/jre/lib/libjava.dylib
0x000000010a6b3000 	/Applications/Processing.app/Contents/PlugIns/jdk1.8.0_162.jdk/Contents/Home/jre/lib/libjdwp.dylib
0x000000010a6fe000 	/Applications/Processing.app/Contents/PlugIns/jdk1.8.0_162.jdk/Contents/Home/jre/lib/libnpt.dylib
0x000000010a74b000 	/Applications/Processing.app/Contents/PlugIns/jdk1.8.0_162.jdk/Contents/Home/jre/lib/libzip.dylib
0x000000010a7f5000 	/Applications/Processing.app/Contents/PlugIns/jdk1.8.0_162.jdk/Contents/Home/jre/lib/libdt_socket.dylib
0x000000012945c000 	/Applications/Processing.app/Contents/PlugIns/jdk1.8.0_162.jdk/Contents/Home/jre/lib/libawt.dylib
0x0000000129506000 	/Applications/Processing.app/Contents/PlugIns/jdk1.8.0_162.jdk/Contents/Home/jre/lib/./libmlib_image.dylib
0x000000001cd0c000 	/System/Library/Frameworks/JavaVM.framework/Versions/A/Frameworks/JavaNativeFoundation.framework/Versions/A/JavaNativeFoundation
0x000000001cd0c000 	/System/Library/Frameworks/JavaVM.framework/Versions/A/Frameworks/JavaRuntimeSupport.framework/Versions/A/JavaRuntimeSupport
0x000000001cd0c000 	/System/Library/Frameworks/JavaVM.framework/Versions/A/JavaVM
0x000000001cd0c000 	/System/Library/PrivateFrameworks/JavaLaunching.framework/Versions/A/JavaLaunching
0x000000001cd0c000 	/System/Library/Frameworks/Carbon.framework/Versions/A/Carbon
0x000000001cd0c000 	/System/Library/Frameworks/Carbon.framework/Versions/A/Frameworks/CommonPanels.framework/Versions/A/CommonPanels
0x000000001cd0c000 	/System/Library/Frameworks/Carbon.framework/Versions/A/Frameworks/Help.framework/Versions/A/Help
0x000000001cd0c000 	/System/Library/Frameworks/Carbon.framework/Versions/A/Frameworks/ImageCapture.framework/Versions/A/ImageCapture
0x000000001cd0c000 	/System/Library/Frameworks/Carbon.framework/Versions/A/Frameworks/OpenScripting.framework/Versions/A/OpenScripting
0x000000001cd0c000 	/System/Library/Frameworks/Carbon.framework/Versions/A/Frameworks/Print.framework/Versions/A/Print
0x000000001cd0c000 	/System/Library/Frameworks/Carbon.framework/Versions/A/Frameworks/SecurityHI.framework/Versions/A/SecurityHI
0x00000001295d2000 	/Applications/Processing.app/Contents/PlugIns/jdk1.8.0_162.jdk/Contents/Home/jre/lib/libawt_lwawt.dylib
0x000000012968c000 	/Applications/Processing.app/Contents/PlugIns/jdk1.8.0_162.jdk/Contents/Home/jre/lib/./libosxapp.dylib
0x000000001cd0c000 	/System/Library/Frameworks/ExceptionHandling.framework/Versions/A/ExceptionHandling
0x000000001cd0c000 	/System/Library/PrivateFrameworks/CoreServicesInternal.framework/Versions/A/CoreServicesInternal
0x000000001cd0c000 	/System/Library/CoreServices/RawCamera.bundle/Contents/MacOS/RawCamera
0x000000001cd0c000 	/System/Library/PrivateFrameworks/MobileAsset.framework/Versions/A/MobileAsset
0x000000001cd0c000 	/System/Library/PrivateFrameworks/StreamingZip.framework/Versions/A/StreamingZip
0x000000001cd0c000 	/System/Library/Frameworks/MediaToolbox.framework/Versions/A/MediaToolbox
0x000000001cd0c000 	/System/Library/PrivateFrameworks/CoreAVCHD.framework/Versions/A/CoreAVCHD
0x000000001cd0c000 	/System/Library/Frameworks/MediaAccessibility.framework/Versions/A/MediaAccessibility
0x000000001cd0c000 	/System/Library/PrivateFrameworks/Mangrove.framework/Versions/A/Mangrove
0x000000001cd0c000 	/System/Library/Frameworks/CoreMedia.framework/Versions/A/CoreMedia
0x000000001cd0c000 	/System/Library/Frameworks/VideoToolbox.framework/Versions/A/VideoToolbox
0x000000001cd0c000 	/System/Library/PrivateFrameworks/CoreAUC.framework/Versions/A/CoreAUC
0x000000001cd0c000 	/usr/lib/libspindump.dylib
0x000000001cd0c000 	/System/Library/PrivateFrameworks/AppleVA.framework/Versions/A/AppleVA
0x000000001cd0c000 	/System/Library/Frameworks/Accelerate.framework/Versions/A/Frameworks/vImage.framework/Versions/A/Libraries/libCGInterfaces.dylib
0x000000001cd0c000 	/System/Library/Frameworks/ApplicationServices.framework/Versions/A/Frameworks/ATS.framework/Versions/A/Resources/libTrueTypeScaler.dylib
0x000000001cd0c000 	/System/Library/Extensions/AppleIntelHD5000GraphicsMTLDriver.bundle/Contents/MacOS/AppleIntelHD5000GraphicsMTLDriver
0x000000012b925000 	/System/Library/Extensions/GeForceMTLDriverWeb.bundle/Contents/MacOS/GeForceMTLDriverWeb
0x000000001cd0c000 	/System/Library/PrivateFrameworks/GPUCompiler.framework/Versions/3802/Libraries/libmetal_timestamp.dylib
0x000000001cd0c000 	/System/Library/PrivateFrameworks/FamilyControls.framework/Versions/A/FamilyControls
0x000000001cd0c000 	/System/Library/PrivateFrameworks/CommerceKit.framework/Versions/A/Frameworks/CommerceCore.framework/Versions/A/CommerceCore
0x000000001cd0c000 	/System/Library/PrivateFrameworks/SystemAdministration.framework/Versions/A/SystemAdministration
0x000000001cd0c000 	/System/Library/PrivateFrameworks/AppContainer.framework/Versions/A/AppContainer
0x000000001cd0c000 	/System/Library/PrivateFrameworks/SecCodeWrapper.framework/Versions/A/SecCodeWrapper
0x000000001cd0c000 	/System/Library/PrivateFrameworks/DiskManagement.framework/Versions/A/DiskManagement
0x000000001cd0c000 	/System/Library/Frameworks/DirectoryService.framework/Versions/A/DirectoryService
0x000000001cd0c000 	/System/Library/PrivateFrameworks/DiskImages.framework/Versions/A/DiskImages
0x000000001cd0c000 	/System/Library/PrivateFrameworks/LoginUIKit.framework/Versions/A/Frameworks/LoginUICore.framework/Versions/A/LoginUICore
0x000000001cd0c000 	/usr/lib/libCoreStorage.dylib
0x000000001cd0c000 	/usr/lib/libcsfde.dylib
0x000000001cd0c000 	/usr/lib/libodfde.dylib
0x000000001cd0c000 	/System/Library/PrivateFrameworks/MediaKit.framework/Versions/A/MediaKit
0x000000001cd0c000 	/System/Library/Frameworks/DiscRecording.framework/Versions/A/DiscRecording
0x000000001cd0c000 	/System/Library/PrivateFrameworks/EFILogin.framework/Versions/A/EFILogin
0x000000001cd0c000 	/System/Library/PrivateFrameworks/ProtectedCloudStorage.framework/Versions/A/ProtectedCloudStorage
0x000000001cd0c000 	/usr/lib/libcurl.4.dylib
0x000000001cd0c000 	/usr/lib/libcrypto.35.dylib
0x000000001cd0c000 	/usr/lib/libssl.35.dylib
0x000000001cd0c000 	/System/Library/Frameworks/LDAP.framework/Versions/A/LDAP
0x000000001cd0c000 	/System/Library/PrivateFrameworks/TrustEvaluationAgent.framework/Versions/A/TrustEvaluationAgent
0x000000001cd0c000 	/usr/lib/libsasl2.2.dylib
0x000000001cd0c000 	/System/Library/PrivateFrameworks/CoreDaemon.framework/Versions/B/CoreDaemon
0x000000001cd0c000 	/System/Library/PrivateFrameworks/AppleSRP.framework/Versions/A/AppleSRP
0x000000012c2fe000 	/Applications/Processing.app/Contents/PlugIns/jdk1.8.0_162.jdk/Contents/Home/jre/lib/libfontmanager.dylib
0x000000001cd0c000 	/System/Library/Frameworks/OpenGL.framework/Versions/A/Resources/GLEngine.bundle/GLEngine
0x000000001cd0c000 	/System/Library/Frameworks/OpenGL.framework/Versions/A/Libraries/libGLProgrammability.dylib
0x000000012c365000 	/System/Library/Extensions/AppleIntelHD5000GraphicsGLDriver.bundle/Contents/MacOS/AppleIntelHD5000GraphicsGLDriver
0x000000001cd0c000 	/System/Library/PrivateFrameworks/GPUSupport.framework/Versions/A/Libraries/libGPUSupportMercury.dylib
0x000000012cacd000 	/System/Library/Extensions/GeForceGLDriverWeb.bundle/Contents/MacOS/GeForceGLDriverWeb
0x000000001cd0c000 	/System/Library/Frameworks/OpenGL.framework/Versions/A/Resources/GLRendererFloat.bundle/GLRendererFloat
0x000000001cd0c000 	/System/Library/Frameworks/OpenCL.framework/Versions/A/Libraries/libcldcpuengine.dylib
0x000000012edec000 	/Applications/Processing.app/Contents/PlugIns/jdk1.8.0_162.jdk/Contents/Home/jre/lib/libosxui.dylib
0x000000012f9b3000 	/Applications/Processing.app/Contents/PlugIns/jdk1.8.0_162.jdk/Contents/Home/jre/lib/libmanagement.dylib
0x000000001cd0c000 	/System/Library/PrivateFrameworks/ViewBridge.framework/Versions/A/ViewBridge
0x00000001342de000 	/Users/bsys/Documents/Processing/libraries/SimpleOpenNI/library/libSimpleOpenNI.jnilib
0x000000013425c000 	/Users/bsys/Documents/Processing/libraries/SimpleOpenNI/library/./osx/libboost_thread-mt.dylib
0x000000012aa78000 	/Users/bsys/Documents/Processing/libraries/SimpleOpenNI/library/./osx/libboost_system-mt.dylib
0x0000000135a0c000 	/Users/bsys/Documents/Processing/libraries/SimpleOpenNI/library/./osx/libOpenNI2.dylib
0x0000000135a95000 	/Users/bsys/Documents/Processing/libraries/SimpleOpenNI/library/./osx/libNiTE2.dylib
0x000000012fd86000 	/Users/bsys/Documents/Processing/libraries/SimpleOpenNI/library/osx/OpenNI2/Drivers/libFreenectDriver.dylib
0x000000012aa7f000 	/Users/bsys/Documents/Processing/libraries/SimpleOpenNI/library/osx/OpenNI2/Drivers/./libfreenect.0.1.2.dylib
0x0000000134287000 	/Users/bsys/Documents/Processing/libraries/SimpleOpenNI/library/osx/OpenNI2/Drivers/././libusb-1.0.0.dylib
0x0000000134324000 	/System/Library/Extensions/IOUSBFamily.kext/Contents/PlugIns/IOUSBLib.bundle/Contents/MacOS/IOUSBLib
0x0000000135f99000 	/Users/bsys/Documents/Processing/libraries/SimpleOpenNI/library/osx/OpenNI2/Drivers/libOniFile.dylib
0x0000000136012000 	/Users/bsys/Documents/Processing/libraries/SimpleOpenNI/library/osx/OpenNI2/Drivers/libPS1080.dylib
0x000000013433a000 	/usr/local/lib/libusb-1.0.0.dylib
0x00000001360fb000 	/Users/bsys/Documents/Processing/libraries/SimpleOpenNI/library/osx/OpenNI2/Drivers/libPSLink.dylib
0x000000013434f000 	/Users/bsys/Documents/Processing/libraries/SimpleOpenNI/library/osx/OpenNI2/Drivers/libfreenect.0.5.3.dylib
0x0000000136169000 	/Users/bsys/Documents/Processing/libraries/SimpleOpenNI/library/osx/OpenNI2/Drivers/libfreenect2-openni2.0.dylib
0x000000013618c000 	/Users/bsys/libfreenect2/build/lib/libfreenect2.0.2.dylib
0x0000000136226000 	/usr/local/opt/jpeg-turbo/lib/libturbojpeg.0.dylib
0x0000000136296000 	/usr/local/opt/glfw/lib/libglfw.3.dylib
0x000000001cd0c000 	/usr/lib/libsystemstats.dylib

VM Arguments:
jvm_args: -agentlib:jdwp=transport=dt_socket,address=8648,server=y,suspend=y,quiet=y -Djna.nosys=true -Djava.ext.dirs=/Applications/Processing.app/Contents/PlugIns/jdk1.8.0_162.jdk/Contents/Home/jre/lib/ext -Djava.library.path=:/Applications/Processing.app/Contents/Java/core/library:/Users/bsys/Documents/Processing/libraries/SimpleOpenNI/library:/Users/bsys/Library/Java/Extensions:/Library/Java/Extensions:/Network/Library/Java/Extensions:/System/Library/Java/Extensions:/usr/lib/java:. -ea 
java_command: processing.core.PApplet --display=1 --sketch-path=/Users/bsys/GitHub/SimpleOpenni/SimpleOpenNI/examples/OpenNI/DepthImage DepthImage
java_class_path (initial): /Users/bsys/GitHub/SimpleOpenni/SimpleOpenNI/examples/OpenNI/DepthImage/build-tmp:/Applications/Processing.app/Contents/Java/core/library/gluegen-rt-natives-linux-armv6hf.jar:/Applications/Processing.app/Contents/Java/core/library/jogl-all-natives-linux-armv6hf.jar:/Applications/Processing.app/Contents/Java/core/library/gluegen-rt-natives-linux-aarch64.jar:/Applications/Processing.app/Contents/Java/core/library/jogl-all-natives-linux-aarch64.jar:/Applications/Processing.app/Contents/Java/core/library/gluegen-rt-natives-macosx-universal.jar:/Applications/Processing.app/Contents/Java/core/library/gluegen-rt-natives-linux-amd64.jar:/Applications/Processing.app/Contents/Java/core/library/jogl-all-natives-linux-i586.jar:/Applications/Processing.app/Contents/Java/core/library/gluegen-rt-natives-windows-i586.jar:/Applications/Processing.app/Contents/Java/core/library/jogl-all.jar:/Applications/Processing.app/Contents/Java/core/library/gluegen-rt-natives-linux-i586.jar:/Applications/Processing.app/Contents/Java/core/library/jogl-all-natives-linux-amd64.jar:/Applications/Processing.app/Contents/Java/core/library/gluegen-rt.jar:/Applications/Processing.app/Contents/Java/core/library/core.jar:/Applications/Processing.app/Contents/Java/core/library/jogl-all-natives-macosx-universal.jar:/Applications/Processing.app/Contents/Java/core/library/jogl-all-natives-windows-i586.jar:/Applications/Processing.app/Contents/Java/core/library/gluegen-rt-natives-windows-amd64.jar:/Applications/Processing.app/Contents/Java/core/library/jogl-all-natives-windows-amd64.jar:/Users/bsys/Documents/Processing/libraries/SimpleOpenNI/library/SimpleOpenNI.jar:ant.jar:ant-launcher.jar:core.jar:jna.jar:pde.jar:jna-platform.jar:core/library/gluegen-rt-natives-linux-armv6hf.jar:core/library/jogl-all-natives-linux-armv6hf.jar:core/library/gluegen-rt-natives-linux-aarch64.jar:core/library/jogl-all-natives-linux-aarch64.jar:core/library/gluegen-rt-natives-macosx-universal.jar:core/
Launcher Type: SUN_STANDARD

Environment Variables:
PATH=/usr/local/bin:/usr/bin:/bin:/usr/sbin:/sbin:/Users/bsys
SHELL=/bin/bash
DISPLAY=/private/tmp/com.apple.launchd.CrY0Yu4hKm/org.macosforge.xquartz:0

Signal Handlers:
SIGSEGV: [libjvm.dylib+0x5b52b5], sa_mask[0]=11111111011111110111111111111111, sa_flags=SA_ONSTACK|SA_RESTART|SA_SIGINFO
SIGBUS: [libjvm.dylib+0x5b52b5], sa_mask[0]=11111111011111110111111111111111, sa_flags=SA_RESTART|SA_SIGINFO
SIGFPE: [libjvm.dylib+0x48ac5c], sa_mask[0]=11111111011111110111111111111111, sa_flags=SA_RESTART|SA_SIGINFO
SIGPIPE: [libjvm.dylib+0x48ac5c], sa_mask[0]=11111111011111110111111111111111, sa_flags=SA_RESTART|SA_SIGINFO
SIGXFSZ: [libjvm.dylib+0x48ac5c], sa_mask[0]=11111111011111110111111111111111, sa_flags=SA_RESTART|SA_SIGINFO
SIGILL: [libjvm.dylib+0x48ac5c], sa_mask[0]=11111111011111110111111111111111, sa_flags=SA_RESTART|SA_SIGINFO
SIGUSR1: SIG_DFL, sa_mask[0]=00000000000000000000000000000000, sa_flags=none
SIGUSR2: [libjvm.dylib+0x48a77a], sa_mask[0]=00100000000000000000000000000000, sa_flags=SA_RESTART|SA_SIGINFO
SIGHUP: [libjvm.dylib+0x488d45], sa_mask[0]=11111111011111110111111111111111, sa_flags=SA_RESTART|SA_SIGINFO
SIGINT: [libjvm.dylib+0x488d45], sa_mask[0]=11111111011111110111111111111111, sa_flags=SA_RESTART|SA_SIGINFO
SIGTERM: [libjvm.dylib+0x488d45], sa_mask[0]=11111111011111110111111111111111, sa_flags=SA_RESTART|SA_SIGINFO
SIGQUIT: [libjvm.dylib+0x488d45], sa_mask[0]=11111111011111110111111111111111, sa_flags=SA_RESTART|SA_SIGINFO


---------------  S Y S T E M  ---------------

OS:Bsduname:Darwin 17.5.0 Darwin Kernel Version 17.5.0: Fri Apr 13 19:32:32 PDT 2018; root:xnu-4570.51.2~1/RELEASE_X86_64 x86_64
rlimit: STACK 8192k, CORE 0k, NPROC 1418, NOFILE 10240, AS infinity
load average:4.02 2.97 2.64

CPU:total 8 (initial active 8) (4 cores per cpu, 2 threads per core) family 6 model 70 stepping 1, cmov, cx8, fxsr, mmx, sse, sse2, sse3, ssse3, sse4.1, sse4.2, popcnt, avx, avx2, aes, clmul, erms, lzcnt, ht, tsc, tscinvbit, bmi1, bmi2

Memory: 4k page, physical 16777216k(237600k free)

/proc/meminfo:


vm_info: Java HotSpot(TM) 64-Bit Server VM (25.162-b12) for bsd-amd64 JRE (1.8.0_162-b12), built on Dec 19 2017 17:33:35 by "java_re" with gcc 4.2.1 (Based on Apple Inc. build 5658) (LLVM build 2336.11.00)

time: Sun May 13 18:12:13 2018
elapsed time: 2 seconds (0d 0h 0m 2s)

