#
# A fatal error has been detected by the Java Runtime Environment:
#
#  SIGSEGV (0xb) at pc=0x000000011ca100aa, pid=65754, tid=59139
#
# JRE version: Java(TM) SE Runtime Environment (7.0_51-b13) (build 1.7.0_51-b13)
# Java VM: Java HotSpot(TM) 64-Bit Server VM (24.51-b03 mixed mode bsd-amd64 compressed oops)
# Problematic frame:
# C  [libFreenectDriver.0.4.0.dylib+0x70aa]  FreenectDriver::DepthStream::populateFrame(void*, OniFrame*) const+0x22a
#
# Failed to write core dump. Core dumps have been disabled. To enable core dumping, try "ulimit -c unlimited" before starting Java again
#
# If you would like to submit a bug report, please visit:
#   http://bugreport.sun.com/bugreport/crash.jsp
#

---------------  T H R E A D  ---------------

Current thread is native thread

siginfo:si_signo=SIGSEGV: si_errno=0, si_code=1 (SEGV_MAPERR), si_addr=0x000000003fd6e1f4

Registers:
RAX=0x000000003fd6e1f4, RBX=0x00007fce3425ea00, RCX=0x000000003fd6e1f6, RDX=0x00000000e2e7e280
RSP=0x000000011cb71970, RBP=0x000000011cb71970, RSI=0xffffffff2d080000, RDI=0x00007fce32d5d990
R8 =0x0000000112cee000, R9 =0x000000011ca0fe80, R10=0x0000000000000000, R11=0x0000000000000246
R12=0x0000000000000000, R13=0x00007fce3540e000, R14=0x00007fce32ecb330, R15=0x00007fce3425ea70
RIP=0x000000011ca100aa, EFLAGS=0x0000000000010206, ERR=0x0000000000000004
  TRAPNO=0x000000000000000e

Top of Stack: (sp=0x000000011cb71970)
0x000000011cb71970:   000000011cb719c0 000000011ca17239
0x000000011cb71980:   000000011cb719b0 000000011ca0fe80
0x000000011cb71990:   0000000112cee000 00007fce32d5d990
0x000000011cb719a0:   00007fce354252b0 871b4cca12ac9d94
0x000000011cb719b0:   0000000112cee000 00007fce32d5d990
0x000000011cb719c0:   000000011cb719f0 000000011ca17052
0x000000011cb719d0:   0000000112cee000 871b4ccaffffffff
0x000000011cb719e0:   0000000112cee000 00007fce32ee3670
0x000000011cb719f0:   000000011cb71a20 000000011ca17175
0x000000011cb71a00:   0000000112cee000 871b4cca00000006
0x000000011cb71a10:   0000000112cee000 00007fce32ee3688
0x000000011cb71a20:   000000011cb71a60 000000011ca1816a
0x000000011cb71a30:   000000011ca17140 0000000112cee000
0x000000011cb71a40:   00007fce32ee3688 871b4cca12aca200
0x000000011cb71a50:   0000000112cee000 00007fce32ee36c0
0x000000011cb71a60:   000000011cb71ac0 000000011ca1b521
0x000000011cb71a70:   00000001000000f2 00007fce871b4cca
0x000000011cb71a80:   0000000000000000 0000000000000000
0x000000011cb71a90:   0000000000000005 00067200005a56ea
0x000000011cb71aa0:   00007fce32ecabc0 000004783425ea00
0x000000011cb71ab0:   000000011d60e800 00007fce32ee36c0
0x000000011cb71ac0:   000000011cb71b10 000000011ca20d56
0x000000011cb71ad0:   fffffffd1cb71b10 00000000fffffffb
0x000000011cb71ae0:   0000000000b3d3a3 000000011d60e800
0x000000011cb71af0:   00007fce32ecabc0 00007fce32ee36f0
0x000000011cb71b00:   0000003532ecb330 00007fce3425ea70
0x000000011cb71b10:   000000011cb71b50 000000011ca5f86b
0x000000011cb71b20:   00000000e0004051 0000000000000200
0x000000011cb71b30:   00000000e00002e7 00007fce3540e020
0x000000011cb71b40:   00007fce3425ea00 0000000000000001
0x000000011cb71b50:   000000011cb71bf0 000000011ca64e11
0x000000011cb71b60:   0000000000b3d3a3 000001000000ffff 

Instructions: (pc=0x000000011ca100aa)
0x000000011ca1008a:   c0 48 8b 4d e8 3b 41 24 0f 8d 6d 00 00 00 48 8b
0x000000011ca1009a:   45 e0 48 89 c1 48 81 c1 02 00 00 00 48 89 4d e0
0x000000011ca100aa:   66 8b 10 66 89 55 be 0f b7 75 be 81 fe 10 27 00
0x000000011ca100ba:   00 0f 8d 0c 00 00 00 0f b7 45 be 89 45 a8 e9 0d 

Register to memory mapping:

RAX=0x000000003fd6e1f4 is an unknown value
RBX=0x00007fce3425ea00 is an unknown value
RCX=0x000000003fd6e1f6 is an unknown value
RDX=0x00000000e2e7e280 is an unknown value
RSP=0x000000011cb71970 is an unknown value
RBP=0x000000011cb71970 is an unknown value
RSI=0xffffffff2d080000 is an unknown value
RDI=0x00007fce32d5d990 is an unknown value
R8 =0x0000000112cee000 is an unknown value
R9 =0x000000011ca0fe80: _ZNK14FreenectDriver11DepthStream13populateFrameEPvP8OniFrame+0 in /Users/smoeller/Documents/Processing/libraries/SimpleOpenNI/library/osx/OpenNI2/Drivers/libFreenectDriver.0.4.0.dylib at 0x000000011ca09000
R10=0x0000000000000000 is an unknown value
R11=0x0000000000000246 is an unknown value
R12=0x0000000000000000 is an unknown value
R13=0x00007fce3540e000 is an unknown value
R14=0x00007fce32ecb330 is an unknown value
R15=0x00007fce3425ea70 is an unknown value


Stack: [0x000000011caf2000,0x000000011cb72000],  sp=0x000000011cb71970,  free space=510k
Native frames: (J=compiled Java code, j=interpreted, Vv=VM code, C=native code)
C  [libFreenectDriver.0.4.0.dylib+0x70aa]  FreenectDriver::DepthStream::populateFrame(void*, OniFrame*) const+0x22a
C  [libFreenectDriver.0.4.0.dylib+0xe239]  FreenectDriver::VideoStream::buildFrame(void*, unsigned int)+0xb9
C  [libFreenectDriver.0.4.0.dylib+0xe052]  FreenectDriver::Device::DepthCallback(void*, unsigned int)+0x32
C  [libFreenectDriver.0.4.0.dylib+0xe175]  non-virtual thunk to FreenectDriver::Device::DepthCallback(void*, unsigned int)+0x35
C  [libFreenectDriver.0.4.0.dylib+0xf16a]  Freenect::FreenectDevice::freenect_depth_callback(_freenect_device*, void*, unsigned int)+0x4a
C  [libFreenectDriver.0.4.0.dylib+0x12521]  depth_process+0x201
C  [libFreenectDriver.0.4.0.dylib+0x17d56]  iso_callback+0x116
C  [libusb-1.0.0.dylib+0x386b]  usbi_handle_transfer_completion+0x9e
C  [libusb-1.0.0.dylib+0x8e11]  op_handle_events+0x36b
C  [libusb-1.0.0.dylib+0x3fb8]  handle_events+0x182
C  [libusb-1.0.0.dylib+0x3c39]  libusb_handle_events_timeout_completed+0xae
C  [libFreenectDriver.0.4.0.dylib+0x171a0]  fnusb_process_events_timeout+0x20
C  [libFreenectDriver.0.4.0.dylib+0x1174f]  freenect_process_events_timeout+0x2f
C  [libFreenectDriver.0.4.0.dylib+0x10b7e]  Freenect::Freenect::operator()()+0x4e
C  [libFreenectDriver.0.4.0.dylib+0x10b1d]  Freenect::Freenect::pthread_callback(void*)+0x1d
C  [libsystem_pthread.dylib+0x1899]  _pthread_body+0x8a
C  [libsystem_pthread.dylib+0x172a]  _pthread_struct_init+0x0
C  [libsystem_pthread.dylib+0x5fc9]  thread_start+0xd


---------------  P R O C E S S  ---------------

VM state:not at safepoint (normal execution)

VM Mutex/Monitor currently owned by a thread: None

Heap
 PSYoungGen      total 76800K, used 55790K [0x00000007aaa80000, 0x00000007b0000000, 0x0000000800000000)
  eden space 66048K, 84% used [0x00000007aaa80000,0x00000007ae0fbab8,0x00000007aeb00000)
  from space 10752K, 0% used [0x00000007af580000,0x00000007af580000,0x00000007b0000000)
  to   space 10752K, 0% used [0x00000007aeb00000,0x00000007aeb00000,0x00000007af580000)
 ParOldGen       total 174592K, used 0K [0x0000000700000000, 0x000000070aa80000, 0x00000007aaa80000)
  object space 174592K, 0% used [0x0000000700000000,0x0000000700000000,0x000000070aa80000)
 PSPermGen       total 21504K, used 16226K [0x00000006fae00000, 0x00000006fc300000, 0x0000000700000000)
  object space 21504K, 75% used [0x00000006fae00000,0x00000006fbdd8820,0x00000006fc300000)

Card table byte_map: [0x00000001054c0000,0x0000000105cea000] byte_map_base: 0x0000000101ce9000

Polling page: 0x0000000101b60000

Code Cache  [0x0000000102400000, 0x0000000102670000, 0x0000000105400000)
 total_blobs=828 nmethods=59 adapters=731 free_code_cache=48293Kb largest_free_block=49432384

Compilation events (10 events):
Event: 1.932 Thread 0x00007fce33803000   54             java.lang.AbstractStringBuilder::<init> (12 bytes)
Event: 1.932 Thread 0x00007fce33803000 nmethod 54 0x00000001024cc390 code [0x00000001024cc4e0, 0x00000001024cc618]
Event: 1.946 Thread 0x00007fce3381c800   55             java.util.HashMap::get (29 bytes)
Event: 1.949 Thread 0x00007fce3381c800 nmethod 55 0x00000001024c6250 code [0x00000001024c63c0, 0x00000001024c6648]
Event: 15.547 Thread 0x00007fce33803000   56             processing.core.PVector::<init> (5 bytes)
Event: 15.547 Thread 0x00007fce3381c800   57             SimpleOpenNI.ContextWrapper::depthMapSize (9 bytes)
Event: 15.547 Thread 0x00007fce33803000 nmethod 56 0x00000001024c9550 code [0x00000001024c9680, 0x00000001024c96d8]
Event: 15.547 Thread 0x00007fce3381c800 nmethod 57 0x00000001024c9210 code [0x00000001024c9360, 0x00000001024c93e8]
Event: 15.547 Thread 0x00007fce33803000   59 %           SimpleOpenNI.SimpleOpenNI::setupDepth @ 55 (83 bytes)
Event: 15.550 Thread 0x00007fce33803000 nmethod 59% 0x00000001024ca450 code [0x00000001024ca5c0, 0x00000001024ca828]

GC Heap History (0 events):
No events

Deoptimization events (0 events):
No events

Internal exceptions (10 events):
Event: 1.933 Thread 0x00007fce330f0000 Threw 0x00000007ab3eff38 at /HUDSON/workspace/7u-2-build-macosx-x86_64/jdk7u51/527/hotspot/src/share/vm/prims/jvm.cpp:1244
Event: 1.936 Thread 0x00007fce330f0000 Threw 0x00000007ab3f6320 at /HUDSON/workspace/7u-2-build-macosx-x86_64/jdk7u51/527/hotspot/src/share/vm/prims/jvm.cpp:1244
Event: 1.940 Thread 0x00007fce330f0000 Threw 0x00000007ab3ff730 at /HUDSON/workspace/7u-2-build-macosx-x86_64/jdk7u51/527/hotspot/src/share/vm/prims/jvm.cpp:1244
Event: 1.940 Thread 0x00007fce330f0000 Threw 0x00000007ab405048 at /HUDSON/workspace/7u-2-build-macosx-x86_64/jdk7u51/527/hotspot/src/share/vm/prims/jvm.cpp:1244
Event: 1.945 Thread 0x00007fce330f0000 Threw 0x00000007ab40ddd0 at /HUDSON/workspace/7u-2-build-macosx-x86_64/jdk7u51/527/hotspot/src/share/vm/prims/jvm.cpp:1244
Event: 1.945 Thread 0x00007fce330f0000 Threw 0x00000007ab414808 at /HUDSON/workspace/7u-2-build-macosx-x86_64/jdk7u51/527/hotspot/src/share/vm/prims/jvm.cpp:1244
Event: 1.958 Thread 0x00007fce330f0000 Threw 0x00000007ab41f360 at /HUDSON/workspace/7u-2-build-macosx-x86_64/jdk7u51/527/hotspot/src/share/vm/prims/jvm.cpp:1244
Event: 1.977 Thread 0x00007fce330f0000 Threw 0x00000007ab43af78 at /HUDSON/workspace/7u-2-build-macosx-x86_64/jdk7u51/527/hotspot/src/share/vm/prims/jvm.cpp:1244
Event: 1.998 Thread 0x00007fce330f0000 Threw 0x00000007ab44a9f8 at /HUDSON/workspace/7u-2-build-macosx-x86_64/jdk7u51/527/hotspot/src/share/vm/prims/jvm.cpp:1244
Event: 1.998 Thread 0x00007fce330f0000 Threw 0x00000007ab450c20 at /HUDSON/workspace/7u-2-build-macosx-x86_64/jdk7u51/527/hotspot/src/share/vm/prims/jvm.cpp:1244

Events (10 events):
Event: 1.999 loading class 0x00007fce340a83a0
Event: 1.999 loading class 0x00007fce340a83a0 done
Event: 1.999 loading class 0x00007fce340ad730
Event: 1.999 loading class 0x00007fce33110850
Event: 1.999 loading class 0x00007fce33110850 done
Event: 1.999 loading class 0x00007fce340ad730 done
Event: 1.999 loading class 0x00007fce340ad610
Event: 1.999 loading class 0x00007fce340ad610 done
Event: 4.509 Executing VM operation: EnableBiasedLocking
Event: 4.509 Executing VM operation: EnableBiasedLocking done


Dynamic libraries:
0x0000000009062000 	/System/Library/Frameworks/Cocoa.framework/Versions/A/Cocoa
0x0000000009062000 	/System/Library/Frameworks/Security.framework/Versions/A/Security
0x0000000009062000 	/System/Library/Frameworks/ApplicationServices.framework/Versions/A/ApplicationServices
0x0000000009062000 	/usr/lib/libz.1.dylib
0x0000000009062000 	/usr/lib/libSystem.B.dylib
0x0000000009062000 	/usr/lib/libobjc.A.dylib
0x0000000009062000 	/System/Library/Frameworks/CoreFoundation.framework/Versions/A/CoreFoundation
0x0000000009062000 	/System/Library/Frameworks/Foundation.framework/Versions/C/Foundation
0x0000000009062000 	/System/Library/Frameworks/AppKit.framework/Versions/C/AppKit
0x0000000009062000 	/System/Library/Frameworks/CoreData.framework/Versions/A/CoreData
0x0000000009062000 	/System/Library/PrivateFrameworks/RemoteViewServices.framework/Versions/A/RemoteViewServices
0x0000000009062000 	/System/Library/Frameworks/AudioToolbox.framework/Versions/A/AudioToolbox
0x0000000009062000 	/System/Library/Frameworks/AudioUnit.framework/Versions/A/AudioUnit
0x0000000009062000 	/System/Library/PrivateFrameworks/DataDetectorsCore.framework/Versions/A/DataDetectorsCore
0x0000000009062000 	/System/Library/PrivateFrameworks/DesktopServicesPriv.framework/Versions/A/DesktopServicesPriv
0x0000000009062000 	/System/Library/Frameworks/Carbon.framework/Versions/A/Frameworks/HIToolbox.framework/Versions/A/HIToolbox
0x0000000009062000 	/System/Library/Frameworks/QuartzCore.framework/Versions/A/QuartzCore
0x0000000009062000 	/System/Library/Frameworks/Carbon.framework/Versions/A/Frameworks/SpeechRecognition.framework/Versions/A/SpeechRecognition
0x0000000009062000 	/usr/lib/libauto.dylib
0x0000000009062000 	/usr/lib/libicucore.A.dylib
0x0000000009062000 	/usr/lib/libxml2.2.dylib
0x0000000009062000 	/System/Library/PrivateFrameworks/CoreUI.framework/Versions/A/CoreUI
0x0000000009062000 	/System/Library/Frameworks/CoreAudio.framework/Versions/A/CoreAudio
0x0000000009062000 	/System/Library/Frameworks/DiskArbitration.framework/Versions/A/DiskArbitration
0x0000000009062000 	/usr/lib/liblangid.dylib
0x0000000009062000 	/System/Library/PrivateFrameworks/MultitouchSupport.framework/Versions/A/MultitouchSupport
0x0000000009062000 	/System/Library/Frameworks/IOKit.framework/Versions/A/IOKit
0x0000000009062000 	/usr/lib/libDiagnosticMessagesClient.dylib
0x0000000009062000 	/System/Library/Frameworks/CoreServices.framework/Versions/A/CoreServices
0x0000000009062000 	/System/Library/PrivateFrameworks/PerformanceAnalysis.framework/Versions/A/PerformanceAnalysis
0x0000000009062000 	/System/Library/PrivateFrameworks/GenerationalStorage.framework/Versions/A/GenerationalStorage
0x0000000009062000 	/System/Library/Frameworks/OpenGL.framework/Versions/A/OpenGL
0x0000000009062000 	/System/Library/PrivateFrameworks/Sharing.framework/Versions/A/Sharing
0x0000000009062000 	/System/Library/Frameworks/ImageIO.framework/Versions/A/ImageIO
0x0000000009062000 	/System/Library/Frameworks/CoreText.framework/Versions/A/CoreText
0x0000000009062000 	/System/Library/Frameworks/CoreGraphics.framework/Versions/A/CoreGraphics
0x0000000009062000 	/System/Library/PrivateFrameworks/Backup.framework/Versions/A/Backup
0x0000000009062000 	/System/Library/Frameworks/CFNetwork.framework/Versions/A/CFNetwork
0x0000000009062000 	/System/Library/Frameworks/SystemConfiguration.framework/Versions/A/SystemConfiguration
0x0000000009062000 	/usr/lib/libCRFSuite.dylib
0x0000000009062000 	/usr/lib/libc++.1.dylib
0x0000000009062000 	/usr/lib/libc++abi.dylib
0x0000000009062000 	/usr/lib/system/libcache.dylib
0x0000000009062000 	/usr/lib/system/libcommonCrypto.dylib
0x0000000009062000 	/usr/lib/system/libcompiler_rt.dylib
0x0000000009062000 	/usr/lib/system/libcopyfile.dylib
0x0000000009062000 	/usr/lib/system/libcorecrypto.dylib
0x0000000009062000 	/usr/lib/system/libdispatch.dylib
0x0000000009062000 	/usr/lib/system/libdyld.dylib
0x0000000009062000 	/usr/lib/system/libkeymgr.dylib
0x0000000009062000 	/usr/lib/system/liblaunch.dylib
0x0000000009062000 	/usr/lib/system/libmacho.dylib
0x0000000009062000 	/usr/lib/system/libquarantine.dylib
0x0000000009062000 	/usr/lib/system/libremovefile.dylib
0x0000000009062000 	/usr/lib/system/libsystem_asl.dylib
0x0000000009062000 	/usr/lib/system/libsystem_blocks.dylib
0x0000000009062000 	/usr/lib/system/libsystem_c.dylib
0x0000000009062000 	/usr/lib/system/libsystem_configuration.dylib
0x0000000009062000 	/usr/lib/system/libsystem_dnssd.dylib
0x0000000009062000 	/usr/lib/system/libsystem_info.dylib
0x0000000009062000 	/usr/lib/system/libsystem_kernel.dylib
0x0000000009062000 	/usr/lib/system/libsystem_m.dylib
0x0000000009062000 	/usr/lib/system/libsystem_malloc.dylib
0x0000000009062000 	/usr/lib/system/libsystem_network.dylib
0x0000000009062000 	/usr/lib/system/libsystem_notify.dylib
0x0000000009062000 	/usr/lib/system/libsystem_platform.dylib
0x0000000009062000 	/usr/lib/system/libsystem_pthread.dylib
0x0000000009062000 	/usr/lib/system/libsystem_sandbox.dylib
0x0000000009062000 	/usr/lib/system/libsystem_stats.dylib
0x0000000009062000 	/usr/lib/system/libunc.dylib
0x0000000009062000 	/usr/lib/system/libunwind.dylib
0x0000000009062000 	/usr/lib/system/libxpc.dylib
0x0000000009062000 	/usr/lib/libbsm.0.dylib
0x0000000009062000 	/usr/lib/libsqlite3.dylib
0x0000000009062000 	/usr/lib/libxar.1.dylib
0x0000000009062000 	/usr/lib/libpam.2.dylib
0x0000000009062000 	/usr/lib/libOpenScriptingUtil.dylib
0x0000000009062000 	/usr/lib/libbz2.1.0.dylib
0x0000000009062000 	/System/Library/Frameworks/CoreServices.framework/Versions/A/Frameworks/CarbonCore.framework/Versions/A/CarbonCore
0x0000000009062000 	/System/Library/Frameworks/CoreServices.framework/Versions/A/Frameworks/Metadata.framework/Versions/A/Metadata
0x0000000009062000 	/System/Library/Frameworks/CoreServices.framework/Versions/A/Frameworks/OSServices.framework/Versions/A/OSServices
0x0000000009062000 	/System/Library/Frameworks/CoreServices.framework/Versions/A/Frameworks/SearchKit.framework/Versions/A/SearchKit
0x0000000009062000 	/System/Library/Frameworks/CoreServices.framework/Versions/A/Frameworks/AE.framework/Versions/A/AE
0x0000000009062000 	/System/Library/Frameworks/CoreServices.framework/Versions/A/Frameworks/LaunchServices.framework/Versions/A/LaunchServices
0x0000000009062000 	/System/Library/Frameworks/CoreServices.framework/Versions/A/Frameworks/DictionaryServices.framework/Versions/A/DictionaryServices
0x0000000009062000 	/System/Library/Frameworks/NetFS.framework/Versions/A/NetFS
0x0000000009062000 	/usr/lib/system/libkxld.dylib
0x0000000009062000 	/System/Library/PrivateFrameworks/NetAuth.framework/Versions/A/NetAuth
0x0000000009062000 	/System/Library/PrivateFrameworks/TCC.framework/Versions/A/TCC
0x0000000009062000 	/System/Library/Frameworks/OpenDirectory.framework/Versions/A/Frameworks/CFOpenDirectory.framework/Versions/A/CFOpenDirectory
0x0000000009062000 	/System/Library/Frameworks/ServiceManagement.framework/Versions/A/ServiceManagement
0x0000000009062000 	/usr/lib/libxslt.1.dylib
0x0000000009062000 	/System/Library/Frameworks/Carbon.framework/Versions/A/Frameworks/Ink.framework/Versions/A/Ink
0x0000000009062000 	/System/Library/Frameworks/ApplicationServices.framework/Versions/A/Frameworks/ATS.framework/Versions/A/ATS
0x0000000009062000 	/System/Library/Frameworks/ApplicationServices.framework/Versions/A/Frameworks/ColorSync.framework/Versions/A/ColorSync
0x0000000009062000 	/System/Library/Frameworks/ApplicationServices.framework/Versions/A/Frameworks/HIServices.framework/Versions/A/HIServices
0x0000000009062000 	/System/Library/Frameworks/ApplicationServices.framework/Versions/A/Frameworks/LangAnalysis.framework/Versions/A/LangAnalysis
0x0000000009062000 	/System/Library/Frameworks/ApplicationServices.framework/Versions/A/Frameworks/PrintCore.framework/Versions/A/PrintCore
0x0000000009062000 	/System/Library/Frameworks/ApplicationServices.framework/Versions/A/Frameworks/QD.framework/Versions/A/QD
0x0000000009062000 	/System/Library/Frameworks/ApplicationServices.framework/Versions/A/Frameworks/SpeechSynthesis.framework/Versions/A/SpeechSynthesis
0x0000000009062000 	/System/Library/Frameworks/IOSurface.framework/Versions/A/IOSurface
0x0000000009062000 	/System/Library/Frameworks/Accelerate.framework/Versions/A/Accelerate
0x0000000009062000 	/System/Library/Frameworks/Accelerate.framework/Versions/A/Frameworks/vImage.framework/Versions/A/vImage
0x0000000009062000 	/System/Library/Frameworks/Accelerate.framework/Versions/A/Frameworks/vecLib.framework/Versions/A/vecLib
0x0000000009062000 	/System/Library/Frameworks/Accelerate.framework/Versions/A/Frameworks/vecLib.framework/Versions/A/libvDSP.dylib
0x0000000009062000 	/System/Library/Frameworks/Accelerate.framework/Versions/A/Frameworks/vecLib.framework/Versions/A/libvMisc.dylib
0x0000000009062000 	/System/Library/Frameworks/Accelerate.framework/Versions/A/Frameworks/vecLib.framework/Versions/A/libLAPACK.dylib
0x0000000009062000 	/System/Library/Frameworks/Accelerate.framework/Versions/A/Frameworks/vecLib.framework/Versions/A/libBLAS.dylib
0x0000000009062000 	/System/Library/Frameworks/ApplicationServices.framework/Versions/A/Frameworks/ATS.framework/Versions/A/Resources/libFontParser.dylib
0x0000000009062000 	/System/Library/Frameworks/ApplicationServices.framework/Versions/A/Frameworks/ATS.framework/Versions/A/Resources/libFontRegistry.dylib
0x0000000009062000 	/System/Library/Frameworks/ImageIO.framework/Versions/A/Resources/libJPEG.dylib
0x0000000009062000 	/System/Library/Frameworks/ImageIO.framework/Versions/A/Resources/libTIFF.dylib
0x0000000009062000 	/System/Library/Frameworks/ImageIO.framework/Versions/A/Resources/libPng.dylib
0x0000000009062000 	/System/Library/Frameworks/ImageIO.framework/Versions/A/Resources/libGIF.dylib
0x0000000009062000 	/System/Library/Frameworks/ImageIO.framework/Versions/A/Resources/libJP2.dylib
0x0000000009062000 	/System/Library/Frameworks/ImageIO.framework/Versions/A/Resources/libRadiance.dylib
0x0000000009062000 	/usr/lib/libcups.2.dylib
0x0000000009062000 	/System/Library/Frameworks/Kerberos.framework/Versions/A/Kerberos
0x0000000009062000 	/System/Library/Frameworks/GSS.framework/Versions/A/GSS
0x0000000009062000 	/usr/lib/libresolv.9.dylib
0x0000000009062000 	/usr/lib/libiconv.2.dylib
0x0000000009062000 	/System/Library/PrivateFrameworks/Heimdal.framework/Versions/A/Heimdal
0x0000000009062000 	/System/Library/PrivateFrameworks/TrustEvaluationAgent.framework/Versions/A/TrustEvaluationAgent
0x0000000009062000 	/usr/lib/libheimdal-asn1.dylib
0x0000000009062000 	/System/Library/Frameworks/OpenDirectory.framework/Versions/A/OpenDirectory
0x0000000009062000 	/System/Library/PrivateFrameworks/CommonAuth.framework/Versions/A/CommonAuth
0x0000000009062000 	/System/Library/Frameworks/SecurityFoundation.framework/Versions/A/SecurityFoundation
0x0000000009062000 	/System/Library/PrivateFrameworks/Bom.framework/Versions/A/Bom
0x0000000009062000 	/System/Library/Frameworks/CoreVideo.framework/Versions/A/CoreVideo
0x0000000009062000 	/System/Library/Frameworks/QuartzCore.framework/Versions/A/Frameworks/CoreImage.framework/Versions/A/CoreImage
0x0000000009062000 	/System/Library/Frameworks/QuartzCore.framework/Versions/A/Frameworks/ScalableUserInterface.framework/Versions/A/ScalableUserInterface
0x0000000009062000 	/System/Library/Frameworks/OpenGL.framework/Versions/A/Libraries/libGLU.dylib
0x0000000009062000 	/System/Library/Frameworks/OpenGL.framework/Versions/A/Libraries/libGFXShared.dylib
0x0000000009062000 	/System/Library/Frameworks/OpenGL.framework/Versions/A/Libraries/libGL.dylib
0x0000000009062000 	/System/Library/Frameworks/OpenGL.framework/Versions/A/Libraries/libGLImage.dylib
0x0000000009062000 	/System/Library/Frameworks/OpenGL.framework/Versions/A/Libraries/libCVMSPluginSupport.dylib
0x0000000009062000 	/System/Library/Frameworks/OpenGL.framework/Versions/A/Libraries/libCoreVMClient.dylib
0x0000000009062000 	/System/Library/PrivateFrameworks/FaceCore.framework/Versions/A/FaceCore
0x0000000009062000 	/System/Library/PrivateFrameworks/CrashReporterSupport.framework/Versions/A/CrashReporterSupport
0x0000000009062000 	/System/Library/Frameworks/OpenCL.framework/Versions/A/OpenCL
0x0000000009062000 	/System/Library/PrivateFrameworks/AppleFSCompression.framework/Versions/A/AppleFSCompression
0x0000000009062000 	/System/Library/PrivateFrameworks/Ubiquity.framework/Versions/A/Ubiquity
0x0000000009062000 	/System/Library/PrivateFrameworks/IconServices.framework/Versions/A/IconServices
0x0000000009062000 	/System/Library/PrivateFrameworks/ChunkingLibrary.framework/Versions/A/ChunkingLibrary
0x0000000009062000 	/System/Library/PrivateFrameworks/CoreSymbolication.framework/Versions/A/CoreSymbolication
0x0000000009062000 	/System/Library/PrivateFrameworks/Symbolication.framework/Versions/A/Symbolication
0x0000000009062000 	/System/Library/PrivateFrameworks/DebugSymbols.framework/Versions/A/DebugSymbols
0x0000000100fb7000 	/Users/smoeller/Desktop/Processing.app/Contents/PlugIns/jdk1.7.0_51.jdk/Contents/Home/jre/lib/server/libjvm.dylib
0x0000000009062000 	/usr/lib/libstdc++.6.dylib
0x0000000101b23000 	/Users/smoeller/Desktop/Processing.app/Contents/PlugIns/jdk1.7.0_51.jdk/Contents/Home/jre/lib/libverify.dylib
0x0000000101b30000 	/Users/smoeller/Desktop/Processing.app/Contents/PlugIns/jdk1.7.0_51.jdk/Contents/Home/jre/lib/libjava.dylib
0x0000000101b61000 	/Users/smoeller/Desktop/Processing.app/Contents/PlugIns/jdk1.7.0_51.jdk/Contents/Home/jre/lib/libjdwp.dylib
0x0000000101b9e000 	/Users/smoeller/Desktop/Processing.app/Contents/PlugIns/jdk1.7.0_51.jdk/Contents/Home/jre/lib/libnpt.dylib
0x0000000101bab000 	/Users/smoeller/Desktop/Processing.app/Contents/PlugIns/jdk1.7.0_51.jdk/Contents/Home/jre/lib/libzip.dylib
0x00000001106f6000 	/System/Library/Frameworks/JavaVM.framework/Frameworks/JavaRuntimeSupport.framework/JavaRuntimeSupport
0x000000011070e000 	/System/Library/Frameworks/JavaVM.framework/Versions/A/Frameworks/JavaNativeFoundation.framework/Versions/A/JavaNativeFoundation
0x0000000110723000 	/System/Library/Frameworks/JavaVM.framework/Versions/A/JavaVM
0x0000000009062000 	/System/Library/Frameworks/Carbon.framework/Versions/A/Carbon
0x0000000110730000 	/System/Library/PrivateFrameworks/JavaLaunching.framework/Versions/A/JavaLaunching
0x0000000009062000 	/System/Library/Frameworks/Carbon.framework/Versions/A/Frameworks/CommonPanels.framework/Versions/A/CommonPanels
0x0000000009062000 	/System/Library/Frameworks/Carbon.framework/Versions/A/Frameworks/Help.framework/Versions/A/Help
0x0000000009062000 	/System/Library/Frameworks/Carbon.framework/Versions/A/Frameworks/ImageCapture.framework/Versions/A/ImageCapture
0x0000000009062000 	/System/Library/Frameworks/Carbon.framework/Versions/A/Frameworks/OpenScripting.framework/Versions/A/OpenScripting
0x0000000009062000 	/System/Library/Frameworks/Carbon.framework/Versions/A/Frameworks/Print.framework/Versions/A/Print
0x0000000009062000 	/System/Library/Frameworks/Carbon.framework/Versions/A/Frameworks/SecurityHI.framework/Versions/A/SecurityHI
0x00000001109c8000 	/Users/smoeller/Desktop/Processing.app/Contents/PlugIns/jdk1.7.0_51.jdk/Contents/Home/jre/lib/libdt_socket.dylib
0x0000000111157000 	/Users/smoeller/Desktop/Processing.app/Contents/PlugIns/jdk1.7.0_51.jdk/Contents/Home/jre/lib/libawt.dylib
0x0000000111206000 	/Users/smoeller/Desktop/Processing.app/Contents/PlugIns/jdk1.7.0_51.jdk/Contents/Home/jre/lib/./libmlib_image.dylib
0x00000001112d2000 	/Users/smoeller/Desktop/Processing.app/Contents/PlugIns/jdk1.7.0_51.jdk/Contents/Home/jre/lib/lwawt/liblwawt.dylib
0x0000000111386000 	/Users/smoeller/Desktop/Processing.app/Contents/PlugIns/jdk1.7.0_51.jdk/Contents/Home/jre/lib/libosxapp.dylib
0x0000000009062000 	/System/Library/Frameworks/ExceptionHandling.framework/Versions/A/ExceptionHandling
0x0000000009062000 	/System/Library/PrivateFrameworks/CoreServicesInternal.framework/Versions/A/CoreServicesInternal
0x0000000009062000 	/System/Library/PrivateFrameworks/Librarian.framework/Versions/A/Librarian
0x0000000009062000 	/System/Library/Frameworks/CoreGraphics.framework/Versions/A/Resources/libCGCMS.A.dylib
0x0000000009062000 	/System/Library/Frameworks/CoreGraphics.framework/Versions/A/Resources/libRIP.A.dylib
0x0000000009062000 	/System/Library/Frameworks/CoreGraphics.framework/Versions/A/Resources/libCGXType.A.dylib
0x0000000009062000 	/System/Library/PrivateFrameworks/FamilyControls.framework/Versions/A/FamilyControls
0x0000000009062000 	/System/Library/PrivateFrameworks/CommerceKit.framework/Versions/A/Frameworks/CommerceCore.framework/Versions/A/CommerceCore
0x0000000009062000 	/System/Library/PrivateFrameworks/SystemAdministration.framework/Versions/A/SystemAdministration
0x0000000009062000 	/System/Library/Frameworks/DirectoryService.framework/Versions/A/DirectoryService
0x0000000009062000 	/System/Library/PrivateFrameworks/DiskImages.framework/Versions/A/DiskImages
0x0000000009062000 	/System/Library/PrivateFrameworks/LoginUIKit.framework/Versions/A/Frameworks/LoginUICore.framework/Versions/A/LoginUICore
0x0000000009062000 	/usr/lib/libCoreStorage.dylib
0x0000000009062000 	/usr/lib/libcsfde.dylib
0x0000000009062000 	/usr/lib/libodfde.dylib
0x0000000009062000 	/System/Library/Frameworks/DiscRecording.framework/Versions/A/DiscRecording
0x0000000009062000 	/usr/lib/libcurl.4.dylib
0x0000000009062000 	/System/Library/PrivateFrameworks/MediaKit.framework/Versions/A/MediaKit
0x0000000009062000 	/System/Library/PrivateFrameworks/EFILogin.framework/Versions/A/EFILogin
0x0000000009062000 	/usr/lib/libutil.dylib
0x0000000009062000 	/System/Library/PrivateFrameworks/AOSNotification.framework/Versions/A/AOSNotification
0x0000000009062000 	/System/Library/Frameworks/LDAP.framework/Versions/A/LDAP
0x0000000009062000 	/usr/lib/libsasl2.2.dylib
0x0000000009062000 	/usr/lib/libcrypto.0.9.8.dylib
0x0000000009062000 	/usr/lib/libssl.0.9.8.dylib
0x0000000009062000 	/System/Library/Frameworks/OpenGL.framework/Versions/A/Resources/GLEngine.bundle/GLEngine
0x0000000009062000 	/System/Library/Frameworks/OpenGL.framework/Versions/A/Libraries/libGLProgrammability.dylib
0x0000000000000000 	/System/Library/Extensions/AppleIntelHD4000GraphicsGLDriver.bundle/Contents/MacOS/AppleIntelHD4000GraphicsGLDriver
0x0000000009062000 	/System/Library/PrivateFrameworks/IOAccelerator.framework/Versions/A/IOAccelerator
0x0000000009062000 	/System/Library/PrivateFrameworks/GPUSupport.framework/Versions/A/Libraries/libGPUSupportMercury.dylib
0x0000000009062000 	/System/Library/Frameworks/OpenGL.framework/Versions/A/Resources/GLRendererFloat.bundle/GLRendererFloat
0x0000000009062000 	/System/Library/Frameworks/OpenCL.framework/Versions/A/Libraries/libcldcpuengine.dylib
0x0000000116874000 	/Users/smoeller/Desktop/Processing.app/Contents/PlugIns/jdk1.7.0_51.jdk/Contents/Home/jre/lib/libfontmanager.dylib
0x0000000113d0e000 	/Users/smoeller/Desktop/Processing.app/Contents/PlugIns/jdk1.7.0_51.jdk/Contents/Home/jre/lib/libosxui.dylib
0x00000001194ee000 	/Users/smoeller/Desktop/Processing.app/Contents/PlugIns/jdk1.7.0_51.jdk/Contents/Home/jre/lib/libnet.dylib
0x000000011954b000 	/Users/smoeller/Desktop/Processing.app/Contents/PlugIns/jdk1.7.0_51.jdk/Contents/Home/jre/lib/libnio.dylib
0x00000001178c5000 	/private/var/folders/98/x9zshd0965d58dx3tbf49vlm0000gp/T/jogamp_0000/file_cache/jln9044402552433807346/jln8223739720327589805/libgluegen-rt.jnilib
0x0000000118023000 	/private/var/folders/98/x9zshd0965d58dx3tbf49vlm0000gp/T/jogamp_0000/file_cache/jln9044402552433807346/jln8223739720327589805/libnativewindow_awt.jnilib
0x000000011995d000 	/Users/smoeller/Desktop/Processing.app/Contents/PlugIns/jdk1.7.0_51.jdk/Contents/Home/jre/lib/libjawt.dylib
0x0000000119960000 	/private/var/folders/98/x9zshd0965d58dx3tbf49vlm0000gp/T/jogamp_0000/file_cache/jln9044402552433807346/jln8223739720327589805/libnativewindow_macosx.jnilib
0x000000011996a000 	/private/var/folders/98/x9zshd0965d58dx3tbf49vlm0000gp/T/jogamp_0000/file_cache/jln9044402552433807346/jln8223739720327589805/libjogl_desktop.jnilib
0x000000011c3fe000 	/Users/smoeller/Documents/Processing/libraries/SimpleOpenNI/library/libSimpleOpenNI.jnilib
0x000000011c451000 	/Users/smoeller/Documents/Processing/libraries/SimpleOpenNI/library/./osx/libboost_thread-mt.dylib
0x0000000119956000 	/Users/smoeller/Documents/Processing/libraries/SimpleOpenNI/library/./osx/libboost_system-mt.dylib
0x000000011c47c000 	/Users/smoeller/Documents/Processing/libraries/SimpleOpenNI/library/./osx/libOpenNI2.dylib
0x000000011c505000 	/Users/smoeller/Documents/Processing/libraries/SimpleOpenNI/library/./osx/libNiTE2.dylib
0x000000011ca09000 	/Users/smoeller/Documents/Processing/libraries/SimpleOpenNI/library/osx/OpenNI2/Drivers/libFreenectDriver.0.4.0.dylib
0x000000011ca5c000 	/Users/smoeller/Documents/Processing/libraries/SimpleOpenNI/library/osx/OpenNI2/Drivers/./libusb-1.0.0.dylib
0x000000011cb74000 	/System/Library/Extensions/IOUSBFamily.kext/Contents/PlugIns/IOUSBLib.bundle/Contents/MacOS/IOUSBLib
0x000000011cb89000 	/Users/smoeller/Documents/Processing/libraries/SimpleOpenNI/library/osx/OpenNI2/Drivers/libFreenectDriver.dylib
0x000000011cba3000 	/Users/smoeller/Documents/Processing/libraries/SimpleOpenNI/library/osx/OpenNI2/Drivers/./libfreenect.0.1.2.dylib
0x000000011cc37000 	/Users/smoeller/Documents/Processing/libraries/SimpleOpenNI/library/osx/OpenNI2/Drivers/libOniFile.dylib
0x000000011ccb0000 	/Users/smoeller/Documents/Processing/libraries/SimpleOpenNI/library/osx/OpenNI2/Drivers/libPS1080.dylib
0x000000011cd99000 	/opt/local/lib/libusb-1.0.0.dylib
0x0000000110842000 	/Users/smoeller/Documents/Processing/libraries/SimpleOpenNI/library/osx/OpenNI2/Drivers/libPSLink.dylib

VM Arguments:
jvm_args: -agentlib:jdwp=transport=dt_socket,address=8103,server=y,suspend=y -Djava.library.path=:/Users/smoeller/Documents/Processing/libraries/SimpleOpenNI/library::/Users/smoeller/Desktop/Processing.app/Contents/Java:/Users/smoeller/Desktop/Processing.app/Contents/MacOS -ea 
java_command: processing.core.PApplet --external --display=0 User3d --sketch-path=/Users/smoeller/Desktop/User3d
Launcher Type: SUN_STANDARD

Environment Variables:
PATH=/usr/bin:/bin:/usr/sbin:/sbin
SHELL=/bin/bash
DISPLAY=/tmp/launch-m8dkma/org.macosforge.xquartz:0

Signal Handlers:
SIGSEGV: [libjvm.dylib+0x525425], sa_mask[0]=0xfffefeff, sa_flags=0x00000043
SIGBUS: [libjvm.dylib+0x525425], sa_mask[0]=0xfffefeff, sa_flags=0x00000042
SIGFPE: [libjvm.dylib+0x41892a], sa_mask[0]=0xfffefeff, sa_flags=0x00000042
SIGPIPE: [libjvm.dylib+0x41892a], sa_mask[0]=0xfffefeff, sa_flags=0x00000042
SIGXFSZ: [libjvm.dylib+0x41892a], sa_mask[0]=0xfffefeff, sa_flags=0x00000042
SIGILL: [libjvm.dylib+0x41892a], sa_mask[0]=0xfffefeff, sa_flags=0x00000042
SIGUSR1: SIG_DFL, sa_mask[0]=0x00000000, sa_flags=0x00000002
SIGUSR2: [libjvm.dylib+0x41841c], sa_mask[0]=0x00000004, sa_flags=0x00000042
SIGHUP: [libjvm.dylib+0x4166ab], sa_mask[0]=0xfffefeff, sa_flags=0x00000042
SIGINT: [libjvm.dylib+0x4166ab], sa_mask[0]=0xfffefeff, sa_flags=0x00000042
SIGTERM: [libjvm.dylib+0x4166ab], sa_mask[0]=0xfffefeff, sa_flags=0x00000042
SIGQUIT: [libjvm.dylib+0x4166ab], sa_mask[0]=0xfffefeff, sa_flags=0x00000042


---------------  S Y S T E M  ---------------

OS:Bsduname:Darwin 13.0.0 Darwin Kernel Version 13.0.0: Thu Sep 19 22:22:27 PDT 2013; root:xnu-2422.1.72~6/RELEASE_X86_64 x86_64
rlimit: STACK 8192k, CORE 0k, NPROC 709, NOFILE 10240, AS infinity
load average:1.43 1.59 1.57

CPU:total 4 (2 cores per cpu, 2 threads per core) family 6 model 58 stepping 9, cmov, cx8, fxsr, mmx, sse, sse2, sse3, ssse3, sse4.1, sse4.2, popcnt, avx, aes, erms, ht, tsc, tscinvbit, tscinv

Memory: 4k page, physical 16777216k(4194304k free)

/proc/meminfo:


vm_info: Java HotSpot(TM) 64-Bit Server VM (24.51-b03) for bsd-amd64 JRE (1.7.0_51-b13), built on Dec 18 2013 18:45:56 by "java_re" with gcc 4.2.1 (Based on Apple Inc. build 5658) (LLVM build 2336.11.00)

time: Mon Feb 24 16:14:49 2014
elapsed time: 15 seconds

